Iteration	Posterior	Likelihood	Prior	rate_log_sd	rate_neo	tree_length
0	-3865.097	-4010.409	145.3117	0.7883986	0.5347385	5.922842
6	-3872.692	-4017.987	145.295	0.7979956	0.5252773	5.934924
12	-3870.382	-4014.944	144.5613	0.8055011	0.6446461	6.234048
18	-3877.386	-4020.393	143.0073	0.740637	0.5333166	7.197478
24	-3875.413	-4019.989	144.5754	0.7239664	0.4148694	6.470455
30	-3869.552	-4014.739	145.1869	0.7767123	0.5702728	5.967452
36	-3869.401	-4014.506	145.1057	0.7795518	0.6239491	5.967452
42	-3865.662	-4011.534	145.8722	0.9479641	0.4856747	5.572287
48	-3873.192	-4017.468	144.276	0.7512411	0.5334393	6.507353
54	-3870.479	-4016.38	145.901	0.8286457	0.3782924	5.730007
60	-3878.384	-4024.22	145.8367	0.9266752	0.4763589	5.612204
66	-3874.49	-4021.173	146.6829	0.8923737	0.4763589	5.164668
72	-3876.702	-4022.87	146.1675	0.7861042	0.5279385	5.460849
78	-3872.815	-4019.869	147.054	0.9026866	0.4428645	4.985685
84	-3886.443	-4033.479	147.0363	0.9026866	0.4528103	4.985685
90	-3874.516	-4021.787	147.2711	0.9955946	0.4528103	4.803174
96	-3868.931	-4016.273	147.3418	0.8800578	0.422637	4.85869
102	-3867.838	-4013.374	145.5357	0.8857958	0.368797	5.909039
108	-3877.432	-4023.009	145.5763	0.8451604	0.368797	5.909039
114	-3875.96	-4022.133	146.1732	0.8292171	0.368797	5.590907
120	-3872.426	-4017.728	145.3027	0.829998	0.5366957	5.903367
126	-3871.117	-4016.904	145.7868	0.829998	0.4961322	5.674315
132	-3870.098	-4015.057	144.9595	0.7615886	0.4885089	6.17042
138	-3870.647	-4016.29	145.6423	0.7437449	0.4474956	5.846508
144	-3873.318	-4018.318	145.0003	0.753822	0.4469084	6.191668
150	-3875.799	-4020.657	144.8584	0.7785729	0.5158725	6.191668
156	-3879.201	-4025.221	146.0197	0.8655595	0.4018661	5.619306
162	-3874.222	-4020.3	146.078	0.7706637	0.4551931	5.585514
168	-3882.223	-4028.33	146.1078	0.8659629	0.3880212	5.585514
174	-3882.71	-4029.264	146.5547	0.8514822	0.4618766	5.272016
180	-3886.733	-4032.675	145.9417	0.8408894	0.4279082	5.648785
186	-3876.661	-4021.725	145.0637	0.8085054	0.5107446	6.068155
192	-3884.043	-4031.039	146.996	0.9402766	0.4662905	4.974067
198	-3875.476	-4022.646	147.1702	0.9676727	0.4662905	4.861818
204	-3875.645	-4020.974	145.3293	0.8306768	0.3823751	6.036818
210	-3877.662	-4024.077	146.4146	0.8744116	0.4671754	5.331613
216	-3870.58	-4017.484	146.9039	0.833818	0.4182634	5.132226
222	-3873.127	-4017.805	144.6774	0.804722	0.4769621	6.310985
228	-3876.372	-4022.561	146.1887	0.7347882	0.4783315	5.52236
234	-3884.964	-4029.695	144.7306	0.6918786	0.364588	6.457228
240	-3885.377	-4032.144	146.7673	0.7753188	0.4829136	5.176574
246	-3888.78	-4032.682	143.9026	0.8286955	0.5540443	6.650086
252	-3878.859	-4023.833	144.9737	0.8286955	0.5311072	6.088362
258	-3885.921	-4031.803	145.882	0.8746609	0.5139025	5.581531
264	-3876.776	-4023.163	146.3864	0.7941648	0.3953398	5.463967
270	-3875.914	-4022.107	146.1931	0.8418845	0.4970863	5.443678
276	-3874.693	-4021.578	146.8849	0.9102839	0.4970863	5.023407
282	-3871.526	-4017.836	146.3108	0.8832183	0.4671201	5.384072
288	-3874.545	-4021.771	147.2256	1.033822	0.4445248	4.815462
294	-3873.76	-4020.224	146.4635	0.8782862	0.5039269	5.268217
300	-3869.437	-4013.739	144.3026	0.7621877	0.4062519	6.60628
306	-3868.913	-4014.425	145.5122	0.8475597	0.4080114	5.900618
312	-3871.84	-4017.554	145.7141	0.8414401	0.3570686	5.848989
318	-3864.444	-4010.519	146.0758	0.9617624	0.3582339	5.583501
324	-3871.026	-4016.165	145.1392	0.8182425	0.3839258	6.145489
330	-3865.088	-4010.912	145.8242	0.7862163	0.4262074	5.7449
336	-3867.073	-4013.866	146.7926	0.9249248	0.3409153	5.229009
342	-3865.024	-4011.917	146.893	0.9818221	0.4803896	4.994746
348	-3869.666	-4017.961	148.2956	1.011862	0.3871456	4.287267
354	-3863.682	-4011.494	147.8115	1.012134	0.5320866	4.416436
360	-3868.263	-4016.089	147.826	0.8507755	0.4153582	4.611985
366	-3865.407	-4012.134	146.7263	0.9311642	0.4153582	5.179682
372	-3875.514	-4024.043	148.5293	0.9636682	0.526641	4.041766
378	-3872.326	-4019.358	147.0319	0.9622929	0.5159405	4.895533
384	-3883.31	-4029.184	145.8742	0.9044537	0.4127073	5.666518
390	-3873.519	-4021.418	147.8997	1.015727	0.4119775	4.481475
396	-3869.992	-4017.459	147.4668	0.9244199	0.3777654	4.812478
402	-3875.87	-4022.544	146.6746	0.8996646	0.5037015	5.139853
408	-3877.023	-4024.525	147.5011	0.8940716	0.415584	4.769332
414	-3860.576	-4006.247	145.6708	0.8857799	0.4497106	5.751031
420	-3863.29	-4009.901	146.6108	0.8599942	0.3713412	5.330258
426	-3878.597	-4023.21	144.6135	0.9271107	0.3474575	6.412517
432	-3876.676	-4020.978	144.3019	0.7994841	0.4401157	6.552444
438	-3878.283	-4024.11	145.8272	0.8130353	0.5257121	5.635028
444	-3891.398	-4035.358	143.9597	0.9244104	0.4265519	6.683348
450	-3873.211	-4017.678	144.4666	0.8100786	0.4019016	6.496073
456	-3885.109	-4029.954	144.8446	0.8888061	0.4689376	6.181888
462	-3873.238	-4019.739	146.5005	0.8117023	0.4705105	5.315672
468	-3865.23	-4011.639	146.4084	0.9034216	0.4293467	5.356284
474	-3864.354	-4011.945	147.5914	0.8697959	0.4293467	4.71816
480	-3865.925	-4012.135	146.2103	0.8793256	0.3820617	5.528356
486	-3863.386	-4010.689	147.3027	1.05597	0.518301	4.689967
492	-3866.43	-4013.804	147.3741	1.011351	0.4259458	4.763977
498	-3868.74	-4015.37	146.6303	0.9629746	0.4092525	5.221575
504	-3868.196	-4015.131	146.9351	1.039023	0.3752348	5.047399
510	-3865.468	-4012.751	147.2824	0.969336	0.4161787	4.84877
516	-3865.149	-4012.328	147.1789	0.9124012	0.3887181	4.967425
522	-3870.972	-4018.076	147.1043	0.8832561	0.5620135	4.858984
528	-3874.28	-4021.354	147.0737	0.9839161	0.3932928	4.98115
534	-3872.558	-4018.522	145.9642	0.8039365	0.4710061	5.614635
540	-3884.876	-4030.828	145.9517	0.7853998	0.4892245	5.614635
546	-3872.31	-4018.51	146.1999	0.9123838	0.439755	5.455758
552	-3875.084	-4021.136	146.052	0.8425699	0.439755	5.575461
558	-3876.769	-4022.132	145.3629	0.8716258	0.4782485	5.89998
564	-3866.732	-4013.3	146.5675	0.8937937	0.471308	5.232529
570	-3873.006	-4018.71	145.7034	0.8822224	0.4892652	5.697709
576	-3866.15	-4011.475	145.3252	0.8822224	0.5029236	5.89219
582	-3866.262	-4011.698	145.4356	0.6875122	0.5029236	5.938244
588	-3862.409	-4006.88	144.4708	0.7402477	0.5343023	6.406969
594	-3862.597	-4007.39	144.793	0.7495291	0.4743594	6.280562
600	-3867.47	-4012.457	144.988	0.7985068	0.5373137	6.091666
606	-3863.9	-4011.884	147.9844	0.9857232	0.4249479	4.437021
612	-3856.149	-4003.168	147.0191	0.9169236	0.420224	5.020205
618	-3857.724	-4004.984	147.2601	0.8706438	0.4834464	4.849446
624	-3861.676	-4008.628	146.952	0.8741782	0.4053542	5.096714
630	-3877.317	-4022.543	145.2255	0.8679065	0.5864436	5.883384
636	-3868.923	-4015.362	146.439	0.856903	0.4646588	5.330217
642	-3877.166	-4025.638	148.4725	1.052928	0.4274428	4.120034
648	-3885.546	-4034.367	148.8213	1.156418	0.4176778	3.871874
654	-3876.928	-4025.888	148.9598	1.141109	0.3552923	3.871874
660	-3872.427	-4021.771	149.3445	1.141109	0.3665444	3.636542
666	-3881.021	-4029.995	148.9744	1.153874	0.4186664	3.78425
672	-3880.304	-4027.472	147.1686	0.9179391	0.3839553	4.97528
678	-3885.689	-4031.916	146.2275	0.9710161	0.5239848	5.329384
684	-3870.149	-4016.544	146.395	0.8991481	0.4395539	5.35576
690	-3867.434	-4013.199	145.7647	0.8410014	0.4395539	5.734112
696	-3877.048	-4023.203	146.1552	0.8654931	0.503852	5.445367
702	-3883.132	-4028.02	144.8871	0.810905	0.4647626	6.205083
708	-3873.331	-4020.365	147.0345	1.01106	0.4647626	4.914755
714	-3870.675	-4018.349	147.6743	0.975356	0.4647626	4.577127
720	-3878.298	-4026.7	148.4019	1.119887	0.4419955	4.10699
726	-3874.508	-4022.376	147.868	0.9528964	0.4393205	4.506227
732	-3871.89	-4017.075	145.1857	0.8342487	0.4393205	6.054361
738	-3864.392	-4011.075	146.6829	0.8979211	0.4532962	5.183812
744	-3870.922	-4017.679	146.7571	0.9454399	0.3880431	5.183812
750	-3869.505	-4016.238	146.7329	0.9335874	0.406665	5.183812
756	-3873.503	-4020.086	146.5835	0.8432171	0.5463444	5.183812
762	-3883.99	-4031.197	147.2071	1.084184	0.5374147	4.710612
768	-3874.716	-4022.772	148.055	1.096401	0.4721647	4.287074
774	-3881.047	-4028.614	147.567	1.096401	0.6197785	4.43267
780	-3884.951	-4031.365	146.4147	1.054874	0.6012782	5.114412
786	-3881.404	-4028.637	147.2334	0.99479	0.5354334	4.747657
792	-3879.933	-4026.521	146.5885	0.9372817	0.3601477	5.312558
798	-3875.082	-4020.257	145.1747	0.9460706	0.4085293	6.03054
804	-3877.914	-4023.292	145.3775	0.8758345	0.4708133	5.89667
810	-3869.285	-4014.762	145.4765	0.847621	0.4612091	5.867102
816	-3870.393	-4016.536	146.1429	0.9106281	0.5048319	5.42642
822	-3864.703	-4009.332	144.6285	0.7555876	0.5522181	6.297906
828	-3859.276	-4003.949	144.6733	0.8007644	0.4959869	6.297906
834	-3865.121	-4012.559	147.4384	0.8954784	0.3533163	4.872359
840	-3868.086	-4012.949	144.8632	0.8258044	0.6015374	6.091955
846	-3878.948	-4026.354	147.4064	0.8744587	0.5626947	4.694626
852	-3871.549	-4018.384	146.835	0.8380723	0.4769384	5.109947
858	-3877.9	-4024.313	146.4124	0.8223648	0.3625632	5.470194
864	-3874.628	-4022.485	147.8572	0.9747428	0.4462744	4.492987
870	-3879.338	-4026.693	147.3551	1.062638	0.4630505	4.708703
876	-3865.72	-4013.404	147.6843	1.029747	0.4146832	4.591793
882	-3862.044	-4009.618	147.5736	1.023228	0.3709862	4.705255
888	-3870.958	-4018.071	147.1129	0.880968	0.4591619	4.948946
894	-3875.57	-4022.815	147.2455	0.9187151	0.4528613	4.860283
900	-3877.296	-4022.626	145.3294	0.8094923	0.6187242	5.832936
906	-3877.252	-4022.739	145.4869	0.732947	0.5636409	5.832936
912	-3866.385	-4012.918	146.533	0.9492975	0.4653513	5.226632
918	-3876.056	-4022.082	146.0262	0.7761237	0.4772788	5.589924
924	-3876.942	-4023.06	146.1172	0.9193971	0.642001	5.321923
930	-3868.499	-4016.048	147.5485	1.00739	0.4367516	4.657579
936	-3872.485	-4019.939	147.4542	0.9876761	0.4133456	4.745589
942	-3869.535	-4017.678	148.1427	0.990218	0.5463153	4.228948
948	-3872.163	-4020.408	148.2452	0.9960608	0.4796471	4.228948
954	-3876.043	-4022.34	146.2974	0.9960608	0.5044556	5.294458
960	-3873.913	-4020.222	146.3093	1.001224	0.4721114	5.315071
966	-3876.153	-4022.058	145.9052	0.9193782	0.4621088	5.592114
972	-3865.347	-4010.571	145.2237	0.8189305	0.5057425	5.979648
978	-3876.839	-4023.122	146.2831	0.8365471	0.3439346	5.554936
984	-3875.164	-4021.385	146.2209	0.7942288	0.3953601	5.554936
990	-3872.052	-4019.161	147.1094	0.9009507	0.5062955	4.895319
996	-3885.517	-4033.721	148.2038	0.9158069	0.4726691	4.304614
1002	-3872.456	-4019.68	147.2238	0.9158069	0.4685167	4.858707
1008	-3874.943	-4021.22	146.2765	0.8912912	0.5168402	5.352647
1014	-3866.784	-4014.009	147.2245	0.8445931	0.5168402	4.852995
1020	-3867.602	-4013.89	146.2879	0.8470656	0.489464	5.395611
1026	-3866.304	-4013.176	146.8724	0.8305048	0.3655714	5.208536
1032	-3871.595	-4018.22	146.625	0.9078511	0.4738628	5.190543
1038	-3870.078	-4016.545	146.4673	0.9078511	0.4544406	5.296398
1044	-3863.257	-4009.652	146.3951	0.8496774	0.4244378	5.398192
1050	-3866.686	-4013.711	147.025	0.8266964	0.4698421	5.017617
1056	-3865.482	-4011.058	145.5761	0.852201	0.4698421	5.80196
1062	-3869.018	-4015.515	146.4968	0.8524155	0.5120805	5.25679
1068	-3875.466	-4021.072	145.6056	0.8524155	0.3654253	5.892821
1074	-3880.798	-4027.195	146.3974	0.9314194	0.492655	5.285745
1080	-3879.043	-4025.683	146.6399	0.8582677	0.3982643	5.285745
1086	-3874.675	-4020.674	145.9987	0.8829415	0.4006706	5.622565
1092	-3867.318	-4013.889	146.5709	0.8764287	0.4328689	5.277935
1098	-3882.214	-4028.342	146.1282	0.8950416	0.5190723	5.43036
1104	-3868.812	-4015.143	146.3311	0.9319278	0.4363616	5.376086
1110	-3862.104	-4007.868	145.7639	0.9033119	0.6418116	5.525478
1116	-3868.8	-4013.702	144.9015	0.8444391	0.3597797	6.287099
1122	-3865.859	-4011.112	145.2534	0.8299412	0.4012134	6.058518
1128	-3866.353	-4010.731	144.3781	0.6825537	0.5214421	6.499615
1134	-3886.029	-4030.071	144.0422	0.6926069	0.3597234	6.834423
1140	-3873.294	-4018.526	145.2325	0.7372348	0.4946206	6.029459
1146	-3871.386	-4018.036	146.6494	0.7822827	0.4922394	5.229267
1152	-3872.942	-4019.777	146.835	0.7685365	0.3966115	5.229267
1158	-3871.895	-4018.369	146.474	0.8327076	0.4188541	5.369819
1164	-3866.524	-4012.145	145.6216	0.8342108	0.4805337	5.776839
1170	-3871.476	-4017.017	145.541	0.8107317	0.529737	5.789596
1176	-3868.81	-4014.533	145.7227	0.9177835	0.5677357	5.599065
1182	-3870.621	-4016.73	146.1087	0.8374766	0.3894873	5.599065
1188	-3867.796	-4013.745	145.9494	0.7426671	0.5120234	5.618681
1194	-3867.433	-4014.773	147.3402	0.9438719	0.5120234	4.737369
1200	-3865.046	-4011.506	146.4597	0.8047541	0.4054172	5.407094
1206	-3866.907	-4012.911	146.0037	0.8047541	0.5340858	5.535328
1212	-3862.278	-4007.699	145.421	0.7951783	0.4820253	5.90653
1218	-3859.786	-4005.683	145.8978	0.8438363	0.5414139	5.56573
1224	-3862.376	-4008.401	146.0248	0.8007255	0.4896129	5.56573
1230	-3868.835	-4016.207	147.3725	0.9215344	0.4170793	4.824237
1236	-3873.17	-4019.568	146.3973	0.8538939	0.47198	5.347906
1242	-3868.948	-4015.383	146.4351	0.9170174	0.5139166	5.253512
1248	-3866.858	-4012.448	145.59	0.9212231	0.3829581	5.844469
1254	-3861.104	-4007.191	146.0869	0.8613679	0.5255504	5.465916
1260	-3867.287	-4013.585	146.2978	0.9947975	0.3387851	5.465916
1266	-3866.036	-4012.214	146.1779	0.8864814	0.5165863	5.409873
1272	-3868.209	-4013.529	145.32	0.7983162	0.3754821	6.067081
1278	-3868.066	-4013.684	145.6181	0.8920173	0.5877905	5.654178
1284	-3870.816	-4017.833	147.0172	0.8981202	0.5945116	4.872195
1290	-3870.619	-4018.543	147.924	0.9365807	0.3734221	4.554656
1296	-3874.18	-4022.13	147.9498	1.000372	0.551924	4.327488
1302	-3863.559	-4011.678	148.1182	0.9729447	0.4656905	4.327488
1308	-3862.275	-4009.002	146.7274	0.8709944	0.4717577	5.156231
1314	-3870.955	-4016.288	145.3332	0.7961687	0.5025654	5.935155
1320	-3865.275	-4010.849	145.5736	0.8285529	0.4375722	5.847454
1326	-3868.793	-4015.064	146.2713	0.962938	0.6311149	5.221114
1332	-3866.493	-4013.451	146.9585	0.8931214	0.5930379	4.908869
1338	-3866.849	-4013.425	146.5767	0.9539094	0.4697116	5.195698
1344	-3878.936	-4026.089	147.1536	0.9201754	0.495352	4.870041
1350	-3859.207	-4005.886	146.6791	0.88738	0.4357347	5.209179
1356	-3871.903	-4019.286	147.3831	0.9803415	0.3807305	4.824698
1362	-3872.416	-4019.741	147.3245	0.9231651	0.5358178	4.736419
1368	-3869.366	-4016.487	147.1212	0.9685669	0.4681013	4.886916
1374	-3871.176	-4018.634	147.4573	1.002833	0.490271	4.658947
1380	-3874.656	-4021.302	146.6455	0.8778399	0.3834784	5.287856
1386	-3868.175	-4014.808	146.633	0.8177121	0.4212632	5.287856
1392	-3874.638	-4019.874	145.2363	0.7889296	0.52262	5.974246
1398	-3880.042	-4025.906	145.8636	0.7444222	0.4774128	5.696402
1404	-3877.036	-4022.857	145.8203	0.7769934	0.6785929	5.536458
1410	-3869.136	-4015.928	146.7925	0.8438148	0.7052832	4.942713
1416	-3873.944	-4021.475	147.5315	0.9434773	0.5186333	4.624486
1422	-3881.493	-4028.777	147.2842	0.9643804	0.6632607	4.631922
1428	-3880.532	-4029.115	148.5837	0.9820832	0.4336333	4.090569
1434	-3872.609	-4020.634	148.0246	1.102925	0.5424102	4.235419
1440	-3868.162	-4016.841	148.6786	1.102925	0.5662241	3.841256
1446	-3868.908	-4016.272	147.3644	1.021611	0.3606093	4.834859
1452	-3864.563	-4011.718	147.1548	0.9673466	0.5042687	4.834859
1458	-3867.553	-4014.004	146.451	0.8889366	0.5542774	5.225012
1464	-3864.438	-4008.932	144.4938	0.7983273	0.5238184	6.372026
1470	-3859.519	-4004.862	145.3429	0.728972	0.516539	5.954088
1476	-3873.489	-4018.896	145.4073	0.8055641	0.5849985	5.819238
1482	-3874.668	-4020.089	145.4207	0.8993829	0.5439578	5.794692
1488	-3868.774	-4015.701	146.9267	0.823944	0.5745897	4.980275
1494	-3860.49	-4007.287	146.7969	0.8936543	0.4375576	5.138674
1500	-3864.858	-4012.214	147.3567	1.000896	0.3463082	4.867382
1506	-3862.794	-4010.333	147.5386	0.9064851	0.4642799	4.692206
1512	-3865.772	-4012.263	146.4902	0.9064851	0.5414201	5.204671
1518	-3866.064	-4012.691	146.6273	0.8042265	0.4818562	5.239025
1524	-3869.684	-4016.439	146.7548	0.8597212	0.5190587	5.103714
1530	-3870.47	-4017.353	146.8833	0.9339135	0.4034302	5.103714
1536	-3861.898	-4007.513	145.6155	0.7600009	0.4699322	5.830727
1542	-3865.27	-4010.73	145.4604	0.7789165	0.412205	5.962052
1548	-3870.84	-4015.838	144.9981	0.8857766	0.4810518	6.088668
1554	-3861.446	-4007.46	146.0146	0.919184	0.4361741	5.557487
1560	-3859.36	-4006.349	146.9893	0.9069093	0.4967923	4.967556
1566	-3866.144	-4013.247	147.1025	0.9959082	0.522516	4.831556
1572	-3861.267	-4006.52	145.2521	0.9771822	0.5511786	5.838238
1578	-3868.512	-4016.728	148.2163	1.065123	0.5642623	4.128907
1584	-3871.811	-4018.059	146.248	0.8634167	0.5026666	5.396505
1590	-3875.688	-4021.181	145.4936	0.8634167	0.5452366	5.773384
1596	-3874.51	-4019.997	145.4866	0.8315963	0.5105818	5.824778
1602	-3884.437	-4030.152	145.7147	0.8900198	0.3546994	5.824778
1608	-3894.164	-4040.022	145.858	0.8700166	0.3826967	5.72607
1614	-3869.26	-4016.608	147.3485	0.855688	0.428533	4.862462
1620	-3873.861	-4020.674	146.8131	0.8901313	0.4666726	5.10303
1626	-3879.468	-4025.079	145.6111	0.7199089	0.4666726	5.858125
1632	-3880.794	-4026.374	145.5798	0.7398166	0.4186219	5.911641
1638	-3882.763	-4028.061	145.2976	0.9066599	0.4870245	5.908399
1644	-3889.252	-4035.898	146.6458	0.8987431	0.7125215	4.988547
1650	-3880.649	-4025.887	145.2379	0.7786655	0.453403	6.042493
1656	-3877.278	-4022.447	145.1691	0.7779783	0.4440671	6.089444
1662	-3880.035	-4026.015	145.9801	0.9371853	0.5126619	5.494356
1668	-3875.21	-4022.292	147.0822	0.8676218	0.4652583	4.967539
1674	-3871.491	-4017.912	146.4215	0.8676218	0.4541651	5.344101
1680	-3873.927	-4020.279	146.3517	0.936659	0.454642	5.344101
1686	-3877.997	-4024.98	146.9828	0.927226	0.6091878	4.863285
1692	-3875.509	-4021.864	146.3548	0.8915485	0.4431268	5.378554
1698	-3868.823	-4015.665	146.8421	0.8904987	0.5499396	5.011147
1704	-3865.73	-4011.262	145.5322	0.8904987	0.430354	5.843424
1710	-3862.861	-4008.305	145.4444	0.8876814	0.4817713	5.843424
1716	-3866.009	-4011.566	145.5566	0.9362094	0.3849993	5.852288
1722	-3868.557	-4014.586	146.0286	0.846136	0.409345	5.617287
1728	-3866.578	-4013.188	146.6098	0.8756386	0.3810342	5.311422
1734	-3873.091	-4018.602	145.5108	0.928203	0.4308198	5.834052
1740	-3875.836	-4021.946	146.1105	0.8766296	0.6293985	5.358897
1746	-3870.546	-4015.436	144.8898	0.7481596	0.4887017	6.21549
1752	-3877.07	-4021.712	144.6421	0.6901444	0.5354964	6.340194
1758	-3879.905	-4026.672	146.7672	0.818154	0.433802	5.20067
1764	-3875.89	-4021.914	146.0247	0.9492679	0.5998653	5.389424
1770	-3872.197	-4020.246	148.0486	1.004606	0.4433952	4.371185
1776	-3872.985	-4019.887	146.9018	0.9788644	0.5557522	4.923839
1782	-3875.059	-4022.156	147.0975	1.005245	0.4237925	4.923839
1788	-3877.229	-4024.069	146.8401	0.9038621	0.4207617	5.126197
1794	-3874.154	-4020.579	146.4249	0.9038621	0.4404816	5.33575
1800	-3881.118	-4027.46	146.3422	0.8678877	0.5096742	5.33575
1806	-3873.234	-4019.478	146.2443	0.9088867	0.4154191	5.457945
1812	-3876.193	-4021.277	145.0837	0.7889313	0.4085496	6.165652
1818	-3868.77	-4013.426	144.6562	0.8909657	0.4085496	6.342497
1824	-3869.464	-4015.869	146.4045	0.8909657	0.4085496	5.386715
1830	-3871.12	-4016.949	145.8285	0.7621877	0.3794758	5.80477
1836	-3880.186	-4025.618	145.4326	0.8399569	0.4223579	5.933517
1842	-3881.217	-4025.346	144.1289	0.7358734	0.4314038	6.689006
1848	-3877.783	-4023.593	145.8096	0.7358734	0.462956	5.744319
1854	-3877.245	-4022.42	145.1751	0.7726928	0.4782649	6.056419
1860	-3874.434	-4020.711	146.277	0.8815195	0.4399053	5.430163
1866	-3878.754	-4024.343	145.5895	0.7856595	0.4277989	5.871959
1872	-3863.106	-4010.697	147.5912	0.8884012	0.5156045	4.624643
1878	-3856.821	-4003.196	146.3749	0.8884012	0.5156045	5.301069
1884	-3865.591	-4012.02	146.4285	0.8884012	0.370475	5.416048
1890	-3868.97	-4015.31	146.3392	0.9262276	0.396466	5.416048
1896	-3859.422	-4005.313	145.8914	0.8636353	0.4813216	5.612122
1902	-3864.943	-4009.612	144.6688	0.8049414	0.4467757	6.344155
1908	-3872.893	-4017.459	144.5661	0.8575496	0.7290744	6.142539
1914	-3863.454	-4008.237	144.7824	0.6611293	0.4599921	6.347867
1920	-3874.099	-4018.774	144.6748	0.9600333	0.3924105	6.311816
1926	-3877.893	-4024.618	146.7245	0.8361801	0.3687203	5.283566
1932	-3863.318	-4009.879	146.5613	0.8447726	0.5695892	5.17553
1938	-3867.43	-4013.848	146.4181	0.8128819	0.5710132	5.271178
1944	-3859.947	-4006.353	146.4061	0.8976442	0.524114	5.271178
1950	-3867.426	-4014.051	146.6245	0.9637154	0.4579215	5.175201
1956	-3864.934	-4012.885	147.9513	1.023332	0.4860709	4.373638
1962	-3880.361	-4028.321	147.9608	1.182916	0.4985693	4.266223
1968	-3869.514	-4017.532	148.0179	1.052598	0.4985693	4.30764
1974	-3863.755	-4011.348	147.5928	1.067846	0.4702506	4.565582
1980	-3872.392	-4020.027	147.6347	0.9634752	0.4049673	4.667064
1986	-3874.012	-4021.322	147.3102	0.973088	0.3677375	4.883964
1992	-3880.844	-4027.301	146.4567	0.9609405	0.5956907	5.1477
1998	-3882.613	-4029.556	146.9425	0.8978188	0.3887872	5.106664
2004	-3879.97	-4025.888	145.9178	0.8224494	0.5636213	5.547663
2010	-3877.946	-4023.728	145.7825	0.9249665	0.5855148	5.547663
2016	-3878.47	-4025.403	146.9328	0.8671337	0.5064061	5.012244
2022	-3873.725	-4019.611	145.8859	0.903642	0.5407852	5.539944
2028	-3876.235	-4022.196	145.9607	0.945365	0.4698832	5.539944
2034	-3887.598	-4031.923	144.3249	0.8227417	0.4152235	6.552261
2040	-3885.157	-4030.62	145.4632	0.878407	0.4862973	5.834005
2046	-3869.185	-4015.431	146.2464	0.878407	0.44839	5.440322
2052	-3868.785	-4015.312	146.5273	0.9079764	0.464808	5.253114
2058	-3870.132	-4016.807	146.675	0.9079764	0.5591534	5.086317
2064	-3875.763	-4022.342	146.5793	0.9903302	0.567905	5.086317
2070	-3873.778	-4020.947	147.1681	0.9540574	0.5024225	4.836532
2076	-3868.252	-4016.022	147.7704	1.055408	0.5024225	4.442172
2082	-3869.002	-4016.822	147.8199	1.055408	0.3883025	4.529687
2088	-3874.278	-4021.392	147.1139	0.9302568	0.3935514	4.988381
2094	-3879.785	-4027.161	147.3757	0.9790877	0.4379938	4.768818
2100	-3880.559	-4026.965	146.4052	0.8972015	0.4726431	5.319042
2106	-3877.348	-4025.134	147.7859	1.062997	0.4263108	4.503842
2112	-3875.85	-4021.266	145.4162	0.8011751	0.4638182	5.922934
2118	-3879.293	-4024.919	145.6261	0.7942276	0.4609267	5.814788
2124	-3893.937	-4039.644	145.7067	0.8654324	0.3795924	5.814788
2130	-3888.697	-4033.572	144.8756	0.8950422	0.4271615	6.202183
2136	-3884.007	-4030.11	146.1029	0.9062966	0.4521909	5.500257
2142	-3877.32	-4022.057	144.737	0.7564721	0.4716049	6.30981
2148	-3876.363	-4021.561	145.1984	0.762919	0.4843721	6.043387
2154	-3879.19	-4025.434	146.2439	0.8594688	0.5254404	5.380575
2160	-3880.481	-4027.141	146.6603	0.9722446	0.4491861	5.159238
2166	-3871.741	-4017.758	146.0169	0.8653781	0.3955511	5.627664
2172	-3874.834	-4018.032	143.1979	0.7631561	0.4923508	7.118727
2178	-3867.706	-4012.697	144.9916	0.8438486	0.4234741	6.170653
2184	-3860.324	-4006.236	145.9121	0.8438486	0.4234741	5.667923
2190	-3875.591	-4021.494	145.9029	0.8812532	0.4084087	5.667923
2196	-3882.754	-4027.579	144.8254	0.7992716	0.4238275	6.284895
2202	-3866.19	-4010.938	144.7486	0.7992716	0.4663813	6.285151
2208	-3864.073	-4010.27	146.1974	0.8579608	0.5936401	5.349558
2214	-3864.394	-4010.454	146.0602	0.8817436	0.4366709	5.552514
2220	-3870.294	-4017.955	147.6609	1.064121	0.5102742	4.491716
2226	-3871.579	-4017.355	145.7763	0.870233	0.4753358	5.677216
2232	-3877.258	-4023.419	146.161	0.8352011	0.4974111	5.464732
2238	-3874.517	-4020.485	145.9673	0.9685369	0.4307914	5.561739
2244	-3872.978	-4020.719	147.7401	0.9669466	0.4527977	4.556674
2250	-3860.833	-4007.536	146.7031	0.9170366	0.4527977	5.162555
2256	-3858.483	-4005.175	146.6918	0.906735	0.5625248	5.074852
2262	-3860.323	-4008.066	147.7433	1.012077	0.4124703	4.570923
2268	-3859.016	-4007.168	148.1529	1.073748	0.3507411	4.374824
2274	-3864.925	-4012.772	147.8467	1.006587	0.3611619	4.572758
2280	-3857.791	-4005.613	147.8218	1.006587	0.3611619	4.586775
2286	-3870.329	-4015.815	145.4856	0.8516741	0.3799933	5.942728
2292	-3864.488	-4010.125	145.6367	0.8228693	0.3918251	5.863158
2298	-3864.996	-4011.592	146.5962	0.8758546	0.4420788	5.255039
2304	-3867.187	-4012.951	145.764	0.8425177	0.5094133	5.667956
2310	-3861.778	-4007.668	145.8897	0.8759349	0.4182023	5.667956
2316	-3866.402	-4011.556	145.1532	0.7811984	0.4437693	6.096611
2322	-3870.429	-4015.464	145.0352	0.7811984	0.3415956	6.269614
2328	-3869.13	-4015.081	145.9508	0.9447058	0.4872539	5.529423
2334	-3866.724	-4012.721	145.9968	0.8825089	0.3769448	5.64941
2340	-3877.765	-4022.099	144.3347	0.8825089	0.5432365	6.396053
2346	-3875.422	-4019.213	143.7911	0.7536796	0.5016671	6.795935
2352	-3880.285	-4026.058	145.7724	0.8450264	0.4237813	5.743475
2358	-3874.542	-4019.604	145.061	0.8948541	0.4186657	6.109948
2364	-3871.278	-4018.358	147.0799	0.947052	0.443923	4.945579
2370	-3873.262	-4021.757	148.4954	1.102103	0.4011381	4.107188
2376	-3872.545	-4021.089	148.5433	1.074089	0.5103827	3.985653
2382	-3875.738	-4024.204	148.4656	1.085263	0.5184205	4.0162
2388	-3882.437	-4029.772	147.335	0.9110127	0.4645446	4.803235
2394	-3873.044	-4019.388	146.3443	0.956684	0.4016743	5.390902
2400	-3871.638	-4017.648	146.0093	0.9682897	0.3909554	5.580229
2406	-3867.652	-4014.067	146.4148	0.8420187	0.4665442	5.349985
2412	-3867.364	-4013.762	146.3984	0.9191306	0.4324346	5.349985
2418	-3874.463	-4020.647	146.1836	0.9417835	0.4156708	5.472946
2424	-3866.013	-4012.311	146.2978	0.8767193	0.4038906	5.458225
2430	-3869.959	-4015.482	145.5226	0.7904478	0.5386938	5.803021
2436	-3862.044	-4007.142	145.0976	0.7779595	0.4484732	6.124068
2442	-3860.876	-4007.135	146.2585	0.8161878	0.54303	5.381089
2448	-3869.028	-4015.644	146.6157	0.8405336	0.4315767	5.274301
2454	-3865.938	-4011.984	146.0464	0.9162094	0.4976442	5.482995
2460	-3863.164	-4008.733	145.5683	0.8362107	0.4976442	5.78924
2466	-3870.528	-4017.512	146.9837	0.8353647	0.4483914	5.056648
2472	-3865.87	-4012.456	146.5862	0.8588613	0.376728	5.338495
2478	-3864.653	-4011.311	146.6578	0.8659352	0.4025614	5.267055
2484	-3866.494	-4013.085	146.5906	0.8659352	0.438629	5.267055
2490	-3872.335	-4015.965	143.6297	0.7883909	0.4942525	6.870905
2496	-3865.392	-4011.35	145.9586	0.8109515	0.524431	5.565173
2502	-3863.52	-4010.528	147.0079	0.8398378	0.5347007	4.960382
2508	-3864.579	-4011.082	146.5027	0.8795241	0.4577839	5.289237
2514	-3866.532	-4013.099	146.5667	0.9448079	0.3881563	5.289237
2520	-3868.258	-4014.635	146.3777	0.8851057	0.4222436	5.390504
2526	-3860.788	-4007.809	147.0215	0.8851057	0.4529607	5.003533
2532	-3870.999	-4016.307	145.308	0.7751067	0.4529607	6.006632
2538	-3869.85	-4015.16	145.3102	0.7410799	0.4259638	6.050591
2544	-3867.121	-4013.255	146.1342	0.7773702	0.424003	5.581941
2550	-3866.262	-4010.549	144.2868	0.7773702	0.4943622	6.521709
2556	-3872.176	-4017.841	145.6656	0.8424539	0.4512862	5.776055
2562	-3870.177	-4016.736	146.5592	0.8755838	0.3858424	5.334125
2568	-3882.41	-4028.582	146.1721	0.8406632	0.5099425	5.444256
2574	-3888.319	-4034.72	146.4016	0.7818762	0.4125306	5.444256
2580	-3884.463	-4030.559	146.0959	0.9093373	0.4146711	5.540045
2586	-3878.395	-4025.459	147.0648	0.9093373	0.4146711	5.004796
2592	-3876.459	-4021.194	144.7351	0.6348284	0.3973888	6.450276
2598	-3869.962	-4014.586	144.6242	0.8626806	0.392931	6.391569
2604	-3869.186	-4015.835	146.6491	0.9643336	0.4580209	5.161132
2610	-3868.366	-4015.837	147.4706	0.943426	0.3929955	4.782982
2616	-3870.534	-4017	146.4653	0.9884052	0.460976	5.24664
2622	-3865.545	-4014.188	148.6432	0.9884052	0.3794971	4.11189
2628	-3859.747	-4007.282	147.5357	1.056692	0.3888919	4.687755
2634	-3863.523	-4011.402	147.8785	0.907167	0.5568289	4.416069
2640	-3866.244	-4011.868	145.6235	0.8476263	0.4378491	5.809489
2646	-3870.138	-4014.801	144.6632	0.775007	0.4499795	6.360361
2652	-3868.421	-4013.699	145.2777	0.6646011	0.4261134	6.109807
2658	-3865.523	-4010.649	145.1269	0.7755619	0.4261134	6.131516
2664	-3870.389	-4014.824	144.4355	0.7769522	0.5206701	6.417986
2670	-3864.697	-4010.793	146.096	0.9510846	0.4227586	5.50875
2676	-3865.511	-4012.64	147.1287	0.9258977	0.5626947	4.820992
2682	-3863.337	-4011.109	147.7728	1.025386	0.4538582	4.504403
2688	-3862.738	-4010.916	148.1778	1.020158	0.4946807	4.239116
2694	-3877.636	-4024.497	146.8608	0.8965808	0.6009427	4.954887
2700	-3887.015	-4034.035	147.0201	0.8776938	0.5805876	4.893423
2706	-3882.889	-4028.042	145.1526	0.9401696	0.5874892	5.88289
2712	-3879.855	-4026.563	146.7081	0.896234	0.3490202	5.282047
2718	-3872.465	-4019.065	146.5997	0.9346645	0.3832107	5.282047
2724	-3860.743	-4007.049	146.3058	0.9095101	0.3856455	5.455264
2730	-3863.233	-4008.166	144.9326	0.7502574	0.3785856	6.30056
2736	-3864.857	-4011.116	146.2589	0.8058583	0.5880566	5.3489
2742	-3864.641	-4009.511	144.8699	0.7218758	0.4876444	6.241558
2748	-3873.106	-4019.353	146.2472	0.7996793	0.4876444	5.445791
2754	-3884.056	-4029.997	145.9409	0.8324329	0.4938106	5.590542
2760	-3887.696	-4033.527	145.8311	0.9162777	0.5095315	5.590542
2766	-3879.398	-4024.912	145.5143	0.77558	0.462001	5.885064
2772	-3884.118	-4030.649	146.5315	0.8903238	0.4144618	5.310868
2778	-3876.323	-4022.94	146.6172	0.8179845	0.4073954	5.310868
2784	-3872.502	-4019.177	146.6748	0.9672458	0.4330335	5.170094
2790	-3874.778	-4020.933	146.1557	0.8220887	0.4191107	5.550598
2796	-3878.33	-4024.289	145.9589	0.8533232	0.5143617	5.550598
2802	-3873.86	-4019.4	145.5407	0.9185901	0.4378689	5.815918
2808	-3875.91	-4021.21	145.3006	0.8925481	0.6025772	5.815918
2814	-3870.25	-4016.887	146.6371	0.8460296	0.4184994	5.272806
2820	-3859.858	-4006.202	146.3438	0.8460296	0.466769	5.386713
2826	-3867.747	-4014.554	146.8077	0.8372464	0.5052762	5.099253
2832	-3882.675	-4029.672	146.9969	0.8721242	0.3810488	5.099253
2838	-3876.008	-4021.781	145.7732	0.8116486	0.4602004	5.725437
2844	-3873.045	-4020.271	147.2263	0.9899801	0.633051	4.673298
2850	-3873.912	-4019.833	145.9204	0.9171038	0.5943393	5.469017
2856	-3871.968	-4018.827	146.8588	0.8558381	0.511538	5.054927
2862	-3876.672	-4025.26	148.5879	0.9718716	0.4226625	4.105467
2868	-3875.538	-4021.623	146.0853	0.9740272	0.7080121	5.260663
2874	-3878.534	-4025.459	146.9246	0.9740272	0.4944846	4.968335
2880	-3881.8	-4028.871	147.0709	0.9828274	0.4944846	4.882008
2886	-3869.387	-4016.949	147.5621	0.9828274	0.4905543	4.611137
2892	-3871.899	-4018.922	147.0226	0.9797524	0.5318638	4.876821
2898	-3879.396	-4024.567	145.1706	0.8677216	0.402646	6.081595
2904	-3880.513	-4025.308	144.7951	0.8567997	0.4603794	6.23428
2910	-3873.109	-4020.008	146.8991	0.8476967	0.4320823	5.113025
2916	-3869.652	-4014.457	144.805	0.8613306	0.391927	6.2952
2922	-3864.842	-4009.657	144.8151	0.8217895	0.4071835	6.2952
2928	-3864.032	-4008.803	144.7713	0.7453347	0.4796295	6.289733
2934	-3867.587	-4012.502	144.9148	0.7730315	0.3861149	6.289733
2940	-3869.796	-4013.998	144.2023	0.7884889	0.4145981	6.637737
2946	-3864.911	-4010.274	145.3628	0.961735	0.4552552	5.872613
2952	-3869.751	-4018.054	148.3032	0.961735	0.4756231	4.219396
2958	-3873.479	-4019.571	146.0913	1.103121	0.6889624	5.199669
2964	-3865.261	-4010.855	145.5943	0.8517499	0.5165923	5.7495
2970	-3862.531	-4008.964	146.4329	0.8793715	0.4299585	5.355389
2976	-3872.526	-4018.989	146.4631	1.066392	0.4299585	5.235473
2982	-3864.834	-4012.359	147.525	1.060523	0.4592599	4.618495
2988	-3870.061	-4016.093	146.0321	0.8822764	0.512622	5.496014
2994	-3872.652	-4018.365	145.7127	0.8676318	0.4392487	5.748292
3000	-3873.799	-4018.91	145.1109	0.8868521	0.4131337	6.092826
3006	-3876.148	-4022.939	146.791	0.9521615	0.3767867	5.173687
3012	-3874.302	-4021.868	147.5659	0.9252238	0.487895	4.643843
3018	-3882.665	-4028.064	145.3996	0.8642594	0.4131123	5.947752
3024	-3881.631	-4027.491	145.8601	1.010742	0.4569034	5.571719
3030	-3876.41	-4023.381	146.9713	0.9271096	0.4297498	5.03129
3036	-3878.954	-4025.858	146.9047	0.940681	0.4815875	5.009992
3042	-3876.823	-4023.847	147.0236	0.940681	0.4149767	5.009992
3048	-3877.205	-4023.08	145.8753	0.9560129	0.4269894	5.622986
3054	-3867.676	-4014.619	146.9421	0.8951891	0.4592213	5.035911
3060	-3871.619	-4018.773	147.1542	0.9812049	0.5928328	4.750758
3066	-3888.357	-4035.39	147.0337	0.9375233	0.4041136	5.017581
3072	-3883.604	-4029.671	146.067	0.9145851	0.4646663	5.503387
3078	-3890.529	-4035.352	144.8222	0.9151555	0.7199428	5.977868
3084	-3880.463	-4028.549	148.0858	1.145771	0.7040784	4.045778
3090	-3868.381	-4016.776	148.3953	1.00808	0.56744	4.056722
3096	-3864.763	-4011.042	146.2786	0.886672	0.4019761	5.465334
3102	-3879.917	-4024.352	144.4345	0.7347039	0.4019761	6.554192
3108	-3874.741	-4020.659	145.9182	0.8230304	0.4100418	5.689762
3114	-3865.461	-4011.492	146.0313	0.8087635	0.4493417	5.59595
3120	-3863.473	-4009.087	145.6149	0.8522192	0.5027319	5.750356
3126	-3859.143	-4005.393	146.2504	0.8341015	0.5028022	5.411184
3132	-3866.339	-4010.992	144.6525	0.7331326	0.450069	6.388752
3138	-3876.521	-4021.551	145.0295	0.8243124	0.4950319	6.092264
3144	-3873.016	-4017.681	144.6654	0.7442358	0.4181054	6.407377
3150	-3873.316	-4018.16	144.8441	0.8823758	0.4925575	6.163837
3156	-3879.279	-4025.162	145.8836	0.8603882	0.4925575	5.607787
3162	-3892.34	-4036.773	144.4332	0.8603882	0.4925575	6.39898
3168	-3883.122	-4028.545	145.4228	0.8954878	0.4463877	5.884629
3174	-3880.884	-4025.971	145.0873	0.7916182	0.4534085	6.117459
3180	-3878.875	-4024.344	145.4692	0.8308047	0.4369476	5.903892
3186	-3875.475	-4021.252	145.7765	0.9289773	0.4369476	5.682014
3192	-3882.861	-4027.964	145.1039	0.8322367	0.5292998	6.017003
3198	-3896.369	-4042.866	146.4965	0.888863	0.4806538	5.265652
3204	-3894.459	-4041.479	147.0204	0.888863	0.5025177	4.955005
3210	-3887.579	-4033.917	146.3377	0.8331775	0.4818531	5.382903
3216	-3893.428	-4039.202	145.774	0.8913169	0.5888614	5.568105
3222	-3890.111	-4036.722	146.611	0.9369698	0.4298277	5.225381
3228	-3876.998	-4024.097	147.0989	0.9653247	0.4348764	4.933964
3234	-3876.843	-4023.998	147.1546	0.9432533	0.5283825	4.826674
3240	-3876.397	-4021.895	145.4978	0.8033988	0.5331667	5.814271
3246	-3874.538	-4019.804	145.2667	0.7020052	0.3878667	6.135149
3252	-3869.986	-4014.937	144.951	0.7716286	0.5271993	6.135149
3258	-3872.471	-4017.907	145.4362	0.7716286	0.595782	5.813334
3264	-3878.788	-4023.944	145.1558	0.7479342	0.4375869	6.119392
3270	-3879.344	-4025.853	146.5091	0.8563362	0.4307495	5.325255
3276	-3872.92	-4019.325	146.4048	0.978107	0.4071085	5.340024
3282	-3877.869	-4023.979	146.1106	0.8517656	0.5162016	5.466388
3288	-3869.256	-4016.027	146.7713	0.8517656	0.5162016	5.10153
3294	-3873.048	-4019.63	146.5816	0.7986084	0.4135828	5.334695
3300	-3879.484	-4025.62	146.1353	0.8849658	0.4710931	5.475981
3306	-3871.801	-4018.284	146.483	0.82106	0.4270273	5.362903
3312	-3870.902	-4016.101	145.1992	0.845925	0.6409971	5.867125
3318	-3870.034	-4015.563	145.5288	0.7904043	0.5386442	5.7997
3324	-3880.187	-4025.749	145.562	0.8456655	0.530963	5.757929
3330	-3880.196	-4025.297	145.1011	0.8836013	0.4394513	6.07345
3336	-3877.377	-4024.491	147.1139	0.8961755	0.4245127	4.974645
3342	-3877.32	-4024.498	147.1784	1.041342	0.5133634	4.772088
3348	-3877.603	-4025.195	147.5917	0.9706588	0.4447195	4.645907
3354	-3871.198	-4017.932	146.7348	0.9706588	0.353406	5.221058
3360	-3883.024	-4029.525	146.5003	0.9975654	0.390643	5.294076
3366	-3873.735	-4021.074	147.3383	1.020072	0.427572	4.777441
3372	-3882.442	-4028.861	146.419	0.8358554	0.4611997	5.356226
3378	-3882.002	-4028.552	146.5502	0.9063381	0.4183055	5.28771
3384	-3873.42	-4019.816	146.3956	0.91503	0.5014219	5.28771
3390	-3872.165	-4017.699	145.5339	0.8067047	0.443904	5.874841
3396	-3877.775	-4025.062	147.2864	1.033523	0.3570078	4.875882
3402	-3874.185	-4020.752	146.567	0.8565591	0.3939884	5.33152
3408	-3873.793	-4020.395	146.6024	0.8211593	0.3939884	5.33152
3414	-3872.752	-4018.445	145.6935	0.8211593	0.6111876	5.632992
3420	-3874.601	-4020.366	145.7647	0.8137949	0.4649451	5.72435
3426	-3869.722	-4016.216	146.4944	0.7921493	0.4341813	5.365333
3432	-3873.797	-4021.656	147.8592	0.856858	0.4862325	4.519149
3438	-3873.381	-4021.762	148.3817	0.9481735	0.4862325	4.172312
3444	-3866.896	-4013.513	146.6177	0.9927828	0.5676368	5.06389
3450	-3871.381	-4018.037	146.656	0.9106859	0.5092431	5.139026
3456	-3876.627	-4023.522	146.8959	0.9305789	0.543283	4.964732
3462	-3882.582	-4027.554	144.9719	0.962426	0.4101265	6.130437
3468	-3873.825	-4019.205	145.3799	0.7521327	0.4101265	6.022734
3474	-3875.583	-4020.273	144.6901	0.8038787	0.5123016	6.272556
3480	-3868.455	-4013.336	144.8808	0.822242	0.3944718	6.272556
3486	-3871.303	-4016.19	144.8869	0.8155359	0.4802141	6.188196
3492	-3875.117	-4019.972	144.8549	0.8312522	0.4513281	6.224381
3498	-3875.011	-4021.25	146.2389	0.9277209	0.6328593	5.257146
3504	-3876.959	-4022.735	145.7764	0.777131	0.3838236	5.82038
3510	-3885.114	-4030.386	145.2721	0.8060141	0.4033505	6.05917
3516	-3873.197	-4019.449	146.2519	0.8730242	0.4291225	5.459462
3522	-3878.36	-4024.657	146.2965	0.8786662	0.4023952	5.459462
3528	-3873.917	-4020.926	147.0086	1.006746	0.4477537	4.94825
3534	-3876.042	-4023.438	147.3955	1.006746	0.4477537	4.732471
3540	-3871.686	-4017.652	145.9659	0.8490756	0.4795357	5.580868
3546	-3865.4	-4010.787	145.387	0.7692262	0.4770228	5.943889
3552	-3864.054	-4009.948	145.8941	0.884708	0.5807542	5.512346
3558	-3860.003	-4007.449	147.4453	0.9233733	0.4211784	4.778281
3564	-3869.105	-4016.546	147.4414	0.9742586	0.3964664	4.778281
3570	-3867.145	-4014.085	146.9403	0.9075635	0.47385	5.015947
3576	-3871.928	-4018.327	146.3981	0.9075635	0.539605	5.25655
3582	-3871.631	-4017.847	146.2164	0.8528226	0.3576062	5.566846
3588	-3858.843	-4004.878	146.0355	0.9028021	0.4588795	5.532718
3594	-3858.782	-4004.043	145.2613	0.8825065	0.416944	6.009275
3600	-3856.321	-4003.461	147.1394	0.9014034	0.5364392	4.851354
3606	-3867.826	-4016.643	148.8174	1.083045	0.3246236	4.024398
3612	-3871.289	-4019.367	148.0774	1.066299	0.3267874	4.450697
3618	-3868.702	-4016.384	147.6825	0.9816929	0.508192	4.527815
3624	-3869.282	-4017.068	147.7855	1.099495	0.5039376	4.407409
3630	-3874.569	-4021.125	146.5569	0.9964747	0.6504078	5.029468
3636	-3879.84	-4027.822	147.9817	0.905562	0.4703961	4.438001
3642	-3884.675	-4031.386	146.7107	0.9714322	0.5050089	5.078874
3648	-3874.739	-4021.968	147.2283	0.9503601	0.3949635	4.912055
3654	-3872.613	-4019.622	147.0091	0.932057	0.5305361	4.912055
3660	-3885.395	-4031.499	146.1049	0.9046721	0.3740946	5.581106
3666	-3878.834	-4025.738	146.9042	0.876447	0.4728242	5.054204
3672	-3878.731	-4024.694	145.9632	0.8128428	0.4915808	5.591101
3678	-3874.341	-4021.2	146.8592	0.8389849	0.4310445	5.141047
3684	-3873.801	-4019.44	145.6389	0.8466992	0.4310445	5.80836
3690	-3883.701	-4028.98	145.2785	0.8944133	0.5600705	5.861571
3696	-3888.691	-4033.723	145.032	0.6725133	0.4655083	6.200813
3702	-3880.643	-4025.64	144.9969	0.74874	0.4794121	6.165441
3708	-3882.176	-4028.343	146.167	0.9157439	0.4794121	5.433717
3714	-3868.356	-4015.718	147.362	0.9565728	0.4980694	4.730899
3720	-3868.964	-4015.702	146.7385	0.8494643	0.4262998	5.206876
3726	-3880.914	-4027.897	146.9829	0.9540497	0.4368387	5.002701
3732	-3871.097	-4017.8	146.7032	0.9299872	0.4164026	5.192002
3738	-3877.697	-4023.605	145.9085	0.9535313	0.38079	5.654706
3744	-3875.745	-4021.571	145.8263	0.9221871	0.5817272	5.52822
3750	-3872.49	-4019.008	146.5187	0.9548254	0.4659578	5.230907
3756	-3871.53	-4018.362	146.8313	0.9238281	0.4732069	5.067986
3762	-3868.489	-4015.271	146.7817	0.9120742	0.5099019	5.067986
3768	-3862.911	-4008.171	145.2602	0.8196665	0.5643619	5.90882
3774	-3865.201	-4009.532	144.3315	0.8809117	0.4953604	6.44047
3780	-3854.202	-4000.218	146.0156	0.9062913	0.4953604	5.50747
3786	-3859.158	-4005.352	146.1933	0.8790731	0.410531	5.50747
3792	-3861.359	-4008.124	146.7647	0.8950509	0.3999115	5.19469
3798	-3863.058	-4009.311	146.2529	0.8950509	0.4744187	5.402507
3804	-3865.004	-4012.59	147.5859	1.049197	0.4449283	4.604927
3810	-3866.606	-4014.615	148.0088	1.074786	0.4065618	4.392527
3816	-3858.529	-4006.205	147.6766	0.9985985	0.4359521	4.591528
3822	-3870.698	-4018.52	147.8223	0.9456337	0.4359521	4.539467
3828	-3864.277	-4013.445	149.1678	1.044999	0.4573536	3.694947
3834	-3866.557	-4015.766	149.2085	1.200722	0.4573773	3.581083
3840	-3877.831	-4027.973	150.1414	1.200722	0.4906442	2.997053
3846	-3875.875	-4023.751	147.8763	1.101191	0.615563	4.258624
3852	-3877.702	-4024.575	146.873	1.014501	0.375831	5.094782
3858	-3879.461	-4026.156	146.6952	0.943876	0.4734773	5.132084
3864	-3874.242	-4021.732	147.4902	0.9878922	0.491063	4.648137
3870	-3873.211	-4020.234	147.0232	0.9538953	0.5159531	4.905054
3876	-3871.232	-4018.103	146.8706	0.9254053	0.5159531	5.005761
3882	-3870.822	-4017.886	147.0642	0.9743093	0.3935449	4.99153
3888	-3865.719	-4012.245	146.5257	0.9099031	0.5197564	5.202132
3894	-3868.02	-4014.317	146.2968	0.8030709	0.4233743	5.479069
3900	-3879.552	-4025.056	145.5046	0.8625588	0.5558158	5.758885
3906	-3865.728	-4012.899	147.1714	0.8970401	0.4381445	4.928297
3912	-3864.91	-4012.658	147.7472	0.9952682	0.3787475	4.614932
3918	-3868.084	-4015.51	147.4253	1.069387	0.3607961	4.773991
3924	-3857.554	-4004.343	146.7895	0.8529783	0.5277644	5.080485
3930	-3855.175	-4001.54	146.3643	0.8529783	0.5401176	5.30492
3936	-3864.624	-4011.031	146.4067	0.9320835	0.4664022	5.30492
3942	-3865.037	-4011.318	146.2813	0.9098645	0.5569834	5.30492
3948	-3867.159	-4013.47	146.3109	0.8802871	0.5569834	5.30492
3954	-3864.376	-4010.19	145.8142	0.8500814	0.6622131	5.511767
3960	-3862.739	-4009.741	147.002	0.9180722	0.4712687	4.978283
3966	-3871.848	-4018.347	146.4992	1.029362	0.5120954	5.157576
3972	-3862.782	-4011.292	148.5103	0.8957335	0.3907368	4.227403
3978	-3868.014	-4014.183	146.1691	0.8957335	0.4819272	5.441251
3984	-3864.246	-4011.88	147.6341	0.9368646	0.4550647	4.630754
3990	-3876.745	-4023.059	146.3139	0.9507074	0.5589191	5.262729
3996	-3876.257	-4025.528	149.2712	1.154872	0.3006527	3.753956
4002	-3876.086	-4024.823	148.7371	1.053882	0.3225956	4.089388
4008	-3875.466	-4024.33	148.8639	0.9913107	0.3225956	4.052761
4014	-3869.13	-4016.582	147.4521	1.09765	0.4016965	4.697648
4020	-3869.869	-4016.15	146.281	1.031957	0.3739361	5.414378
4026	-3865.743	-4012.33	146.5874	0.9541812	0.3786441	5.283068
4032	-3866.651	-4013.124	146.4723	0.8477852	0.4715852	5.310268
4038	-3864.09	-4009.895	145.8057	0.8213281	0.4715852	5.691473
4044	-3866.258	-4013.443	147.1842	0.8213281	0.5323174	4.874648
4050	-3866.605	-4012.324	145.7199	0.7594012	0.4820196	5.7626
4056	-3873.906	-4018.544	144.6375	0.7353689	0.4627825	6.383531
4062	-3874.87	-4020.146	145.2762	0.7154684	0.4406162	6.068514
4068	-3874.037	-4019.809	145.7716	0.7289133	0.4209186	5.810391
4074	-3876.196	-4021.426	145.2301	0.8479467	0.4247562	6.037237
4080	-3874.186	-4019.558	145.3724	0.8567342	0.3482578	6.037237
4086	-3862.522	-4008.734	146.2122	0.7489451	0.5132577	5.46968
4092	-3871.982	-4017.571	145.5892	0.7268004	0.5367825	5.803054
4098	-3870.003	-4014.704	144.701	0.8151449	0.5109546	6.261713
4104	-3873.414	-4019.055	145.6416	0.8495144	0.3705128	5.869096
4110	-3877.486	-4022.432	144.946	0.8067889	0.5602709	6.090671
4116	-3879.858	-4026.321	146.4628	0.8558837	0.4772511	5.305692
4122	-3880.091	-4026.534	146.4435	0.9958584	0.5940254	5.137016
4128	-3879.573	-4026.431	146.8584	0.9563043	0.383332	5.12686
4134	-3881.442	-4028.688	147.246	0.846116	0.5187612	4.838427
4140	-3882.451	-4028.897	146.4462	0.7589723	0.4021533	5.44315
4146	-3871.887	-4018.3	146.4137	0.8926232	0.3517586	5.44315
4152	-3867.533	-4013.952	146.419	0.8317603	0.3789082	5.44315
4158	-3875.308	-4021.733	146.4248	0.9555399	0.4705862	5.277956
4164	-3878.219	-4025.304	147.0842	0.9663658	0.6344307	4.76489
4170	-3872.457	-4019.773	147.3159	0.9765864	0.4773939	4.76489
4176	-3868.319	-4014.706	146.3869	0.9026763	0.4773939	5.321617
4182	-3879.551	-4025.588	146.0367	0.9542405	0.3156072	5.659718
4188	-3874.516	-4022.149	147.6332	0.9542405	0.4937592	4.584278
4194	-3872.216	-4019.808	147.5918	0.9655693	0.5120246	4.584278
4200	-3866.676	-4014.708	148.0315	1.060107	0.5452602	4.253292
4206	-3864.376	-4011.92	147.5435	0.9672247	0.5324705	4.592071
4212	-3871.344	-4015.733	144.389	0.8367087	0.4044474	6.521052
4218	-3867.778	-4014.415	146.6367	0.8969783	0.4294319	5.233672
4224	-3866.42	-4012.287	145.8664	0.9175962	0.4754865	5.601669
4230	-3869.353	-4015.654	146.3011	0.9697319	0.5955703	5.229032
4236	-3864.319	-4009.345	145.0258	0.8557617	0.4980593	6.074365
4242	-3861.175	-4007.959	146.7843	0.8514376	0.4639289	5.143088
4248	-3857.543	-4004.113	146.5694	0.9209978	0.4781655	5.209921
4254	-3863.48	-4008.933	145.4539	0.8688709	0.3964779	5.932906
4260	-3872.856	-4018.078	145.2215	0.8366264	0.5497967	5.932906
4266	-3869.151	-4014.921	145.7694	0.8860348	0.506743	5.643502
4272	-3881.979	-4028.843	146.8641	0.9073606	0.4084584	5.123756
4278	-3878.487	-4023.133	144.6454	0.762207	0.4448184	6.381966
4284	-3876.859	-4022.384	145.5243	0.8176233	0.5190833	5.804271
4290	-3869.939	-4015.68	145.7407	0.8279452	0.4395917	5.754387
4296	-3873.803	-4020.354	146.5507	0.8703863	0.4400094	5.285271
4302	-3876.821	-4024.952	148.131	1.043925	0.6603123	4.111137
4308	-3872.489	-4019.486	146.997	0.9747495	0.5650794	4.865174
4314	-3869.738	-4016.437	146.6984	0.9771844	0.5456243	5.046534
4320	-3868.359	-4013.159	144.7997	0.8812629	0.5751023	6.117567
4326	-3862.937	-4007.941	145.0046	0.8213911	0.4838791	6.117567
4332	-3867.408	-4012.116	144.7071	0.8477304	0.6637558	6.117567
4338	-3865.186	-4010.054	144.8677	0.8477304	0.4791198	6.182186
4344	-3872.725	-4018.03	145.3055	0.8303814	0.5511559	5.889283
4350	-3868.628	-4014.162	145.5347	0.7834122	0.4417534	5.889283
4356	-3868.599	-4013.264	144.6647	0.7834122	0.5454603	6.268814
4362	-3873.662	-4019.98	146.3179	0.7695602	0.3948513	5.515718
4368	-3869.998	-4017.667	147.6695	0.9653167	0.4709335	4.579446
4374	-3871.582	-4018.931	147.3488	0.9653167	0.478474	4.751803
4380	-3875.156	-4022.171	147.0154	0.9933265	0.4059601	4.994769
4386	-3868.812	-4016.185	147.3723	1.000933	0.4767684	4.720388
4392	-3870.494	-4019.244	148.7498	1.162219	0.3706746	3.962023
4398	-3871.714	-4020.487	148.7721	1.053128	0.4969927	3.879213
4404	-3878.006	-4024.711	146.7049	0.9371411	0.3310536	5.282526
4410	-3866.791	-4013.102	146.3114	0.9350003	0.5474811	5.282526
4416	-3874.739	-4021.321	146.5816	1.006073	0.5206887	5.117139
4422	-3858.613	-4006.453	147.84	1.006073	0.5152992	4.418939
4428	-3857.144	-4004.26	147.1153	0.8534734	0.3613636	5.066066
4434	-3866.005	-4011.477	145.4721	0.8296362	0.5152167	5.829683
4440	-3862.377	-4009.612	147.2343	0.8159579	0.4560396	4.92065
4446	-3859.911	-4006.305	146.3935	0.8216758	0.4287922	5.41011
4452	-3859.263	-4005.657	146.3941	0.8070747	0.4804828	5.367471
4458	-3863.532	-4010.023	146.4906	0.9574197	0.437707	5.272693
4464	-3865.432	-4011.621	146.1888	0.806308	0.4295122	5.530501
4470	-3863.588	-4009.75	146.1628	0.8810917	0.4988653	5.437122
4476	-3866.356	-4010.664	144.3083	0.76878	0.4988653	6.510664
4482	-3864.928	-4011.213	146.2852	0.8602721	0.4272265	5.450096
4488	-3869.056	-4015.361	146.3051	0.8403138	0.4272265	5.450096
4494	-3870.249	-4015.083	144.8338	0.8516079	0.4516217	6.224497
4500	-3869.734	-4015.225	145.4914	0.8852494	0.4516217	5.847652
4506	-3878.659	-4025.079	146.4204	0.921069	0.4582312	5.31128
4512	-3879.959	-4025.894	145.9353	0.9220917	0.4237378	5.611985
4518	-3873.298	-4019.587	146.2886	0.7745234	0.322191	5.611985
4524	-3860.772	-4007.804	147.032	0.9499339	0.4246342	4.990139
4530	-3861.78	-4008.646	146.8657	0.9651869	0.5117772	4.990139
4536	-3858.628	-4004.796	146.1681	0.9193037	0.4948189	5.41689
4542	-3865.649	-4012.312	146.6627	1.031657	0.5501931	5.032168
4548	-3862.444	-4010.511	148.0662	0.9905305	0.5767665	4.245812
4554	-3861.167	-4009.553	148.3862	1.095687	0.4340976	4.137862
4560	-3861.751	-4008.857	147.107	0.9588855	0.4139457	4.954602
4566	-3866.319	-4014.216	147.8972	1.082485	0.4064661	4.451196
4572	-3864.033	-4011.325	147.2926	0.9852593	0.421089	4.82905
4578	-3867.455	-4012.031	144.5762	0.8287691	0.4400108	6.388054
4584	-3870.981	-4016.831	145.8506	0.7730665	0.4910524	5.675159
4590	-3873.274	-4020.829	147.5554	0.8694253	0.40896	4.759769
4596	-3865.147	-4011.139	145.9915	0.8465202	0.5932811	5.469594
4602	-3866.446	-4011.015	144.5683	0.7499204	0.5316486	6.3511
4608	-3858.485	-4005.281	146.7962	0.962495	0.4481539	5.090371
4614	-3863.042	-4009.176	146.1333	0.962495	0.4717634	5.433738
4620	-3867.474	-4014.023	146.5491	0.9179353	0.5680555	5.143071
4626	-3868.757	-4014.731	145.974	0.8756512	0.4013386	5.639421
4632	-3873.018	-4018.787	145.7689	0.7582098	0.5944995	5.639421
4638	-3872.189	-4017.205	145.0162	0.7582098	0.4315759	6.19571
4644	-3876.772	-4021.449	144.6769	0.7729105	0.6356904	6.19571
4650	-3880.185	-4025.617	145.4317	0.8224959	0.4908049	5.877672
4656	-3875.754	-4021.719	145.9645	0.7651647	0.4315688	5.674112
4662	-3872.371	-4018.975	146.6045	0.8791101	0.4306084	5.260157
4668	-3876.009	-4021.43	145.4209	0.9571834	0.5275802	5.777076
4674	-3883.384	-4028.874	145.4892	0.8551343	0.5490173	5.777076
4680	-3883.789	-4029.462	145.673	0.7073605	0.3829793	5.915955
4686	-3876.335	-4021.413	145.0784	0.7578806	0.4473127	6.146582
4692	-3879.558	-4024.826	145.2676	0.845191	0.4540099	5.989415
4698	-3872.088	-4018.069	145.9813	0.9046316	0.3884398	5.633291
4704	-3880.351	-4026.033	145.6829	0.9808871	0.5008063	5.644291
4710	-3881.234	-4027.848	146.6138	0.855611	0.3999579	5.299819
4716	-3887.682	-4033.549	145.8671	0.8495173	0.5255126	5.59328
4722	-3886.492	-4032.108	145.6157	0.8333049	0.4510835	5.80857
4728	-3900.169	-4045.267	145.0979	0.8898595	0.3743521	6.139384
4734	-3886.588	-4032.128	145.5408	0.8774473	0.5761377	5.71402
4740	-3873.032	-4019.628	146.5957	0.8366628	0.4517118	5.26743
4746	-3876.492	-4022.208	145.716	0.863624	0.4517118	5.736487
4752	-3890.585	-4035.894	145.3087	0.9076067	0.5837219	5.818403
4758	-3886.141	-4031.766	145.6247	0.9502991	0.3748721	5.818403
4764	-3889.257	-4036.996	147.7382	0.9768747	0.5202933	4.488143
4770	-3881.392	-4028.241	146.8489	0.9105939	0.4648098	5.073642
4776	-3877.186	-4021.98	144.7937	0.7604393	0.5030988	6.248017
4782	-3886.247	-4030.956	144.7089	0.7604393	0.5564797	6.248017
4788	-3884.348	-4029.905	145.5569	0.7637799	0.5326507	5.804091
4794	-3877.294	-4022.983	145.6895	0.8136256	0.4719856	5.758987
4800	-3881.764	-4027.524	145.7606	0.894985	0.5277032	5.62488
4806	-3877.527	-4024.909	147.3819	0.9657948	0.4279288	4.783058
4812	-3875.891	-4023.341	147.4506	0.9657948	0.4939067	4.680063
4818	-3884.889	-4033.014	148.1248	0.8754986	0.4436189	4.400816
4824	-3881.404	-4026.741	145.3373	0.7942342	0.4385024	5.99435
4830	-3872.767	-4018.553	145.7857	0.8895884	0.4385024	5.697046
4836	-3875.743	-4022.029	146.2854	0.8892183	0.543235	5.325781
4842	-3875.446	-4022.676	147.2294	0.9047391	0.3399495	4.99927
4848	-3871.576	-4018.469	146.8928	0.9225102	0.511242	4.99927
4854	-3873.997	-4020.2	146.2028	0.906878	0.4784693	5.419785
4860	-3872.113	-4017.971	145.8576	0.8841909	0.4980149	5.604035
4866	-3868.843	-4014.881	146.0378	0.9079842	0.4424819	5.544631
4872	-3868.201	-4014.653	146.4516	0.8994489	0.4081887	5.356438
4878	-3871.681	-4019.821	148.1406	0.9173306	0.4356763	4.376399
4884	-3868.33	-4016.159	147.8292	1.043801	0.4365423	4.479781
4890	-3865.571	-4013.643	148.0719	1.006904	0.4536625	4.346378
4896	-3861.311	-4009.617	148.3061	1.079503	0.4241391	4.20293
4902	-3869.681	-4016.749	147.0686	0.9212905	0.4241391	4.986271
4908	-3873.782	-4020.16	146.3778	0.9109601	0.4358502	5.362457
4914	-3869.567	-4016.764	147.1974	0.8787796	0.38996	4.974483
4920	-3872.689	-4018.767	146.0777	0.8347169	0.469458	5.536822
4926	-3874.021	-4019.798	145.7764	0.9921039	0.5229851	5.567017
4932	-3873.478	-4019.696	146.2187	0.885545	0.3408682	5.567017
4938	-3874.214	-4021.267	147.0529	0.885545	0.4871865	4.952981
4944	-3867.776	-4013.799	146.0229	0.9164636	0.4889273	5.503762
4950	-3868.76	-4014.742	145.9821	0.9891657	0.3727848	5.603581
4956	-3871.589	-4018.013	146.4243	0.8768895	0.3701921	5.425065
4962	-3873.514	-4019.943	146.4294	0.83355	0.4139428	5.398978
4968	-3872.377	-4019.027	146.6503	0.9499112	0.4139428	5.212844
4974	-3880.436	-4027.592	147.1555	0.9057393	0.4202018	4.950667
4980	-3879.631	-4026.65	147.0192	0.9987622	0.3183859	5.090043
4986	-3880.259	-4025.732	145.4731	0.9197008	0.4339453	5.85616
4992	-3870.312	-4016.717	146.4051	0.9197008	0.510787	5.271396
4998	-3864.41	-4010.994	146.5847	0.865126	0.4379746	5.271396
5004	-3873.818	-4019.661	145.8427	0.865126	0.3855344	5.734061
5010	-3873.261	-4018.23	144.9692	0.8323825	0.4185996	6.194004
5016	-3869.434	-4014.693	145.2582	0.8323825	0.4553727	6.000226
5022	-3878.23	-4025.088	146.8578	0.8771339	0.4145256	5.13766
5028	-3875.855	-4022.31	146.4553	1.072474	0.5349982	5.13766
5034	-3870.801	-4016.363	145.5621	0.8128147	0.4890009	5.813327
5040	-3867.992	-4013.909	145.9171	0.7670191	0.52776	5.609149
5046	-3856.011	-4003.069	147.0574	0.8574785	0.4405481	5.011266
5052	-3868.13	-4013.709	145.5796	0.8232675	0.4085616	5.87649
5058	-3872.732	-4018.511	145.7792	0.7843352	0.425163	5.771606
5064	-3875.038	-4019.813	144.7748	0.7843352	0.446109	6.298415
5070	-3871.071	-4018.819	147.7488	0.9060304	0.446109	4.592668
5076	-3872.709	-4019.689	146.9795	0.886461	0.4144157	5.065111
5082	-3877.199	-4022.595	145.3958	1.002665	0.4130242	5.874291
5088	-3876.285	-4024.225	147.9406	1.004915	0.4353375	4.440182
5094	-3874.759	-4020.638	145.8786	0.9062889	0.3531478	5.727948
5100	-3872.056	-4017.762	145.7064	0.9062889	0.4419299	5.727948
5106	-3873.164	-4019.28	146.1161	0.8542785	0.4428668	5.530704
5112	-3867.414	-4013.113	145.6993	0.8542785	0.4428668	5.759412
5118	-3872.909	-4017.369	144.4607	0.76897	0.4266667	6.4963
5124	-3871.898	-4016.768	144.8699	0.8079848	0.4388821	6.240984
5130	-3871.118	-4014.715	143.5964	0.6898299	0.4979148	6.938715
5136	-3868.632	-4015.113	146.4804	0.8116824	0.4631868	5.333759
5142	-3863.615	-4009.696	146.0815	0.8131024	0.4558033	5.559708
5148	-3870.467	-4017.434	146.9672	0.8731748	0.4265436	5.066815
5154	-3872.103	-4017.622	145.5192	0.9303543	0.4265436	5.832601
5160	-3864.271	-4009.971	145.7005	0.8883315	0.3554502	5.832601
5166	-3864.639	-4011.261	146.6219	0.8703349	0.4137709	5.272676
5172	-3879.823	-4026.208	146.3848	0.7853691	0.3855386	5.480238
5178	-3883.605	-4029.258	145.6529	0.7853691	0.4217795	5.843566
5184	-3889.005	-4032.482	143.4778	0.7650644	0.4454557	7.010719
5190	-3887.802	-4031.159	143.3569	0.8507716	0.465413	7.010719
5196	-3879.968	-4025.196	145.2282	0.8276219	0.4458484	6.028389
5202	-3878.817	-4024.602	145.785	0.9816721	0.5578987	5.537949
5208	-3880.54	-4026.362	145.8227	0.9566743	0.3016898	5.793048
5214	-3885.299	-4031.253	145.9536	0.9514417	0.4264387	5.583052
5220	-3880.559	-4025.841	145.282	0.7970975	0.4337491	6.027641
5226	-3876.94	-4021.394	144.4541	0.7749423	0.4561622	6.467806
5232	-3875.85	-4021.054	145.2036	0.890342	0.5538341	5.909943
5238	-3868.624	-4015.061	146.437	0.8740899	0.5538341	5.241341
5244	-3864.311	-4010.559	146.2482	0.89965	0.5459226	5.338223
5250	-3871.906	-4017.991	146.0846	0.9303048	0.5235466	5.430991
5256	-3871.942	-4019.175	147.2322	0.9493554	0.4602071	4.843397
5262	-3873.196	-4020.212	147.0158	1.007013	0.3666171	5.030069
5268	-3874.39	-4020.814	146.4235	1.007013	0.2723463	5.474367
5274	-3875.879	-4022.287	146.408	1.022546	0.2723463	5.474367
5280	-3871.625	-4017.836	146.2116	1.063497	0.3329609	5.482497
5286	-3866.296	-4013.928	147.6319	1.063497	0.3254502	4.703982
5292	-3868.936	-4014.424	145.4877	0.936835	0.3569992	5.92061
5298	-3866.309	-4013.858	147.5486	0.9756137	0.4650736	4.647131
5304	-3874.173	-4022.094	147.921	1.020366	0.3094961	4.586285
5310	-3876.908	-4024.198	147.2901	1.01673	0.3621868	4.877189
5316	-3874.038	-4020.945	146.9067	0.9845247	0.4386663	5.026302
5322	-3882.17	-4030.478	148.3076	1.094722	0.450069	4.166706
5328	-3880.483	-4028.877	148.3932	1.094722	0.460712	4.107357
5334	-3869.577	-4016.397	146.8201	0.9408455	0.5021933	5.037716
5340	-3864.082	-4010.963	146.8807	0.9054492	0.4870401	5.037716
5346	-3867.509	-4013.489	145.9797	0.9066713	0.5529763	5.476281
5352	-3863.387	-4009.869	146.4818	0.8944803	0.5218085	5.233109
5358	-3871.578	-4017.75	146.1724	0.8985512	0.4943632	5.426336
5364	-3869.591	-4015.415	145.8236	0.6994061	0.4943632	5.727296
5370	-3871.82	-4016.792	144.9724	0.7174244	0.4491612	6.224467
5376	-3872.105	-4016.609	144.5034	0.7937086	0.3766606	6.511844
5382	-3871.505	-4017.403	145.8976	0.7937086	0.4652143	5.662247
5388	-3867.932	-4014.733	146.8009	0.8221785	0.5034021	5.113078
5394	-3865.978	-4012.169	146.1907	0.7792091	0.4829349	5.492518
5400	-3870.642	-4016.795	146.1532	0.7741631	0.5085612	5.492518
5406	-3870.789	-4017.299	146.5106	0.9240504	0.3639759	5.358512
5412	-3872.906	-4017.9	144.9937	0.7764436	0.5372882	6.100575
5418	-3866.903	-4013.871	146.9677	0.8115347	0.3990011	5.129503
5424	-3865.039	-4011.457	146.4184	0.8868123	0.4218035	5.367592
5430	-3865.807	-4012.463	146.6559	0.8178663	0.3790326	5.320109
5436	-3870.168	-4016.127	145.9592	0.8881824	0.3630689	5.682404
5442	-3873.573	-4019.35	145.7771	0.8878922	0.4592396	5.682404
5448	-3867.506	-4013.899	146.3924	0.9276353	0.5123152	5.272659
5454	-3861.709	-4008.852	147.1429	0.9276353	0.386664	4.981198
5460	-3873.828	-4020.747	146.9188	0.9276353	0.5121244	4.981198
5466	-3872.494	-4019.961	147.4669	1.000748	0.3745103	4.773478
5472	-3877.241	-4023.315	146.0747	0.8764123	0.573417	5.423532
5478	-3872.512	-4018.412	145.9009	0.8847244	0.4618671	5.613712
5484	-3872.388	-4018.706	146.3185	0.8920223	0.4831589	5.359789
5490	-3880.684	-4026.594	145.9095	0.8510326	0.5306551	5.564643
5496	-3877.288	-4024.978	147.6902	0.9743116	0.5801055	4.464559
5502	-3875.097	-4022.134	147.0378	0.9462282	0.5749539	4.850026
5508	-3867.512	-4014.883	147.3708	0.9484795	0.4670272	4.759897
5514	-3875.503	-4021.96	146.4575	0.9433468	0.4906846	5.247776
5520	-3870.431	-4018.185	147.7535	0.9534193	0.4545109	4.555061
5526	-3877.471	-4024.51	147.0385	1.086677	0.5746174	4.77157
5532	-3877.733	-4024.11	146.3773	0.8508856	0.4536285	5.37825
5538	-3881.908	-4028.129	146.2212	0.8061667	0.5773991	5.37825
5544	-3868.641	-4013.774	145.1327	0.831276	0.5657364	5.970967
5550	-3866.813	-4012.973	146.1602	0.8124873	0.4699369	5.503232
5556	-3874.907	-4020.079	145.1715	0.6877436	0.4706203	6.111842
5562	-3867.855	-4013.057	145.2019	0.8262418	0.5836524	5.921269
5568	-3869.654	-4015.245	145.5908	0.8353412	0.5134987	5.763154
5574	-3870.942	-4017.282	146.34	0.9071848	0.5013682	5.32279
5580	-3866.187	-4012.242	146.0552	0.8806515	0.3957041	5.598111
5586	-3867.522	-4013.067	145.5451	0.9850154	0.4413485	5.773733
5592	-3874.407	-4021.682	147.2755	1.016391	0.5391534	4.708781
5598	-3868.474	-4015.065	146.5909	0.9040435	0.3925264	5.293677
5604	-3867.131	-4013.152	146.0206	0.7937225	0.4204	5.639038
5610	-3866.917	-4012.868	145.9511	0.8021089	0.5059738	5.590534
5616	-3866.394	-4012.265	145.8711	0.8734794	0.5037544	5.597301
5622	-3869.998	-4015.788	145.7901	0.8412053	0.4753894	5.685547
5628	-3876.049	-4021.887	145.8379	0.8620914	0.4805873	5.643033
5634	-3868.048	-4014.028	145.9799	0.7935746	0.4971802	5.587387
5640	-3870.107	-4015.791	145.6841	0.8473995	0.5749948	5.652891
5646	-3873.687	-4019.017	145.3302	0.7731253	0.50101	5.950813
5652	-3881.086	-4028.715	147.6286	0.8872415	0.37339	4.747802
5658	-3881.485	-4026.603	145.1178	0.8410931	0.3555823	6.176075
5664	-3864.409	-4009.878	145.4691	0.8769851	0.6458177	5.698712
5670	-3863.691	-4008.578	144.8874	0.7899995	0.4852476	6.19722
5676	-3869.203	-4016.009	146.8066	0.817803	0.4470179	5.165871
5682	-3871.78	-4017.103	145.3236	0.7113879	0.4470179	6.038619
5688	-3871.162	-4016.753	145.5917	0.7113879	0.4450896	5.894207
5694	-3865.511	-4010.098	144.5863	0.7335675	0.6194068	6.278797
5700	-3866.525	-4012.164	145.6393	0.809229	0.6706767	5.62399
5706	-3873.745	-4018.653	144.9081	0.8047599	0.3940546	6.267695
5712	-3880.532	-4028.009	147.4768	0.9617139	0.4958493	4.665847
5718	-3879.463	-4026.266	146.803	0.9414236	0.5507324	5.003895
5724	-3879.952	-4025.47	145.518	0.8604062	0.5507324	5.757001
5730	-3872.077	-4018.165	146.0876	0.8910889	0.4465844	5.522508
5736	-3874.884	-4021.536	146.6526	0.8269746	0.4409808	5.251988
5742	-3868.106	-4014.661	146.5551	0.9351216	0.5641235	5.13352
5748	-3869.292	-4016.205	146.9127	0.7961689	0.4325831	5.13352
5754	-3869.742	-4015.926	146.1848	0.8181641	0.3615236	5.598806
5760	-3871.762	-4018.468	146.7057	0.8807675	0.4716544	5.162934
5766	-3869.917	-4015.476	145.5583	0.8804265	0.4636035	5.802176
5772	-3877.819	-4023.526	145.7067	0.7901366	0.4310783	5.802176
5778	-3876.116	-4022.295	146.1789	0.8198361	0.4310783	5.526876
5784	-3878.679	-4025.265	146.5854	0.9572182	0.3963914	5.263189
5790	-3879.129	-4025.698	146.5689	0.936171	0.4160828	5.263189
5796	-3858.267	-4005.825	147.5583	0.9519686	0.3788403	4.744808
5802	-3859.525	-4006.515	146.99	0.9235852	0.4428633	5.009652
5808	-3861.942	-4007.991	146.049	0.9235852	0.5746526	5.410678
5814	-3857.36	-4004.243	146.8834	0.9289042	0.4023167	5.107616
5820	-3861.897	-4007.77	145.873	0.8086173	0.5847675	5.562459
5826	-3872.114	-4018.291	146.1768	0.8083078	0.403804	5.562459
5832	-3877.491	-4023.314	145.8235	0.8719391	0.5754797	5.562459
5838	-3874.556	-4018.954	144.3981	0.7332187	0.4344599	6.541821
5844	-3869.756	-4014.902	145.1462	0.8723217	0.428857	6.065558
5850	-3870.281	-4016.157	145.8763	0.9516307	0.3459198	5.712683
5856	-3878.615	-4025.778	147.1634	0.8810831	0.482206	4.898656
5862	-3877.53	-4024.032	146.5017	0.9727807	0.6316939	5.087622
5868	-3877.103	-4022.82	145.7172	0.85591	0.6337611	5.583366
5874	-3865.132	-4012.22	147.0883	0.932438	0.5062369	4.889568
5880	-3874.016	-4020.288	146.2727	0.932438	0.4497447	5.394756
5886	-3874.918	-4021.127	146.2087	0.9583867	0.3840924	5.483492
5892	-3873.715	-4020.082	146.3671	0.9628421	0.5050612	5.273762
5898	-3868.964	-4015.212	146.2474	0.8873098	0.4666224	5.417225
5904	-3873.568	-4019.65	146.0816	0.8456561	0.4564047	5.541209
5910	-3876.261	-4020.999	144.7382	0.8456561	0.3711013	6.36251
5916	-3882.398	-4029.225	146.8271	1.011425	0.4587762	5.035647
5922	-3868.191	-4016.442	148.2509	1.047038	0.4458108	4.230268
5928	-3862.774	-4009.028	146.2545	0.8603651	0.4307432	5.463363
5934	-3863.679	-4010.082	146.4029	0.8001508	0.4697159	5.376608
5940	-3863.91	-4009.43	145.5204	0.7939366	0.5197814	5.818787
5946	-3876.111	-4023.108	146.9977	1.02525	0.5102485	4.884671
5952	-3863.051	-4008.987	145.9359	0.8515001	0.4944853	5.58217
5958	-3871.803	-4017.402	145.5989	0.8628969	0.5996349	5.671129
5964	-3866.73	-4013.673	146.9437	0.9175852	0.5874507	4.908095
5970	-3871.735	-4017.93	146.1942	0.8457636	0.3996844	5.536665
5976	-3865.446	-4011.751	146.3052	0.8627718	0.3369474	5.536665
5982	-3865.94	-4013.259	147.3193	0.9258517	0.3369474	4.94115
5988	-3866.629	-4013.07	146.4407	0.9838792	0.4316081	5.29173
5994	-3866.568	-4014.396	147.8283	0.992732	0.4267168	4.519129
6000	-3885.784	-4032.631	146.847	0.9630365	0.5847455	4.938838
6006	-3876.412	-4022.719	146.3067	0.8886414	0.4644588	5.385893
6012	-3875.964	-4021.256	145.2922	0.8702712	0.4802937	5.937427
6018	-3868.396	-4014.664	146.2677	0.7847993	0.4291722	5.499261
6024	-3882.506	-4028.612	146.1059	0.903264	0.4291722	5.523114
6030	-3877.196	-4023.077	145.8808	0.9129575	0.5578357	5.523114
6036	-3863.826	-4009.652	145.8262	0.8424465	0.3846812	5.756425
6042	-3871.178	-4015.997	144.819	0.8018945	0.4443392	6.266606
6048	-3877.258	-4023.466	146.2088	0.9157747	0.4443392	5.444459
6054	-3887.595	-4034.013	146.418	0.899606	0.4611318	5.321654
6060	-3885.088	-4032.599	147.5114	0.9349049	0.4319697	4.723801
6066	-3880.626	-4028.042	147.4157	0.9083283	0.4762368	4.748419
6072	-3868.477	-4016.07	147.5936	1.005428	0.4600305	4.610141
6078	-3869.36	-4016.568	147.208	1.014031	0.4793481	4.802378
6084	-3867.052	-4014.799	147.7464	0.9566621	0.505941	4.508011
6090	-3871.495	-4017.551	146.0559	0.9247246	0.3780665	5.592614
6096	-3870.439	-4016.88	146.4408	0.9924639	0.3830092	5.338038
6102	-3866.248	-4013.232	146.9844	0.9107627	0.4072594	5.056456
6108	-3867.511	-4015.093	147.5816	0.9073929	0.3872645	4.74737
6114	-3865.43	-4012.951	147.5211	0.9387859	0.4256891	4.722655
6120	-3864.45	-4012.102	147.6527	0.9397026	0.4256891	4.64846
6126	-3879.57	-4026.741	147.171	0.9928277	0.4097529	4.904476
6132	-3880.167	-4028.327	148.1606	0.9928277	0.4273083	4.331126
6138	-3883.798	-4031.891	148.0938	0.9663879	0.4073987	4.404837
6144	-3898.83	-4046.145	147.3145	1.031091	0.5056924	4.708753
6150	-3890.025	-4035.767	145.7413	0.9302478	0.5456004	5.60061
6156	-3883.888	-4030.538	146.6502	0.858143	0.3892262	5.28987
6162	-3876.88	-4021.761	144.8809	0.8400479	0.5272614	6.136
6168	-3885.157	-4031.517	146.3605	0.8333003	0.38586	5.466922
6174	-3891.297	-4037.505	146.2081	0.852631	0.4572755	5.466922
6180	-3885.562	-4030.561	144.9988	0.7488999	0.3956318	6.247066
6186	-3887.079	-4031.906	144.8267	0.7751322	0.4757408	6.247066
6192	-3886.181	-4030.788	144.6067	0.826665	0.3559077	6.461023
6198	-3882.655	-4028.91	146.2547	0.7551726	0.5055469	5.449792
6204	-3876.787	-4022.178	145.3912	0.7551726	0.5917864	5.850146
6210	-3879.13	-4024.582	145.4529	0.8232513	0.5985933	5.773689
6216	-3876.365	-4022.094	145.7292	0.7659673	0.4610833	5.773689
6222	-3868.234	-4013.665	145.4308	0.7513351	0.4524247	5.953144
6228	-3872.071	-4018.952	146.8802	0.8359426	0.5227622	5.044031
6234	-3861.543	-4008.271	146.7287	0.9889636	0.4658123	5.095884
6240	-3861.205	-4008.396	147.1916	1.06021	0.4906607	4.775124
6246	-3870.832	-4019.086	148.2538	1.043179	0.6109974	4.080792
6252	-3865.166	-4012.475	147.3086	1.043179	0.4964413	4.713836
6258	-3868.193	-4015.619	147.426	0.917045	0.5010444	4.71444
6264	-3866.19	-4013.131	146.9407	0.9398032	0.4524645	5.018487
6270	-3876.162	-4020.949	144.7873	0.8742595	0.5978698	6.109801
6276	-3874.201	-4020.148	145.9478	0.9725464	0.5562848	5.454819
6282	-3867.151	-4013.327	146.1758	0.9187906	0.5243796	5.386355
6288	-3867.581	-4012.904	145.3234	0.8120754	0.4350363	5.99561
6294	-3886.152	-4031.411	145.2595	0.7520003	0.4196524	6.078663
6300	-3879.165	-4025.972	146.8079	0.9052892	0.4399825	5.123711
6306	-3878.5	-4023.443	144.943	0.7114771	0.5155941	6.182372
6312	-3865.114	-4010.758	145.6447	0.8345643	0.4451542	5.797799
6318	-3872.543	-4016.776	144.233	0.7867258	0.4497473	6.587292
6324	-3878.79	-4023.892	145.102	0.8421538	0.4316792	6.103241
6330	-3884.158	-4029.86	145.7027	0.8939909	0.3072945	5.885882
6336	-3877.833	-4023.926	146.0931	0.7860124	0.5701238	5.465887
6342	-3871.578	-4018.264	146.6861	0.9555341	0.5655852	5.048326
6348	-3872.428	-4019.367	146.9392	0.8147758	0.4436772	5.097399
6354	-3865.069	-4010.499	145.4302	0.738352	0.4365922	5.976055
6360	-3878.778	-4025.283	146.5046	0.8568639	0.5532699	5.213947
6366	-3872.121	-4018.903	146.7821	0.9702364	0.5439598	5.005355
6372	-3869.249	-4016.041	146.7922	0.9392013	0.5107952	5.0463
6378	-3882.511	-4028.421	145.9106	1.003198	0.4827297	5.523618
6384	-3876.134	-4020.865	144.7312	0.7354187	0.5007733	6.297645
6390	-3883.197	-4028.477	145.2804	0.7041846	0.5174225	6.000944
6396	-3875.504	-4022.621	147.1167	0.8616756	0.5347099	4.88768
6402	-3868.801	-4014.487	145.6861	0.9207389	0.4509126	5.722314
6408	-3882.355	-4027.984	145.6292	0.8160484	0.5484761	5.722314
6414	-3882.441	-4031.485	149.0449	1.217636	0.6164868	3.520204
6420	-3873.706	-4023.323	149.6172	1.08728	0.4621775	3.403895
6426	-3864.495	-4012.427	147.9319	1.022144	0.4598731	4.410663
6432	-3870.073	-4016.882	146.8085	0.9631267	0.4879104	5.045001
6438	-3866.4	-4012.623	146.2226	0.9002987	0.4613857	5.42877
6444	-3870.797	-4016.212	145.4152	0.7832518	0.4404383	5.955893
6450	-3882.32	-4026.286	143.9654	0.7424196	0.4220577	6.783107
6456	-3884.801	-4028.776	143.9758	0.7319625	0.4220577	6.783107
6462	-3900.273	-4043.891	143.618	0.7319625	0.3473515	7.055749
6468	-3885.456	-4031.14	145.6842	0.8280545	0.4189973	5.805921
6474	-3879.54	-4025.574	146.0333	0.7370187	0.5016729	5.585039
6480	-3874.87	-4019.967	145.0962	0.7874929	0.5533566	6.025082
6486	-3866.79	-4012.723	145.9332	0.7874929	0.5533566	5.567075
6492	-3865.153	-4012.256	147.103	0.9070586	0.4740171	4.925611
6498	-3873.574	-4020.972	147.3977	1.0357	0.3873621	4.778309
6504	-3874.73	-4021.678	146.9482	0.9035578	0.5401709	4.953346
6510	-3870.792	-4019.212	148.4207	1.080286	0.4871494	4.07409
6516	-3868.663	-4018.218	149.5556	1.080286	0.365252	3.550834
6522	-3870.365	-4018.706	148.3416	1.049381	0.4647062	4.158538
6528	-3874.889	-4023.198	148.3097	1.103125	0.3679302	4.249396
6534	-3878.714	-4025.616	146.9017	0.9900974	0.6061681	4.875844
6540	-3871.578	-4018.336	146.7584	0.9653614	0.4833819	5.075788
6546	-3872.755	-4020.052	147.2963	0.9111693	0.4361259	4.852932
6552	-3868.548	-4015.363	146.815	0.8631836	0.3741497	5.212568
6558	-3872.626	-4019.908	147.2815	0.9931251	0.5407577	4.717026
6564	-3868.379	-4015.451	147.0714	0.8466494	0.5023564	4.950252
6570	-3874.746	-4020.005	145.259	0.8579647	0.6094956	5.85213
6576	-3864.996	-4011.296	146.2996	0.8773289	0.5170979	5.347386
6582	-3867.311	-4013.94	146.6294	0.8773289	0.6124015	5.084933
6588	-3868.571	-4014.936	146.3642	0.7744317	0.4698828	5.411936
6594	-3871.216	-4018.473	147.2575	1.040983	0.4773296	4.7616
6600	-3858.554	-4006	147.4454	0.8982482	0.4514144	4.7616
6606	-3856.183	-4003.521	147.3381	0.9294095	0.4514144	4.804124
6612	-3863.846	-4010.727	146.8816	0.9550843	0.4540699	5.041272
6618	-3868.341	-4015.358	147.0168	0.8976586	0.4114779	5.041272
6624	-3876.55	-4020.823	144.2727	0.7783378	0.4261625	6.593487
6630	-3889.286	-4034.845	145.5583	0.8667138	0.4693939	5.804156
6636	-3880.848	-4026.678	145.8304	0.7824125	0.4975996	5.675138
6642	-3870.787	-4017.143	146.3553	0.8464207	0.5129463	5.337433
6648	-3862.603	-4008.86	146.2575	0.8546682	0.4344077	5.461162
6654	-3871.476	-4017.77	146.294	0.8543232	0.4344077	5.441281
6660	-3875.103	-4022.55	147.4475	0.8751554	0.4344077	4.790418
6666	-3867.488	-4012.923	145.4344	0.8751554	0.4203158	5.915385
6672	-3869.299	-4015.843	146.5443	0.88513	0.4203158	5.300589
6678	-3874.651	-4020.803	146.1525	0.8514797	0.4097227	5.545919
6684	-3871.115	-4016.596	145.4802	0.7729631	0.4971156	5.872481
6690	-3873.432	-4018.03	144.5981	0.7117267	0.4771566	6.404293
6696	-3879.486	-4024.955	145.4684	0.821116	0.5606339	5.797315
6702	-3871.356	-4018.105	146.7494	0.9612943	0.3915155	5.175494
6708	-3867.398	-4013.367	145.969	0.8457703	0.4346712	5.624347
6714	-3858.76	-4003.61	144.8495	0.819256	0.4180463	6.266793
6720	-3869.201	-4014.339	145.1382	0.8782	0.5163791	5.984529
6726	-3867.497	-4013.97	146.4731	0.8359458	0.455276	5.332072
6732	-3862.442	-4007.165	144.723	0.8359458	0.5963999	6.166813
6738	-3865.999	-4010.616	144.6167	0.768725	0.5302966	6.315791
6744	-3861.775	-4008.807	147.0326	0.8819472	0.4596492	4.992569
6750	-3861.58	-4008.536	146.9562	0.9962879	0.4559666	4.975064
6756	-3864.598	-4011.446	146.848	0.9572324	0.544958	4.975064
6762	-3862.884	-4009.488	146.6042	0.914537	0.3711078	5.304059
6768	-3861.819	-4008.102	146.2826	0.9323359	0.5426243	5.304059
6774	-3864.617	-4011.161	146.5441	1.03498	0.3421369	5.304059
6780	-3867.793	-4014.419	146.626	0.8923426	0.3712906	5.304059
6786	-3872.163	-4017.642	145.4795	0.8931598	0.393638	5.908717
6792	-3874.065	-4020.01	145.945	0.9817974	0.4065444	5.591585
6798	-3879.295	-4026.82	147.5245	0.9817974	0.3825898	4.742822
6804	-3873.241	-4020.691	147.4504	0.9149867	0.4505993	4.750264
6810	-3877.681	-4025.488	147.8066	1.000368	0.3954819	4.560214
6816	-3870.051	-4015.714	145.6625	0.8610924	0.7123358	5.552736
6822	-3866.868	-4012.963	146.0943	0.9104143	0.4021823	5.55339
6828	-3873.635	-4020.672	147.0362	0.9623453	0.3512445	5.061229
6834	-3875.284	-4022.536	147.2518	0.9057928	0.3733182	4.947606
6840	-3873.164	-4018.009	144.8452	0.830456	0.4817388	6.201376
6846	-3874.304	-4020.29	145.9859	0.9083628	0.4978953	5.520331
6852	-3868.124	-4014.318	146.1939	0.8687963	0.5478108	5.383584
6858	-3864.662	-4010.811	146.1487	0.914782	0.5472719	5.383584
6864	-3864.756	-4011.995	147.2384	0.914782	0.5206428	4.802676
6870	-3868.794	-4016.148	147.3543	0.9178415	0.517107	4.739457
6876	-3868.989	-4015.256	146.2663	0.9430408	0.517107	5.329511
6882	-3867.855	-4014.424	146.5685	0.9430408	0.4074609	5.268602
6888	-3866.918	-4012.39	145.4716	0.8623926	0.4002646	5.922798
6894	-3861.862	-4007.156	145.2933	0.8623926	0.5861501	5.849573
6900	-3866.98	-4011.373	144.3938	0.7655004	0.4642758	6.497928
6906	-3873.531	-4020.216	146.6854	0.9464225	0.5872567	5.035781
6912	-3875.33	-4022.017	146.6873	0.9254243	0.4809521	5.139596
6918	-3872.44	-4019.657	147.2168	0.9981277	0.3859438	4.901684
6924	-3870.507	-4018.058	147.5506	0.884095	0.5059114	4.658654
6930	-3880.892	-4027.112	146.2194	0.8868761	0.5396438	5.366549
6936	-3871.317	-4017.36	146.0429	0.8832097	0.430484	5.567406
6942	-3875.627	-4021.586	145.959	0.8340672	0.5073613	5.567406
6948	-3877.127	-4023.759	146.6322	0.9288996	0.439355	5.208519
6954	-3871.352	-4017.944	146.5912	0.9479614	0.6177339	5.062684
6960	-3871.125	-4018.042	146.9173	0.9309033	0.4538658	5.035089
6966	-3865.806	-4012.44	146.6345	0.8187132	0.5079751	5.202995
6972	-3866.11	-4011.684	145.5733	0.8975426	0.5833723	5.679301
6978	-3871.682	-4017.513	145.8309	0.7794103	0.5721702	5.611956
6984	-3870.846	-4017.368	146.522	0.9014212	0.4218283	5.302347
6990	-3853.894	-4001.143	147.249	0.9205134	0.4541904	4.856004
6996	-3859.711	-4006.779	147.0676	0.9472895	0.5409254	4.861885
7002	-3870.221	-4017.318	147.0964	0.9195898	0.4472984	4.948328
7008	-3887.492	-4034.058	146.5668	0.8687123	0.4053911	5.312805
7014	-3886.578	-4032.262	145.6844	0.8083366	0.5594557	5.686989
7020	-3884.517	-4032.074	147.5569	0.9896103	0.3844913	4.718252
7026	-3888.184	-4035.698	147.514	1.004123	0.3674279	4.753289
7032	-3881.012	-4026.902	145.8902	0.872697	0.3674279	5.723814
7038	-3885.222	-4030.272	145.0493	0.9093283	0.5364338	5.998574
7044	-3883.818	-4029.69	145.8718	0.8005669	0.45228	5.685125
7050	-3877.874	-4023.271	145.3971	0.7854981	0.4388997	5.966081
7056	-3880.022	-4025.205	145.1826	0.8827254	0.5070768	5.966081
7062	-3867.221	-4014.475	147.2539	0.8813233	0.4491202	4.880159
7068	-3866.508	-4011.713	145.2047	0.7664822	0.4491202	6.071366
7074	-3874.53	-4019.5	144.9693	0.7164518	0.6302883	6.071366
7080	-3873.592	-4018.633	145.0412	0.6697048	0.5449319	6.126343
7086	-3873.983	-4018.18	144.1966	0.8010423	0.5449319	6.513604
7092	-3868.608	-4014.682	146.0732	0.8252378	0.4771432	5.53725
7098	-3875.956	-4023.479	147.5233	0.8252378	0.4497872	4.760484
7104	-3871.834	-4018.365	146.5316	0.9276953	0.5014891	5.205528
7110	-3873.182	-4019.815	146.6329	0.8528813	0.4855975	5.205528
7116	-3880.612	-4025.937	145.3248	0.8569258	0.5932483	5.829641
7122	-3885.656	-4031.321	145.6652	0.7742358	0.4350105	5.829641
7128	-3881.651	-4027.181	145.53	0.7976799	0.4093185	5.916785
7134	-3889.085	-4036.401	147.3161	0.949055	0.4093185	4.848481
7140	-3895.032	-4042.932	147.9008	1.061146	0.4236897	4.44297
7146	-3891.779	-4039.352	147.5735	1.06466	0.3831084	4.668476
7152	-3889.185	-4036.93	147.7442	1.001029	0.40293	4.586816
7158	-3875.162	-4022.498	147.3358	1.077318	0.5369619	4.642804
7164	-3873.563	-4020.995	147.4319	1.087727	0.532295	4.58722
7170	-3878.577	-4024.91	146.3329	0.8978644	0.6051214	5.243495
7176	-3885.536	-4030.689	145.1531	0.8666334	0.5435846	5.959122
7182	-3882.195	-4028.149	145.9537	0.8370137	0.5901852	5.498106
7188	-3872.346	-4019.047	146.7008	0.9261739	0.4876334	5.125448
7194	-3877.332	-4023.032	145.6999	0.8746733	0.4885012	5.704429
7200	-3876.311	-4022.168	145.8572	0.8423029	0.4528721	5.669632
7206	-3876.64	-4022.612	145.9722	0.9178099	0.3272756	5.70076
7212	-3880.701	-4027.056	146.3549	0.8710374	0.6212734	5.233369
7218	-3889.445	-4033.638	144.1923	0.7369534	0.4063739	6.67941
7224	-3867.348	-4012.862	145.5143	0.7609415	0.3831053	5.973176
7230	-3872.701	-4019.994	147.293	0.8467461	0.4914042	4.836963
7236	-3875.496	-4022.896	147.3997	0.9826509	0.36388	4.833138
7242	-3868.78	-4016.132	147.3514	0.9386883	0.4152254	4.828397
7248	-3873.075	-4019.951	146.8769	0.884028	0.3858275	5.153911
7254	-3867.533	-4014.269	146.7356	0.8892487	0.5282306	5.089802
7260	-3876.63	-4023.124	146.4944	0.9003342	0.5497442	5.198598
7266	-3881.487	-4027.679	146.1926	0.8897297	0.4990959	5.415768
7272	-3872.814	-4018.892	146.0785	0.8918422	0.4280343	5.545572
7278	-3880.812	-4028.7	147.8881	0.9296166	0.3043356	4.662213
7284	-3882.228	-4029.089	146.8613	0.9187078	0.4044212	5.123309
7290	-3882.352	-4029.757	147.4043	0.9896407	0.5417872	4.649333
7296	-3877.94	-4024.687	146.7467	0.9541448	0.4332616	5.137323
7302	-3888.619	-4035.768	147.1486	0.8863868	0.5260615	4.86378
7308	-3877.548	-4024.55	147.0024	0.8888555	0.4517852	5.01318
7314	-3872.528	-4017.009	144.4808	0.7568176	0.4163941	6.50231
7320	-3880.128	-4024.304	144.1762	0.746332	0.6090959	6.50231
7326	-3872.048	-4017.943	145.8948	0.88408	0.4937208	5.587543
7332	-3868.177	-4015.144	146.967	0.9561036	0.4254654	5.021981
7338	-3872.272	-4019.632	147.3604	0.9209733	0.4983903	4.751391
7344	-3873.173	-4019.958	146.7858	0.8436407	0.4983903	5.114122
7350	-3874.735	-4021.993	147.2582	0.9397395	0.46698	4.827682
7356	-3875.455	-4021.416	145.9605	0.9946485	0.509428	5.476416
7362	-3864.717	-4012.063	147.3458	0.9946485	0.4886804	4.727439
7368	-3864.872	-4012.061	147.1892	0.944627	0.6971078	4.671037
7374	-3864.826	-4012.078	147.2524	0.9692884	0.6971078	4.621773
7380	-3871.06	-4020.057	148.9979	1.16454	0.5015073	3.680573
7386	-3874.394	-4022.081	147.6874	1.20062	0.5015073	4.407992
7392	-3869.105	-4015.233	146.1284	0.9355689	0.5370708	5.392124
7398	-3869.49	-4016.619	147.1288	0.8811728	0.4111683	4.988592
7404	-3862.553	-4009.255	146.7024	0.8811728	0.4429503	5.192505
7410	-3865.356	-4011.768	146.4128	0.9640272	0.5561718	5.203008
7416	-3884.051	-4032.174	148.1229	0.9640272	0.5446527	4.256454
7422	-3885.27	-4032.503	147.233	0.9018175	0.4535476	4.875969
7428	-3884.48	-4031.178	146.6984	0.9018175	0.4794247	5.147956
7434	-3888.16	-4034.207	146.0467	0.9466293	0.5053579	5.459105
7440	-3887.148	-4032.705	145.5567	0.8329182	0.3507446	5.946844
7446	-3884.437	-4030.399	145.9623	0.8716745	0.4553547	5.593426
7452	-3895.895	-4043.162	147.266	0.8537788	0.4118655	4.926758
7458	-3896.201	-4043.568	147.3664	0.952973	0.4580451	4.768621
7464	-3872.673	-4021.118	148.4457	0.9870433	0.3985973	4.203588
7470	-3865.596	-4012.045	146.4492	0.9739645	0.467935	5.256847
7476	-3860.9	-4005.419	144.5194	0.8336544	0.4885612	6.370347
7482	-3862.717	-4007.388	144.6704	0.8336544	0.4381223	6.336161
7488	-3860.945	-4007.283	146.3377	0.9685435	0.4336103	5.355055
7494	-3863.048	-4008.577	145.5284	0.8868758	0.4336103	5.844214
7500	-3864.011	-4009.619	145.6072	0.9135626	0.5200103	5.705534
7506	-3868.216	-4015.241	147.0247	0.8825116	0.4359248	5.02017
7512	-3868.339	-4015.555	147.2156	0.9125117	0.4005627	4.934168
7518	-3878.346	-4025.806	147.4596	0.9125117	0.4008728	4.797841
7524	-3870.248	-4016.534	146.2858	0.8850275	0.4674843	5.396486
7530	-3880.401	-4024.289	143.8878	0.750244	0.4970474	6.74972
7536	-3871.198	-4016.391	145.1931	0.8208794	0.4221087	6.074793
7542	-3874.475	-4020.412	145.9365	0.9572072	0.4397458	5.575928
7548	-3874.276	-4021.422	147.1457	0.916199	0.4594888	4.910764
7554	-3881.733	-4027.977	146.2447	0.8264083	0.48807	5.432089
7560	-3878.861	-4024.957	146.0959	0.8327166	0.5372476	5.466507
7566	-3874.499	-4021.698	147.1989	0.8996896	0.527169	4.827339
7572	-3878.658	-4023.096	144.4384	0.7864479	0.3828612	6.544272
7578	-3878.506	-4023.436	144.9303	0.8629308	0.5098222	6.111991
7584	-3874.509	-4019.303	144.7939	0.8570148	0.4566275	6.238447
7590	-3883.906	-4028.206	144.3004	0.8570148	0.5783543	6.399416
7596	-3874.081	-4019.932	145.8508	0.840276	0.5031749	5.627173
7602	-3874.736	-4021.96	147.2236	0.9440107	0.5541745	4.765199
7608	-3875.261	-4021.154	145.893	0.9659263	0.5547789	5.489878
7614	-3872.324	-4018.219	145.8953	0.7875678	0.4353095	5.69607
7620	-3871.391	-4017.183	145.7925	0.9080286	0.4256813	5.69607
7626	-3865.093	-4010.415	145.3227	0.859034	0.4443848	5.961183
7632	-3871.938	-4017.291	145.3531	0.8681864	0.4001672	5.9844
7638	-3871.879	-4017.857	145.9779	0.9641942	0.4472067	5.542027
7644	-3891.214	-4037.143	145.9288	0.798189	0.4276514	5.679553
7650	-3889.437	-4035.18	145.7426	1.000695	0.5660663	5.54398
7656	-3884.689	-4030.572	145.883	1.072825	0.4227842	5.558884
7662	-3876.44	-4022.524	146.0841	0.9073555	0.4038825	5.558884
7668	-3881.744	-4028.707	146.9624	0.9239924	0.4190215	5.049031
7674	-3872.144	-4018.774	146.6304	0.8917827	0.4825537	5.188248
7680	-3870.499	-4016.073	145.5735	0.8687871	0.3934718	5.870812
7686	-3868.741	-4013.099	144.3581	0.7877564	0.3934718	6.575745
7692	-3881.186	-4027.545	146.3597	0.8676189	0.6191737	5.234249
7698	-3879.89	-4027.007	147.117	0.8847915	0.5072411	4.89923
7704	-3881.849	-4028.33	146.4813	0.8625044	0.5501071	5.22646
7710	-3881.463	-4027.59	146.1263	0.8172443	0.5402086	5.455766
7716	-3891.097	-4037.957	146.8602	0.8277741	0.3762723	5.204764
7722	-3881.845	-4027.162	145.317	0.8033249	0.3251312	6.123774
7728	-3884.006	-4030.591	146.5847	0.8749654	0.3251312	5.390323
7734	-3867.141	-4012.893	145.7522	0.8353052	0.5312069	5.659126
7740	-3865.054	-4011.379	146.325	0.9238441	0.4096528	5.411221
7746	-3867.378	-4013.361	145.9834	0.8712529	0.4343039	5.602815
7752	-3880.926	-4027.032	146.1066	0.8177623	0.5871525	5.42698
7758	-3869.725	-4016.01	146.2851	0.856877	0.4523934	5.42698
7764	-3876.825	-4022.811	145.9863	0.8740836	0.3145666	5.732517
7770	-3871.25	-4018.029	146.7796	0.8740836	0.5106397	5.089521
7776	-3877.401	-4023.092	145.6908	0.7406203	0.3799426	5.891356
7782	-3871.483	-4017.532	146.0493	0.8279735	0.4229133	5.6019
7788	-3876.064	-4022.052	145.9881	0.9515125	0.543127	5.455408
7794	-3879.379	-4024.143	144.7648	0.7823421	0.4299814	6.320808
7800	-3871.547	-4016.674	145.1266	0.7361087	0.4365348	6.142777
7806	-3869.133	-4014.911	145.7777	0.8773783	0.4028715	5.744464
7812	-3866.365	-4012.116	145.7515	0.8773783	0.4630436	5.698573
7818	-3866.928	-4012.577	145.6494	0.8511171	0.4669002	5.765191
7824	-3876.3	-4022.74	146.4397	0.8497395	0.3879686	5.411956
7830	-3866.102	-4014.087	147.9848	0.9617616	0.4743939	4.400695
7836	-3871.975	-4019.319	147.3445	0.9617616	0.4827629	4.752134
7842	-3868.823	-4014.814	145.9904	0.8606327	0.5341168	5.511884
7848	-3861.647	-4008.444	146.7963	0.8748569	0.4207551	5.166501
7854	-3869.546	-4016.608	147.0618	0.9294178	0.569968	4.85019
7860	-3872.871	-4019.242	146.3708	0.9000736	0.4231055	5.385169
7866	-3873.271	-4020.27	146.9992	0.8153495	0.4578119	5.049899
7872	-3863.466	-4011.537	148.0709	1.046128	0.4578119	4.320678
7878	-3869.969	-4018.181	148.2114	0.9855581	0.6091229	4.139243
7884	-3869.518	-4017.802	148.2845	1.101782	0.3991696	4.229319
7890	-3870.626	-4017.083	146.4563	0.8981029	0.5033769	5.261795
7896	-3869.114	-4014.867	145.7535	0.8125114	0.4969625	5.701413
7902	-3873.154	-4019.535	146.3804	0.8685863	0.3967243	5.424811
7908	-3872.029	-4018.161	146.1329	0.8217949	0.5479321	5.442995
7914	-3872.561	-4018.946	146.3846	0.8529636	0.3856785	5.442995
7920	-3872.173	-4018.356	146.1825	0.7993769	0.4670477	5.500918
7926	-3879.72	-4026.155	146.4349	0.914253	0.5298782	5.241008
7932	-3881.938	-4029.386	147.4488	0.9851145	0.5121499	4.65341
7938	-3889.791	-4037.093	147.3018	0.8777415	0.4019689	4.904003
7944	-3892.063	-4039.038	146.9745	0.9606482	0.3884154	5.05447
7950	-3902.441	-4049.069	146.6281	0.9076079	0.3884154	5.275616
7956	-3907.363	-4052.552	145.1887	0.9076079	0.4312366	6.02076
7962	-3905.515	-4051.525	146.0101	1.029066	0.4692271	5.467339
7968	-3887.683	-4032.789	145.1065	0.9283298	0.4099017	6.075959
7974	-3872.264	-4017.273	145.0086	0.8563143	0.5064355	6.075959
7980	-3870.843	-4016.586	145.7423	0.8846234	0.3898908	5.773641
7986	-3868.355	-4013.01	144.6544	0.8561091	0.5416931	6.238124
7992	-3878.036	-4022.248	144.2116	0.8369075	0.4250811	6.595925
7998	-3871.272	-4016.423	145.1517	0.9658829	0.5426832	5.906481
8004	-3879.189	-4024.727	145.5382	0.9735609	0.5060085	5.722916
8010	-3876.311	-4023.237	146.9256	0.9735609	0.4920059	4.970357
8016	-3873.061	-4020.823	147.7628	1.021457	0.5091793	4.459343
8022	-3884.653	-4032.77	148.1176	1.008176	0.6375447	4.156889
8028	-3875.411	-4022.002	146.5903	0.9513128	0.4189143	5.240079
8034	-3880.338	-4025.798	145.4602	0.8112538	0.4769823	5.880981
8040	-3883.397	-4029.848	146.4513	0.8661182	0.4765267	5.307083
8046	-3879.004	-4025.517	146.5128	0.8689473	0.4399239	5.307083
8052	-3883.44	-4028.962	145.5229	0.8483835	0.4814302	5.822266
8058	-3883.572	-4030.377	146.8053	0.8948412	0.3411202	5.238395
8064	-3876.594	-4023.128	146.5345	0.9012323	0.5074775	5.213084
8070	-3873.258	-4018.598	145.3395	0.799521	0.4394158	5.989344
8076	-3871.485	-4018.312	146.8271	1.029099	0.6002867	4.900421
8082	-3871.607	-4019.159	147.5514	1.022487	0.3897901	4.697093
8088	-3874.722	-4022.323	147.6018	1.022487	0.3646518	4.697093
8094	-3870.557	-4017.471	146.9145	1.042746	0.3646518	5.06867
8100	-3877.781	-4026.32	148.5387	1.164345	0.4024491	4.045609
8106	-3869.687	-4016.179	146.4918	0.8718619	0.3513466	5.412073
8112	-3882.661	-4029.188	146.5273	1.042252	0.2747462	5.394535
8118	-3866.006	-4013.058	147.0513	0.9553138	0.443773	4.957057
8124	-3872.941	-4020.126	147.1854	0.9553138	0.4505923	4.875646
8130	-3883.149	-4028.008	144.8591	0.9553138	0.4717649	6.135138
8136	-3874.011	-4021.152	147.1406	0.9754194	0.48397	4.857131
8142	-3870.36	-4017.134	146.7737	0.9387373	0.3851125	5.181511
8148	-3873.276	-4020.006	146.7299	0.9246022	0.4009042	5.196501
8154	-3870.101	-4015.983	145.8818	0.8790987	0.5533703	5.544943
8160	-3878.496	-4025.838	147.3429	0.8260296	0.3854526	4.927853
8166	-3870.968	-4016.742	145.7737	0.8150122	0.423036	5.759994
8172	-3869.411	-4015.696	146.2845	0.9748663	0.4127753	5.402202
8178	-3875.121	-4021.328	146.207	0.8859249	0.507627	5.402202
8184	-3870.456	-4017.219	146.7636	0.9030476	0.4151574	5.174829
8190	-3863.731	-4009.843	146.1127	0.9030476	0.5155302	5.437592
8196	-3864.758	-4010.685	145.9263	0.9816926	0.483486	5.526091
8202	-3876.355	-4023.51	147.1554	0.9019342	0.4082257	4.965341
8208	-3874.48	-4020.176	145.6956	0.875041	0.419589	5.773362
8214	-3869.157	-4015.335	146.1778	0.8863951	0.4628986	5.459632
8220	-3868.497	-4013.83	145.3327	0.8025955	0.3565811	6.078859
8226	-3868.863	-4014.227	145.3639	0.7247568	0.5409723	5.923717
8232	-3869.019	-4013.804	144.7848	0.786702	0.521786	6.222069
8238	-3870.348	-4015.423	145.0758	0.8663076	0.5150337	6.026232
8244	-3865.616	-4011.232	145.6159	0.8153856	0.4433961	5.825781
8250	-3868.517	-4013.978	145.4613	0.836583	0.43761	5.904405
8256	-3880.939	-4027.058	146.1195	0.8371418	0.4170166	5.564375
8262	-3889.867	-4036.436	146.5694	0.8200793	0.5665904	5.187221
8268	-3869.968	-4016.284	146.3153	0.8554193	0.5339918	5.335923
8274	-3868.643	-4015.002	146.3584	0.9026764	0.4789029	5.335923
8280	-3873.14	-4019.342	146.2019	0.9440756	0.408044	5.469542
8286	-3867.004	-4013.822	146.8171	0.9457379	0.4224562	5.113977
8292	-3871.412	-4017.68	146.2672	0.937428	0.4224562	5.422349
8298	-3874.484	-4021.106	146.6221	0.9377937	0.3744348	5.277647
8304	-3872.026	-4018.573	146.5461	0.8315946	0.5371705	5.218842
8310	-3873.865	-4020.119	146.2537	0.9031218	0.4998113	5.374084
8316	-3873.405	-4019.206	145.8013	1.013876	0.4677177	5.591925
8322	-3872.744	-4019.116	146.3729	0.9637992	0.4735749	5.299225
8328	-3869.295	-4016.386	147.0911	0.9680003	0.4406742	4.930943
8334	-3869.002	-4016.476	147.474	0.9772845	0.353706	4.806446
8340	-3870.511	-4016.372	145.8607	0.8384908	0.5169184	5.610393
8346	-3869.654	-4015.456	145.802	0.9623519	0.4776678	5.610393
8352	-3867.931	-4014.107	146.1754	0.869739	0.4401368	5.492314
8358	-3871.506	-4018.191	146.6851	0.9356173	0.4244432	5.190645
8364	-3872.796	-4019.757	146.961	0.9212275	0.4883921	4.983134
8370	-3878.558	-4025.782	147.2241	0.9544659	0.466697	4.838758
8376	-3877.348	-4024.543	147.1953	0.9544659	0.4158525	4.905932
8382	-3873.244	-4019.95	146.7067	0.908321	0.4158525	5.20262
8388	-3873.94	-4020.429	146.4887	0.8804318	0.4353729	5.318547
8394	-3866.756	-4012.847	146.0913	0.8614462	0.5119952	5.475451
8400	-3867.279	-4012.314	145.0349	0.8096551	0.453845	6.135752
8406	-3863.388	-4009.916	146.5277	0.7780609	0.4172763	5.37195
8412	-3857.585	-4004.079	146.4936	0.9633047	0.4264251	5.279159
8418	-3865.327	-4012.237	146.9096	0.9671783	0.4116316	5.062018
8424	-3868.651	-4014.476	145.8251	0.8239106	0.5077123	5.646171
8430	-3863.806	-4009.153	145.3469	0.8239106	0.362723	6.052582
8436	-3863.666	-4009.869	146.2032	0.8821591	0.362723	5.552174
8442	-3865.828	-4012.027	146.1992	0.8836266	0.471899	5.440786
8448	-3869.362	-4015.84	146.4775	0.9261074	0.4979109	5.239548
8454	-3869.806	-4016.788	146.9815	0.946867	0.4601831	4.98434
8460	-3874.712	-4022.194	147.4824	1.081664	0.4601831	4.629574
8466	-3879.008	-4027.203	148.1949	1.025615	0.4973577	4.223834
8472	-3875.177	-4022.207	147.0293	0.9707788	0.6453975	4.7846
8478	-3872.427	-4019.785	147.3573	1.113101	0.3796011	4.766227
8484	-3867.347	-4014.516	147.1698	0.9760149	0.4090286	4.915299
8490	-3864.169	-4010.715	146.5462	0.9881122	0.5455234	5.124958
8496	-3867.435	-4014.179	146.7442	0.8230214	0.4128743	5.232197
8502	-3876.247	-4021.143	144.8965	0.7648671	0.4298209	6.258934
8508	-3871.215	-4016.016	144.8015	0.7648671	0.5365927	6.212093
8514	-3870.39	-4015.873	145.483	0.9104151	0.494961	5.797735
8520	-3870.618	-4014.736	144.1183	0.7461568	0.5419879	6.588197
8526	-3873.754	-4017.82	144.0668	0.8220751	0.4046995	6.702967
8532	-3874.286	-4021.629	147.3427	0.8791228	0.3344738	4.957123
8538	-3874.801	-4022.578	147.7777	1.010859	0.4485597	4.515117
8544	-3873.664	-4021.35	147.6856	1.014395	0.4508255	4.562574
8550	-3882.047	-4027.766	145.7186	0.9163307	0.4516522	5.706206
8556	-3875.361	-4020.533	145.1722	0.7835619	0.5432349	5.994366
8562	-3877.26	-4023.021	145.7605	0.927474	0.5327521	5.602666
8568	-3869.447	-4015.962	146.5149	0.841545	0.4613573	5.299987
8574	-3873.357	-4020.299	146.9421	0.9201773	0.4757331	5.006142
8580	-3867.382	-4014.097	146.715	0.9059029	0.4757331	5.14001
8586	-3866.317	-4012.429	146.1123	0.962663	0.4757331	5.441452
8592	-3871.358	-4016.983	145.6253	0.8099512	0.4536295	5.813627
8598	-3870.901	-4017.122	146.2219	0.8444642	0.4257502	5.495131
8604	-3878.11	-4022.334	144.2243	0.8065375	0.3704385	6.662698
8610	-3872.352	-4017.168	144.8163	0.9697217	0.4235189	6.197461
8616	-3869.593	-4015.589	145.9959	0.9509568	0.3686761	5.621539
8622	-3878.448	-4025.349	146.9004	0.9422513	0.4666646	5.025728
8628	-3867.887	-4014.846	146.9584	0.9160054	0.4096546	5.065419
8634	-3862.629	-4008.327	145.6982	0.9160054	0.4615557	5.708049
8640	-3869.41	-4015.064	145.6536	0.8007837	0.3743582	5.884942
8646	-3859.25	-4004.743	145.4937	0.8598074	0.4603034	5.851913
8652	-3866.787	-4012.683	145.8963	0.8637385	0.5331424	5.562768
8658	-3869.975	-4015.759	145.784	0.9004669	0.3886229	5.743545
8664	-3864.932	-4011.078	146.1457	0.9523273	0.4586689	5.445041
8670	-3877.249	-4023.494	146.2456	0.9999553	0.4781545	5.345192
8676	-3872.156	-4019.292	147.1356	0.9999553	0.4521476	4.876961
8682	-3871.321	-4016.42	145.0993	0.8497512	0.5843574	5.96387
8688	-3861.015	-4006.954	145.9396	0.8485177	0.4846969	5.590792
8694	-3860.389	-4005.063	144.6732	0.8485177	0.6050378	6.180246
8700	-3863.614	-4010.318	146.7041	0.8606974	0.5812066	5.077962
8706	-3869.094	-4015.332	146.2377	0.9351373	0.5812066	5.294829
8712	-3867.905	-4014.781	146.8764	0.9485016	0.4728205	5.029642
8718	-3880.421	-4027.077	146.6558	0.9483997	0.3846284	5.241907
8724	-3882.562	-4029.303	146.7411	0.9135537	0.3197755	5.2893
8730	-3871.129	-4018.197	147.0684	0.9404301	0.3395012	5.069355
8736	-3871.594	-4016.317	144.7221	0.8265476	0.4742069	6.27737
8742	-3868.955	-4015.146	146.1908	0.9041385	0.4980011	5.409821
8748	-3870.582	-4017.593	147.0109	0.9955208	0.4427534	4.958169
8754	-3872.357	-4019.646	147.2887	0.9955208	0.4356799	4.81058
8760	-3882.74	-4030.169	147.4289	0.9693454	0.3759622	4.81058
8766	-3879.804	-4026.806	147.0015	0.9543406	0.5624471	4.876307
8772	-3874.62	-4020.293	145.6735	0.9091474	0.565632	5.632522
8778	-3880.843	-4027.192	146.3496	0.8133735	0.565632	5.313226
8784	-3879.465	-4025.603	146.138	0.9301529	0.4551445	5.464913
8790	-3873.286	-4018.998	145.7118	0.8427108	0.5229221	5.68451
8796	-3871.149	-4016.917	145.7679	0.8767359	0.4369194	5.715396
8802	-3864.138	-4009.117	144.9799	0.8097714	0.5454316	6.083023
8808	-3873.567	-4019.694	146.1274	0.8636458	0.643167	5.346126
8814	-3866.549	-4013.22	146.6712	0.8636458	0.4472379	5.215222
8820	-3865.634	-4011.585	145.9506	0.7247907	0.4053327	5.730789
8826	-3871.735	-4016.752	145.0171	0.8670104	0.5049432	6.066792
8832	-3866.951	-4013.922	146.9711	0.9476257	0.4190662	5.031
8838	-3870.917	-4016.948	146.0315	0.9373607	0.3316906	5.652252
8844	-3862.729	-4008.716	145.9873	0.9369828	0.3525037	5.652252
8850	-3869.702	-4016.283	146.5805	0.933177	0.3505325	5.330294
8856	-3864.884	-4011.194	146.3101	0.9236087	0.3505325	5.484573
8862	-3870.178	-4016.599	146.4215	0.8735934	0.4212082	5.373797
8868	-3869.859	-4015.356	145.4973	0.8618983	0.3962689	5.913235
8874	-3878.613	-4024.256	145.6428	0.8407629	0.5144941	5.730795
8880	-3878.845	-4024.594	145.7493	0.830138	0.4576674	5.730795
8886	-3885.212	-4031.594	146.3822	0.8812109	0.509406	5.306537
8892	-3873.208	-4019.519	146.3107	0.8520571	0.4714442	5.397189
8898	-3870.367	-4014.922	144.5548	0.8319504	0.4628141	6.376004
8904	-3865.884	-4011.791	145.9066	0.8725233	0.490414	5.590468
8910	-3871.509	-4018.105	146.5955	0.7423469	0.4479366	5.323331
8916	-3866.833	-4011.957	145.1236	0.9038359	0.4613357	6.028929
8922	-3865.158	-4011.627	146.4697	0.9974095	0.4869381	5.214574
8928	-3880.074	-4025.337	145.2631	0.9799149	0.4869381	5.887338
8934	-3881.778	-4028.87	147.0916	1.027654	0.5332354	4.81044
8940	-3877.189	-4023.095	145.9058	0.7896633	0.4905359	5.636292
8946	-3877.589	-4023.516	145.9271	0.7683496	0.4905359	5.636292
8952	-3872.804	-4020.972	148.168	1.062646	0.2932242	4.444886
8958	-3868.223	-4014.244	146.0213	0.8485304	0.5084926	5.524197
8964	-3859.924	-4005.533	145.609	0.8485304	0.3946993	5.861202
8970	-3873.326	-4018.286	144.9602	0.8551494	0.579748	6.040545
8976	-3867.237	-4013.455	146.2183	0.870185	0.6192651	5.310866
8982	-3877.944	-4022.915	144.9712	0.8565493	0.4612308	6.137864
8988	-3875.317	-4020.723	145.4063	0.8324191	0.4612308	5.913775
8994	-3867.765	-4012.849	145.0838	0.8784044	0.3886264	6.137835
9000	-3868.54	-4013.979	145.4385	0.8411127	0.4888558	5.865536
9006	-3864.789	-4010.34	145.5507	0.874888	0.4071659	5.865536
9012	-3861.743	-4006.72	144.977	0.7362708	0.4071659	6.253714
9018	-3861.108	-4006.682	145.5744	0.9115489	0.5125318	5.731217
9024	-3872.582	-4019.694	147.112	0.966002	0.5125318	4.85193
9030	-3874.847	-4020.906	146.0594	0.8909295	0.4635133	5.52165
9036	-3873.837	-4019.804	145.9671	0.812174	0.4774023	5.602453
9042	-3873.786	-4018.977	145.1904	0.7681083	0.6219072	5.92904
9048	-3868.89	-4015.549	146.659	0.9913468	0.4574007	5.141316
9054	-3864.809	-4011.918	147.1099	0.8351309	0.4080474	5.027941
9060	-3861.641	-4007.656	146.0153	0.8504094	0.463027	5.568652
9066	-3868.554	-4014.299	145.7448	0.8394401	0.3831085	5.804369
9072	-3860.324	-4006.988	146.664	0.869809	0.4363831	5.226584
9078	-3872.407	-4019.003	146.5956	0.976992	0.4363831	5.205125
9084	-3864.081	-4010.709	146.6286	0.9384406	0.4831855	5.162816
9090	-3869.506	-4015.297	145.7907	0.7992085	0.4831855	5.700955
9096	-3859.712	-4006.264	146.5528	0.8749374	0.4757076	5.246926
9102	-3866.252	-4011.674	145.4216	0.8715857	0.5699943	5.787577
9108	-3862.286	-4007.671	145.3847	0.7815094	0.407061	6.007239
9114	-3871.826	-4017.183	145.3573	0.7838794	0.4923346	5.938001
9120	-3861.115	-4006.669	145.5539	0.7838794	0.4923346	5.830586
9126	-3873.449	-4017.638	144.1891	0.8016502	0.4390391	6.61338
9132	-3869.854	-4016.925	147.0711	0.9882024	0.4971316	4.876471
9138	-3871.421	-4018.932	147.511	0.968768	0.4133645	4.724423
9144	-3870.901	-4017.715	146.8149	0.9497462	0.4143609	5.121339
9150	-3880.12	-4026.908	146.7883	0.9428414	0.3278237	5.237206
9156	-3880.289	-4027.799	147.5094	1.0263	0.4841966	4.622307
9162	-3880.034	-4027.56	147.5264	0.9474631	0.5218013	4.622307
9168	-3872.315	-4019.378	147.0633	0.9075782	0.5121869	4.911902
9174	-3874.54	-4021.328	146.7881	0.9075782	0.4054023	5.168977
9180	-3874.103	-4020.096	145.9938	0.9075782	0.4778686	5.534986
9186	-3880.399	-4026.073	145.6746	0.8873818	0.4778686	5.721201
9192	-3883.005	-4026.952	143.9466	0.8972569	0.5174393	6.620411
9198	-3880.056	-4024.414	144.3583	0.7929312	0.3500407	6.620411
9204	-3883.162	-4028.809	145.6469	0.8611621	0.5092883	5.722023
9210	-3887.695	-4034.243	146.5487	0.9899283	0.5092883	5.154534
9216	-3883.941	-4029.083	145.1419	0.8508887	0.5173736	5.996554
9222	-3879.213	-4026.533	147.3194	0.8862247	0.3972237	4.894561
9228	-3881.551	-4027.886	146.3356	0.9988302	0.757209	5.074077
9234	-3874.21	-4019.092	144.8815	0.8669014	0.5462559	6.104824
9240	-3867.167	-4012.347	145.1793	0.759667	0.4363549	6.101403
9246	-3868.703	-4012.981	144.2777	0.7672017	0.4363549	6.586696
9252	-3863.511	-4008.464	144.9536	0.8402688	0.4411821	6.175659
9258	-3867.006	-4012.069	145.0627	0.8343308	0.5819222	5.99426
9264	-3869.982	-4015.233	145.251	0.7491547	0.4523982	6.052389
9270	-3867.213	-4012.649	145.436	0.8828739	0.5119216	5.82323
9276	-3872.286	-4017.053	144.7667	0.7616119	0.5076278	6.258008
9282	-3871.624	-4018.233	146.6099	0.8023927	0.3676926	5.36664
9288	-3870.935	-4017.113	146.1778	0.999239	0.4635891	5.396826
9294	-3869.723	-4016.098	146.3754	0.8616812	0.53222	5.30088
9300	-3872.735	-4018.456	145.7212	0.8578003	0.4063353	5.78249
9306	-3865.74	-4011.593	145.8535	0.8901465	0.3718098	5.729461
9312	-3871.926	-4017.556	145.6297	0.8278204	0.3718098	5.886006
9318	-3875.532	-4021.356	145.8239	0.8001158	0.5040449	5.663197
9324	-3873.959	-4018.692	144.7333	0.6922397	0.5040449	6.317064
9330	-3875.464	-4020.951	145.4877	0.7837685	0.4466228	5.909986
9336	-3876.574	-4022.256	145.6822	0.7732807	0.5712866	5.697586
9342	-3867.596	-4012.314	144.7179	0.7082034	0.5712866	6.259279
9348	-3871.202	-4015.691	144.4891	0.8023306	0.57482	6.32957
9354	-3874.662	-4019.928	145.2667	0.7778578	0.4557178	6.024996
9360	-3870.251	-4016.638	146.3868	0.7778578	0.4557178	5.411205
9366	-3868.892	-4013.924	145.0319	0.7954309	0.519969	6.084449
9372	-3868.472	-4012.635	144.1634	0.7681192	0.468981	6.616808
9378	-3866.223	-4012.005	145.7819	0.7782325	0.468981	5.730597
9384	-3860.158	-4005.956	145.7978	0.841631	0.4246371	5.730597
9390	-3865.962	-4012.265	146.3031	0.7579043	0.4433585	5.48041
9396	-3880.861	-4025.464	144.6032	0.7394073	0.451359	6.410887
9402	-3882.484	-4026.891	144.4076	0.7462838	0.5666028	6.410887
9408	-3875.311	-4021.089	145.778	0.8010205	0.4796948	5.710189
9414	-3869.253	-4014.97	145.7179	0.8610304	0.4796948	5.710189
9420	-3876.261	-4021.104	144.8434	0.7725283	0.5399309	6.182265
9426	-3865.38	-4010.964	145.5847	0.7411753	0.3707288	5.959097
9432	-3869.201	-4016.021	146.8202	0.7940607	0.3707288	5.251711
9438	-3871.445	-4016.146	144.7011	0.8719744	0.5532687	6.194322
9444	-3872.566	-4016.543	143.9772	0.7520929	0.5392299	6.663629
9450	-3894.376	-4040.591	146.2142	0.8610627	0.3926081	5.524822
9456	-3891.727	-4038.058	146.3315	0.7949921	0.3695956	5.521853
9462	-3876.765	-4022.419	145.6545	0.9360937	0.4470657	5.734996
9468	-3872.039	-4017.816	145.7771	0.8847567	0.6732763	5.504902
9474	-3864.956	-4011.114	146.1574	0.8847567	0.4482204	5.485992
9480	-3863.585	-4008.42	144.8348	0.775514	0.6166546	6.122944
9486	-3869.21	-4014.335	145.1252	0.7532448	0.4480406	6.122944
9492	-3877.118	-4022.788	145.6699	0.8265627	0.4480406	5.785556
9498	-3877.926	-4023.876	145.9503	0.8323935	0.4374784	5.639148
