Iteration	Posterior	Likelihood	Prior	rate_log_sd	rate_neo	tree_length
0	-3873.139	-4018.06	144.9213	0.8178439	0.4219719	6.224544
6	-3869.355	-4016.198	146.8438	0.8944925	0.4962102	5.055784
12	-3874.561	-4020.049	145.4882	0.7576489	0.4957833	5.87769
18	-3870.993	-4017.093	146.0994	0.7198956	0.4927807	5.56621
24	-3870.868	-4016.624	145.7566	0.8426129	0.3580217	5.824012
30	-3871.34	-4015.359	144.0187	0.7691911	0.5782701	6.59966
36	-3865.964	-4010.724	144.7594	0.8197352	0.4940916	6.242535
42	-3863.923	-4008.442	144.519	0.7931297	0.3878789	6.491626
48	-3862.034	-4007.902	145.868	0.8942872	0.4876545	5.602265
54	-3860.616	-4007.017	146.4007	1.001035	0.5381934	5.204647
60	-3864.113	-4011	146.8865	0.830815	0.4801501	5.082419
66	-3869.402	-4016.119	146.7174	0.9642237	0.5014204	5.082419
72	-3874.482	-4021.07	146.5881	0.9859282	0.3638688	5.281708
78	-3875.907	-4022.878	146.9705	0.9914145	0.3638688	5.067026
84	-3880.32	-4027.433	147.1125	0.9914145	0.4712368	4.875976
90	-3858.899	-4004.805	145.9059	0.9012758	0.4542201	5.609258
96	-3867.436	-4013.03	145.5936	0.9953184	0.3328089	5.858957
102	-3869.849	-4017.854	148.0057	0.9953184	0.5712844	4.28205
108	-3871.469	-4016.638	145.1691	0.8261166	0.4795121	6.029422
114	-3869.823	-4015.485	145.6617	0.8430011	0.5610608	5.679129
120	-3865.971	-4012.299	146.3288	0.8611168	0.5022468	5.353573
126	-3871.705	-4017.616	145.9111	0.8896946	0.3937327	5.674316
132	-3871.127	-4016.578	145.4514	0.8056204	0.4869429	5.879657
138	-3869.102	-4014.555	145.4522	0.8166503	0.4799326	5.879657
144	-3862.518	-4007.525	145.007	0.7968734	0.4799326	6.133306
150	-3864.701	-4010.198	145.497	0.7938027	0.4799326	5.867672
156	-3870.091	-4015.533	145.4429	0.8693319	0.4674427	5.867672
162	-3881.814	-4028.573	146.7582	0.8936753	0.5077776	5.093158
168	-3882.568	-4029.633	147.0643	1.044051	0.4736439	4.871195
174	-3872.119	-4018.686	146.5678	0.967643	0.4646714	5.197854
180	-3868.784	-4013.913	145.1288	0.9731256	0.4632414	5.9865
186	-3859.121	-4004.769	145.6476	0.9628411	0.3677796	5.806856
192	-3867.784	-4015.379	147.5954	0.8517734	0.4737091	4.681962
198	-3858.658	-4005.159	146.5001	0.8366109	0.4942798	5.279839
204	-3868.151	-4014.919	146.7674	0.9156128	0.4115683	5.169468
210	-3868.246	-4014.747	146.5005	0.8656339	0.4444485	5.311204
216	-3873.731	-4018.722	144.9902	0.8349715	0.4703446	6.130619
222	-3878.437	-4025.621	147.184	0.9355493	0.4409556	4.897016
228	-3879.572	-4027.61	148.0387	0.979036	0.3396307	4.505864
234	-3878.329	-4025.61	147.2804	0.979036	0.3636745	4.901897
240	-3873.883	-4020.002	146.1186	0.7619171	0.5579387	5.4753
246	-3870.63	-4016.428	145.7985	0.9104122	0.4726783	5.645516
252	-3870.032	-4014.232	144.2002	0.8096169	0.4395744	6.602521
258	-3865.296	-4010.03	144.7341	0.8324636	0.4906596	6.252516
264	-3870.013	-4016.41	146.3968	0.8403162	0.4751066	5.352689
270	-3870.47	-4015.377	144.9078	0.8424793	0.6314728	6.035268
276	-3865.359	-4012.306	146.9467	0.9667298	0.5872104	4.879247
282	-3860.768	-4007.964	147.1964	0.9706604	0.5307648	4.785932
288	-3870.934	-4015.53	144.596	0.8499832	0.4287859	6.376911
294	-3866.83	-4014.797	147.9679	1.018869	0.5097728	4.344592
300	-3861.296	-4009.233	147.9363	1.018869	0.387984	4.485128
306	-3859.622	-4006.909	147.2866	0.9124637	0.387984	4.908262
312	-3861.474	-4007.618	146.1435	0.9150222	0.4397606	5.485317
318	-3856.05	-4002.332	146.2818	0.982569	0.4175096	5.394524
324	-3854.381	-4000.154	145.7725	0.7551906	0.4605974	5.756323
330	-3854.825	-4000.542	145.717	0.790712	0.381475	5.84799
336	-3858.94	-4004.786	145.8459	0.8251757	0.4632609	5.675197
342	-3862.254	-4007.692	145.4378	0.7938038	0.4939724	5.887115
348	-3869.14	-4015.735	146.595	0.9614262	0.4126396	5.238368
354	-3875.267	-4021.61	146.3428	1.011924	0.5931551	5.184567
360	-3879.007	-4026.146	147.1388	1.052332	0.4337794	4.864403
366	-3875.927	-4023.309	147.3826	1.026856	0.4337794	4.742547
372	-3868.699	-4016.483	147.7841	0.9218476	0.4272497	4.583177
378	-3880.702	-4026.81	146.1075	0.949528	0.4229174	5.503147
384	-3877.998	-4025.084	147.0853	0.832603	0.4251436	5.025207
390	-3873.794	-4019.482	145.6874	0.79805	0.4898362	5.752061
396	-3883.159	-4029.732	146.5732	0.8590007	0.6436466	5.101837
402	-3889.214	-4035.904	146.6899	0.9457204	0.5235884	5.087966
408	-3884.419	-4031.866	147.4475	0.9457204	0.3992202	4.787854
414	-3874.48	-4022.894	148.4139	1.026261	0.522094	4.076019
420	-3883.089	-4028.45	145.3615	0.7890085	0.4754896	5.948437
426	-3882.862	-4028.838	145.9764	0.705092	0.4633233	5.669454
432	-3880.321	-4026.991	146.6698	0.8713325	0.4111273	5.248404
438	-3881.489	-4028.468	146.9784	1.021668	0.5529474	4.85974
444	-3875.615	-4021.671	146.056	0.876729	0.5529474	5.450799
450	-3878.413	-4024.096	145.6838	0.791908	0.315794	5.941362
456	-3871.506	-4018.153	146.6473	0.7643837	0.4748119	5.256629
462	-3869.766	-4015.563	145.7969	0.7766202	0.4203038	5.771053
468	-3863.722	-4009.53	145.8078	0.8470231	0.4175225	5.729403
474	-3868.274	-4014.348	146.074	0.8858339	0.5020732	5.480472
480	-3882.659	-4029.77	147.1114	0.9569842	0.4048243	4.96279
486	-3887.074	-4033.625	146.5516	1.052602	0.5899429	5.048921
492	-3898.188	-4045.922	147.7345	1.046284	0.4642635	4.503898
498	-3887.262	-4034.209	146.9475	0.9377474	0.4550128	5.013382
504	-3882.791	-4027.901	145.1099	0.820265	0.3833104	6.160977
510	-3872.29	-4017.604	145.3136	0.8839635	0.5647224	5.844201
516	-3879.979	-4025.385	145.4062	0.8778003	0.5097862	5.844201
522	-3882.546	-4027.886	145.3403	0.8608419	0.476743	5.919646
528	-3871.817	-4016.03	144.213	0.7988838	0.4971079	6.547522
534	-3868.114	-4014.148	146.0338	0.8321634	0.4086034	5.622863
540	-3874.193	-4020.14	145.948	0.8161078	0.3699216	5.720367
546	-3871.347	-4017.073	145.7262	0.8435917	0.4972499	5.699037
552	-3866.737	-4011.076	144.3387	0.9066567	0.4932002	6.424531
558	-3866.786	-4012.993	146.2071	0.8684412	0.3910026	5.526372
564	-3866.013	-4011.114	145.1008	0.8379848	0.4762375	6.063217
570	-3872.762	-4018.353	145.5915	0.8213237	0.4762375	5.804421
576	-3871.229	-4015.51	144.2813	0.7574629	0.6125923	6.436608
582	-3874.183	-4018.987	144.8044	0.7490632	0.3864599	6.362298
588	-3868.412	-4011.996	143.5846	0.7490632	0.4921337	6.918338
594	-3866.099	-4011.88	145.7815	1.001804	0.4921337	5.586583
600	-3879.044	-4026.185	147.1409	1.024851	0.4401067	4.872138
606	-3880.239	-4026.637	146.3978	0.9872222	0.4510658	5.294252
612	-3862.472	-4009.828	147.3554	0.9832619	0.3317994	4.895321
618	-3869.389	-4016.242	146.8526	0.8510677	0.4491765	5.119866
624	-3870.511	-4016.585	146.0738	0.8515774	0.4909298	5.509634
630	-3868.923	-4014.708	145.7849	0.9777938	0.5344318	5.560206
636	-3869.322	-4014.861	145.5385	0.7940169	0.4827072	5.842313
642	-3873.162	-4019.268	146.1068	0.9145769	0.4760598	5.470677
648	-3869.812	-4016.712	146.8993	0.9306262	0.4557982	5.043322
654	-3871.616	-4018.228	146.6112	0.9470772	0.3523065	5.303653
660	-3868.249	-4015.093	146.844	0.9883917	0.4114782	5.086851
666	-3863.986	-4010.534	146.5481	0.879656	0.666688	5.086851
672	-3862.515	-4009.684	147.1686	0.9071402	0.4123943	4.950711
678	-3869.554	-4015.366	145.8115	0.8572469	0.3968396	5.743344
684	-3868.608	-4013.966	145.3571	0.7598362	0.3724855	6.071105
690	-3876.931	-4024.435	147.5037	0.940376	0.4785138	4.679058
696	-3881.077	-4026.744	145.6672	1.049985	0.4785138	5.635508
702	-3862.866	-4008.513	145.6467	0.7771433	0.4785138	5.796238
708	-3863.933	-4010.334	146.4009	0.8811202	0.4364104	5.365597
714	-3871.738	-4019.078	147.3397	0.8447568	0.3978183	4.905719
720	-3872.741	-4019.377	146.6358	0.7988395	0.3692839	5.352508
726	-3873.166	-4019.777	146.6116	0.7578733	0.4022779	5.352508
732	-3869.826	-4014.637	144.8115	0.8105696	0.528932	6.188378
738	-3872.568	-4019.398	146.8291	0.9086763	0.4684206	5.08219
744	-3862.651	-4009.384	146.7327	0.8678968	0.4448949	5.181145
750	-3871.746	-4018.192	146.4461	0.8376861	0.4143181	5.387149
756	-3875.234	-4022.561	147.3271	0.9192255	0.4076044	4.860783
762	-3879.954	-4026.55	146.5959	0.872005	0.4076044	5.292557
768	-3882.895	-4026.97	144.0747	0.7366053	0.5391354	6.619366
774	-3880.468	-4027.162	146.694	0.9105265	0.41176	5.212724
780	-3896.164	-4040.956	144.7918	0.6925184	0.4817071	6.305378
786	-3881.042	-4027.483	146.441	0.866198	0.4395812	5.348531
792	-3878.26	-4023.6	145.3397	0.7917178	0.4916542	5.943933
798	-3879.478	-4026.578	147.1004	0.9088675	0.4741315	4.925907
804	-3884.745	-4030.534	145.7881	0.8600417	0.4630377	5.687992
810	-3877.381	-4025.163	147.7826	0.9701098	0.5459452	4.444115
816	-3876.849	-4025.313	148.4646	0.9632427	0.5595386	4.049643
822	-3866.526	-4012.805	146.2789	0.7421144	0.4821807	5.465129
828	-3873.787	-4020.286	146.4991	0.7490822	0.4077079	5.413646
834	-3869.494	-4017.87	148.3757	0.932039	0.4698884	4.200727
840	-3867.747	-4014.407	146.6604	0.9256154	0.3969038	5.238659
846	-3872.745	-4019.403	146.6576	0.8039344	0.3975139	5.306748
852	-3870.244	-4016.751	146.5063	0.8002265	0.4201947	5.368508
858	-3866.408	-4013.672	147.2641	0.8910746	0.5292108	4.793919
864	-3871.782	-4019.937	148.1548	1.007979	0.4195574	4.333937
870	-3871.719	-4018.078	146.3588	1.007979	0.5282834	5.232642
876	-3877.219	-4024.448	147.2294	1.045594	0.423009	4.828703
882	-3874.657	-4020.51	145.8537	0.7763196	0.5424303	5.626133
888	-3869.992	-4015.494	145.5024	0.8432023	0.4917128	5.826838
894	-3872.647	-4016.694	144.0466	0.7102435	0.528446	6.65797
900	-3867.66	-4011.925	144.2651	0.6471563	0.4120802	6.682785
906	-3870.402	-4014.44	144.0375	0.7523935	0.4803635	6.682785
912	-3882.662	-4029.175	146.5134	0.8276125	0.5164012	5.257458
918	-3877.098	-4023.636	146.538	0.9022858	0.5569646	5.167203
924	-3881.384	-4028.463	147.0784	0.9861162	0.3706282	5.002372
930	-3883.842	-4030.253	146.4112	0.8985251	0.4835182	5.304726
936	-3879.97	-4027.526	147.5561	0.8637124	0.5214936	4.65283
942	-3879.427	-4026.714	147.2866	0.8567312	0.4964854	4.830225
948	-3872.478	-4017.988	145.5107	0.8275389	0.4964854	5.8265
954	-3876.144	-4022.85	146.7059	1.027732	0.5909318	4.97621
960	-3866.851	-4014.805	147.9538	0.9831916	0.510021	4.372487
966	-3866.944	-4013.985	147.0409	0.9379378	0.4948727	4.923361
972	-3870.072	-4015.819	145.7475	0.8651837	0.4573647	5.712903
978	-3867.168	-4014.296	147.1279	0.9504392	0.4402629	4.920676
984	-3866.052	-4010.805	144.7537	0.8842546	0.4968469	6.208083
990	-3870.224	-4017.216	146.9923	1.076574	0.5165235	4.853447
996	-3865.685	-4012.803	147.1189	0.8765969	0.5165235	4.894321
1002	-3870.273	-4016.992	146.7191	0.7904018	0.4611962	5.215586
1008	-3877.299	-4023.704	146.4049	0.8488763	0.4746892	5.343932
1014	-3879.498	-4025.361	145.8631	0.9176244	0.4283476	5.649378
1020	-3869.675	-4014.947	145.2729	0.7773944	0.4849037	5.994399
1026	-3873.369	-4019.74	146.3712	0.8859472	0.4433002	5.372439
1032	-3871.511	-4018.799	147.2873	0.9586035	0.5326098	4.740254
1038	-3863.716	-4009.988	146.272	0.8268749	0.5326098	5.376747
1044	-3868.198	-4013.897	145.6988	0.8760991	0.3831436	5.809434
1050	-3870.984	-4016.984	146.0001	0.7896441	0.4994385	5.576383
1056	-3869.896	-4015.092	145.1953	0.8443492	0.4994385	5.98695
1062	-3876.467	-4021.974	145.5064	0.860687	0.613648	5.711975
1068	-3871.28	-4018.469	147.1893	0.8641954	0.3665138	5.013146
1074	-3873.56	-4019.986	146.4261	0.917824	0.3626891	5.409932
1080	-3873.666	-4020.621	146.955	0.8676	0.44694	5.056087
1086	-3871.286	-4018.422	147.1356	0.9670801	0.4748131	4.873273
1092	-3871.685	-4018.812	147.1277	0.9043234	0.3486029	5.045758
1098	-3860.307	-4007.281	146.9742	0.9059119	0.5333577	4.943543
1104	-3864.766	-4012.127	147.3604	0.8633573	0.4221688	4.858108
1110	-3871.411	-4016.164	144.7527	0.6710388	0.4947635	6.326356
1116	-3858.94	-4004.211	145.2714	0.7840437	0.558267	5.927273
1122	-3871.077	-4018.112	147.0348	0.8515745	0.3625214	5.110445
1128	-3879.48	-4027.081	147.6014	0.8780966	0.3248179	4.825418
1134	-3866.721	-4014.008	147.2879	0.9103027	0.4058274	4.889532
1140	-3867.143	-4013.549	146.4056	0.9072045	0.5436863	5.249091
1146	-3870.881	-4017.591	146.7097	0.8882003	0.3812369	5.249091
1152	-3883.973	-4029.191	145.2172	0.8923953	0.6672064	5.812283
1158	-3873.718	-4019.515	145.7973	0.838599	0.5434385	5.622026
1164	-3875.355	-4021.423	146.0687	0.8454529	0.4625498	5.542478
1170	-3879.294	-4025.531	146.2372	0.874333	0.4781993	5.418996
1176	-3874.53	-4019.669	145.1396	0.8465922	0.4781993	6.035538
1182	-3873.846	-4019.153	145.3073	0.7765119	0.4233332	6.035538
1188	-3877.779	-4023.407	145.6283	0.8108359	0.5850649	5.69529
1194	-3879.347	-4024.244	144.8975	0.7214957	0.4917178	6.223041
1200	-3867.523	-4012.932	145.4083	0.7214957	0.4078691	6.026287
1206	-3865.11	-4010.069	144.9585	0.7292976	0.4357321	6.238703
1212	-3863.888	-4008.548	144.6595	0.8481099	0.5830941	6.205393
1218	-3865.581	-4012.653	147.0717	1.029684	0.4496528	4.898468
1224	-3868.438	-4016.418	147.9801	1.046891	0.5960921	4.246458
1230	-3868.584	-4015.377	146.7933	1.032697	0.4549676	5.046288
1236	-3868.193	-4015.292	147.0986	0.9147569	0.4388387	4.958255
1242	-3861.422	-4007.863	146.4409	0.9214992	0.3698394	5.391727
1248	-3865.495	-4010.708	145.2127	0.8263198	0.5159678	5.972556
1254	-3872.116	-4017.271	145.1552	0.9261684	0.4701503	5.991169
1260	-3886.389	-4032.371	145.9814	0.8035034	0.5782779	5.510991
1266	-3892.364	-4038.48	146.1161	0.7849636	0.504104	5.510991
1272	-3869.432	-4016.288	146.8555	1.048298	0.5713302	4.89776
1278	-3876.027	-4023.641	147.6139	0.9520824	0.4667004	4.622177
1284	-3864.766	-4011.209	146.4435	0.9520824	0.4425352	5.296825
1290	-3862.691	-4008.288	145.5969	0.9520824	0.5345716	5.677362
1296	-3871.455	-4017.189	145.7335	0.9202757	0.4431204	5.704261
1302	-3873.588	-4018.808	145.2194	0.8205181	0.3683812	6.117572
1308	-3871.673	-4016.574	144.9006	0.7852347	0.5195528	6.161864
1314	-3878.696	-4023.862	145.1656	0.8306279	0.5166767	5.99526
1320	-3880.589	-4025.969	145.3806	0.9420965	0.4822917	5.848041
1326	-3874.988	-4019.472	144.4836	0.800696	0.5591782	6.346303
1332	-3877.61	-4024.384	146.7742	0.8433702	0.4991809	5.120012
1338	-3873.904	-4020.357	146.4525	0.8120542	0.4854109	5.327921
1344	-3869.812	-4014.922	145.1097	0.8059409	0.4854109	6.067366
1350	-3866.046	-4011.293	145.2468	0.8521144	0.3849183	6.067366
1356	-3874.15	-4021.444	147.2935	0.8744077	0.3849183	4.928978
1362	-3876.436	-4023.505	147.0691	0.9220643	0.4218459	4.987908
1368	-3869.112	-4018.009	148.8974	1.055437	0.3973796	3.9083
1374	-3871.47	-4019.498	148.0281	1.055437	0.3729165	4.429785
1380	-3867.353	-4014.213	146.8606	0.9292744	0.4147055	5.107024
1386	-3880.089	-4026.022	145.9328	0.9429759	0.5582327	5.477686
1392	-3869.749	-4016.242	146.4935	0.8353403	0.5316236	5.250717
1398	-3866.329	-4011.331	145.0023	0.87656	0.3622168	6.212072
1404	-3876.739	-4021.596	144.8562	0.8493879	0.4034876	6.261714
1410	-3875.247	-4021.338	146.0919	0.9147119	0.7258259	5.277196
1416	-3874.823	-4020.216	145.3923	0.9096269	0.4686362	5.872171
1422	-3881.58	-4026.511	144.9315	0.7720398	0.4267637	6.239053
1428	-3882.312	-4027.963	145.6502	0.8283533	0.4513647	5.792128
1434	-3874.268	-4018.608	144.3396	0.7332615	0.4334181	6.574468
1440	-3883.364	-4029.999	146.6346	0.857945	0.4513647	5.234538
1446	-3875.393	-4019.721	144.3278	0.8818747	0.6395958	6.323233
1452	-3880.961	-4026.987	146.0263	0.8023402	0.6255344	5.44919
1458	-3870.948	-4016.273	145.3244	0.8813787	0.4440923	5.948318
1464	-3867.177	-4013.408	146.2312	0.8359581	0.3742875	5.549238
1470	-3867.771	-4013.288	145.5169	0.7958303	0.4934471	5.843265
1476	-3871.871	-4016.799	144.9275	0.7167367	0.370551	6.330309
1482	-3883.822	-4028.774	144.9519	0.6826881	0.5116458	6.196696
1488	-3864.752	-4010.707	145.955	0.7980581	0.5184993	5.579434
1494	-3866.114	-4011.893	145.7785	0.7980581	0.4467047	5.743051
1500	-3871.514	-4018.882	147.3684	0.9213673	0.4882695	4.756139
1506	-3873.302	-4020.016	146.7135	0.8661554	0.5279326	5.115119
1512	-3875.04	-4021.502	146.4626	0.8811756	0.419297	5.348893
1518	-3867.23	-4013.568	146.3384	0.8614422	0.5013684	5.348893
1524	-3868.346	-4015.202	146.8558	0.8861767	0.5760334	4.983876
1530	-3864.252	-4009.559	145.3068	0.9260299	0.4454058	5.932251
1536	-3860.173	-4005.925	145.7518	0.8228369	0.4454058	5.745345
1542	-3863.695	-4010.904	147.2089	0.8974326	0.4915087	4.855471
1548	-3864.819	-4011.844	147.0252	1.02419	0.5263671	4.855471
1554	-3870.527	-4016.647	146.1207	1.057643	0.4162057	5.443284
1560	-3862.88	-4010.969	148.0888	1.114102	0.3807246	4.353591
1566	-3861.434	-4007.957	146.5231	0.9130227	0.5104662	5.210181
1572	-3871.228	-4016.132	144.9048	0.7592374	0.4575331	6.230433
1578	-3868.626	-4014.646	146.0202	0.8083047	0.4976474	5.55674
1584	-3869.902	-4016.264	146.3626	0.7673637	0.4612664	5.424998
1590	-3869.776	-4015.865	146.0891	0.9444428	0.5187168	5.424998
1596	-3869.117	-4015.49	146.3735	0.9329287	0.3676744	5.424998
1602	-3873.176	-4020.171	146.9952	0.9925612	0.4472001	4.964114
1608	-3876.517	-4022.842	146.3246	0.8425451	0.4016549	5.464638
1614	-3865.421	-4012.515	147.0939	0.9193209	0.3750875	5.025878
1620	-3877.135	-4023.931	146.7954	0.9503876	0.6370348	4.932781
1626	-3875.986	-4022.555	146.5695	0.9121989	0.3984248	5.294646
1632	-3870.74	-4017.335	146.5949	0.8693007	0.3804588	5.3238
1638	-3875.975	-4022.814	146.8392	0.7751938	0.4650807	5.153792
1644	-3868.71	-4013.374	144.6637	0.7453085	0.4021865	6.424056
1650	-3866.644	-4013.679	147.0351	0.987056	0.5404322	4.858254
1656	-3864.12	-4010.782	146.6623	1.024834	0.5404322	5.04461
1662	-3871.9	-4018.573	146.6734	1.006123	0.4598245	5.122794
1668	-3885.076	-4032.297	147.2216	0.9794102	0.3156606	4.991804
1674	-3886.029	-4032.9	146.8703	1.005975	0.3670639	5.110832
1680	-3887.5	-4033.994	146.4938	0.8190083	0.5541939	5.24011
1686	-3877.307	-4022.609	145.3016	0.812727	0.4866391	5.957871
1692	-3876.096	-4021.369	145.2729	0.8637997	0.5014955	5.932129
1698	-3878.065	-4024.589	146.5239	0.7829802	0.4765792	5.312836
1704	-3879.254	-4023.16	143.9052	0.7212956	0.3777727	6.873028
1710	-3876.413	-4023.823	147.4097	1.050633	0.5351219	4.618001
1716	-3880.003	-4026.712	146.7084	0.8758139	0.4884403	5.1484
1722	-3874.494	-4020.572	146.0779	0.8646573	0.5230636	5.471245
1728	-3876.573	-4021.361	144.7879	0.8663215	0.4617007	6.231779
1734	-3872.923	-4018.718	145.7956	0.7873564	0.5573261	5.639335
1740	-3872.511	-4018.232	145.721	0.8368693	0.5738386	5.639335
1746	-3869.393	-4014.91	145.5169	0.7924678	0.4190648	5.916793
1752	-3879.441	-4026.255	146.8139	0.8649336	0.4869966	5.097305
1758	-3881.61	-4028.981	147.3716	0.8950672	0.3694829	4.891231
1764	-3879.533	-4027.796	148.2631	1.010219	0.3646538	4.332142
1770	-3879.385	-4028.878	149.4933	1.18013	0.5011516	3.383263
1776	-3865.83	-4015.621	149.7901	1.18013	0.4587676	3.251017
1782	-3882.781	-4030.098	147.3171	0.9082956	0.4715318	4.808
1788	-3883.713	-4029.694	145.9808	0.9486926	0.4797991	5.517688
1794	-3882.936	-4030.142	147.2055	0.9285241	0.4057724	4.925285
1800	-3876.734	-4022.69	145.956	0.8732461	0.4619726	5.589679
1806	-3875.851	-4022.326	146.4742	0.8473039	0.4619726	5.318705
1812	-3870.478	-4015.661	145.1836	0.7260412	0.4760059	6.079339
1818	-3867.293	-4012.447	145.1542	0.7650719	0.4703918	6.079339
1824	-3873.073	-4017.06	143.9871	0.7479372	0.5898705	6.618925
1830	-3872.047	-4016.739	144.6917	0.6887941	0.4377825	6.403512
1836	-3873.012	-4018.799	145.7868	0.7726204	0.4663835	5.733465
1842	-3871.978	-4016.689	144.711	0.753013	0.4156443	6.380382
1848	-3866.059	-4012.552	146.4937	0.8072747	0.5464211	5.253289
1854	-3865.716	-4012.187	146.4711	0.8952027	0.5111439	5.248168
1860	-3864.378	-4010.953	146.5745	0.7918192	0.5111439	5.248168
1866	-3861.692	-4007.414	145.7219	0.7918192	0.528589	5.70191
1872	-3868.123	-4013.735	145.6125	0.8123922	0.4625653	5.810742
1878	-3872.189	-4017.894	145.7054	0.7779203	0.4298838	5.810742
1884	-3869.127	-4015.046	145.9187	0.9108301	0.3461914	5.711519
1890	-3868.372	-4012.503	144.1303	0.7532786	0.3673492	6.745689
1896	-3861.131	-4005.481	144.3498	0.7315176	0.4307741	6.572545
1902	-3865.123	-4009.604	144.4805	0.7829885	0.3388877	6.572545
1908	-3865.046	-4007.847	142.801	0.7478798	0.5220298	7.314068
1914	-3868.314	-4015.413	147.0988	0.8019797	0.4472294	5.012407
1920	-3863.405	-4008.52	145.1155	0.7863873	0.4409675	6.117067
1926	-3865.081	-4011.272	146.1914	0.916883	0.5057602	5.395404
1932	-3874.571	-4021.946	147.3749	0.9510392	0.3767246	4.850035
1938	-3874.058	-4021.054	146.9961	0.9753209	0.5467566	4.881024
1944	-3871.165	-4018.385	147.2207	0.9838256	0.4931642	4.799186
1950	-3868.429	-4015.183	146.7544	1.001492	0.3785957	5.164649
1956	-3869.211	-4014.984	145.7729	0.8875902	0.4914871	5.654599
1962	-3875.307	-4021.245	145.9385	0.7972936	0.3982929	5.705093
1968	-3879.674	-4026.772	147.0984	0.9380609	0.5676942	4.826901
1974	-3879.585	-4025.037	145.452	0.9380609	0.439712	5.851985
1980	-3882.57	-4030.801	148.2318	1.057852	0.3672429	4.319932
1986	-3889.43	-4037.367	147.9375	1.105838	0.4945196	4.326821
1992	-3871.211	-4016.968	145.7565	0.992636	0.5774361	5.531362
1998	-3869.168	-4015.384	146.2168	0.9434196	0.5234859	5.350936
2004	-3863.85	-4009.158	145.3082	0.7543777	0.4288582	6.041508
2010	-3863.138	-4007.818	144.6799	0.7968036	0.5471079	6.251878
2016	-3878.562	-4023.625	145.0633	0.7294009	0.3685533	6.251878
2022	-3880.144	-4025.694	145.5498	0.7562651	0.4082927	5.929656
2028	-3873.676	-4018.933	145.2577	0.7480546	0.492795	6.011462
2034	-3869.093	-4014.34	145.2466	0.8111945	0.462295	6.011462
2040	-3870.102	-4015.479	145.3765	0.7891194	0.4719492	5.943525
2046	-3876.7	-4022.12	145.4201	0.7682257	0.4588646	5.943525
2052	-3873.414	-4019.927	146.5134	0.8689312	0.4636064	5.283553
2058	-3873.383	-4018.683	145.2997	0.7600264	0.440012	6.032028
2064	-3872.588	-4018.71	146.1226	0.8653885	0.397904	5.567142
2070	-3885.4	-4032.153	146.7531	1.00002	0.3640583	5.182465
2076	-3878.368	-4024.505	146.1373	0.9202588	0.4662468	5.460035
2082	-3861.245	-4007.014	145.7696	0.9188304	0.4329378	5.695388
2088	-3860.675	-4006.437	145.7617	0.8695529	0.4329378	5.726682
2094	-3866.083	-4012.683	146.6005	0.8299663	0.4329378	5.28719
2100	-3867.445	-4012.206	144.7607	0.7684933	0.5433912	6.226497
2106	-3879.421	-4025.659	146.2379	0.9375848	0.422059	5.438841
2112	-3890.024	-4036.647	146.6232	0.8607426	0.4145566	5.276418
2118	-3889.611	-4035.162	145.5512	0.8176939	0.4952074	5.810928
2124	-3885.332	-4030.349	145.0174	0.7712216	0.4256046	6.193954
2130	-3874.977	-4020.119	145.1421	0.779627	0.5161931	6.036324
2136	-3876.162	-4021.397	145.2349	0.779627	0.4610159	6.036324
2142	-3876.144	-4022.798	146.6543	0.8045313	0.4557428	5.248902
2148	-3876.21	-4022.31	146.0995	0.9101902	0.3647583	5.591421
2154	-3873.089	-4019.434	146.3453	0.9354892	0.4729328	5.330681
2160	-3861.097	-4006.369	145.2722	0.7911334	0.4308956	6.039081
2166	-3859.689	-4005.984	146.2957	0.9401672	0.367609	5.463907
2172	-3868.937	-4017.094	148.1566	1.013223	0.3693844	4.385165
2178	-3869.253	-4017.471	148.2189	1.015753	0.4074858	4.306204
2184	-3876.852	-4023.187	146.335	0.9092676	0.5392038	5.290813
2190	-3866.841	-4013.218	146.3762	0.8459766	0.5292555	5.311684
2196	-3865.27	-4010.564	145.2941	0.8673763	0.4407634	5.975764
2202	-3873.574	-4018.477	144.9029	0.9346522	0.6032952	6.009586
2208	-3880.219	-4026.791	146.5727	0.8801537	0.500154	5.210278
2214	-3873.869	-4018.35	144.4809	0.7421079	0.3957314	6.531582
2220	-3885.47	-4032.219	146.7485	1.00481	0.4207555	5.121034
2226	-3882.19	-4028.244	146.0538	0.822141	0.6621938	5.395246
2232	-3870.233	-4015.057	144.8243	0.8666435	0.6525618	6.05171
2238	-3868.107	-4015.022	146.9147	0.8530216	0.6081718	4.943342
2244	-3858.627	-4003.926	145.2987	0.8127715	0.492968	5.953648
2250	-3871.122	-4017.879	146.7571	0.9256038	0.4952613	5.087507
2256	-3869.233	-4015.196	145.9626	0.9256038	0.5081495	5.51438
2262	-3864.753	-4011.396	146.6432	0.966738	0.5427224	5.08542
2268	-3866.349	-4013.227	146.8779	0.8998089	0.5427224	4.992322
2274	-3869.557	-4013.908	144.3507	0.7600053	0.6311737	6.383335
2280	-3877.423	-4024.867	147.4441	0.9765195	0.5199693	4.653771
2286	-3864.974	-4012.427	147.4529	0.9435571	0.3950819	4.79048
2292	-3863.418	-4008.792	145.3745	0.7789787	0.4427602	5.978177
2298	-3866.313	-4012.182	145.8691	0.897606	0.4954409	5.592682
2304	-3867.131	-4010.702	143.5705	0.7850472	0.3332312	7.069051
2310	-3891.831	-4036.272	144.4403	0.8036735	0.4606541	6.455468
2316	-3878.925	-4024.201	145.2754	0.760092	0.3765108	6.111048
2322	-3885.766	-4031.753	145.9869	0.7598547	0.4384049	5.657958
2328	-3880.505	-4025.166	144.661	0.7556518	0.4313914	6.390246
2334	-3870.733	-4015.83	145.0971	0.7040803	0.451179	6.161934
2340	-3875.722	-4021.546	145.8236	0.759366	0.4045633	5.782187
2346	-3871.006	-4016.536	145.5302	0.8292771	0.4575785	5.851281
2352	-3871.241	-4017.757	146.5168	0.8750652	0.4856025	5.257435
2358	-3875.553	-4023.338	147.7849	0.9941706	0.4358268	4.533328
2364	-3872.005	-4018.238	146.2322	0.9447635	0.4252552	5.434717
2370	-3875.368	-4022.1	146.732	0.7968097	0.4910931	5.176607
2376	-3884.844	-4029.976	145.1313	0.8161078	0.5012408	6.035645
2382	-3878.217	-4023.46	145.2433	0.7767196	0.4585423	6.035645
2388	-3880.764	-4026.376	145.6114	0.8035289	0.4585423	5.820004
2394	-3897.223	-4043.365	146.1419	0.7873914	0.3577346	5.643499
2400	-3886.164	-4032.32	146.1566	0.740788	0.3733183	5.643499
2406	-3891.816	-4038.348	146.5323	0.9317252	0.527104	5.17989
2412	-3884.557	-4029.775	145.2179	0.8667427	0.4805985	5.979652
2418	-3881.579	-4027.513	145.9346	0.8068969	0.3786658	5.723099
2424	-3884.495	-4029.519	145.0237	0.827558	0.4590242	6.127136
2430	-3876.298	-4022.089	145.7909	0.8018228	0.3909421	5.791247
2436	-3883.852	-4029.484	145.6316	0.841644	0.3909421	5.85663
2442	-3871.479	-4017.031	145.5512	0.8883627	0.4083712	5.85663
2448	-3868.454	-4014.542	146.0878	0.85752	0.5033959	5.487279
2454	-3869.891	-4015.478	145.5862	0.8188753	0.4155114	5.868111
2460	-3879.32	-4024.865	145.5451	0.8570237	0.3314755	5.962542
2466	-3884.519	-4030.711	146.192	0.8817015	0.4256835	5.49116
2472	-3883.56	-4029.806	146.2459	0.9286537	0.445229	5.416046
2478	-3884.221	-4029.733	145.5115	0.9275686	0.4773062	5.789058
2484	-3881.492	-4027.643	146.151	0.8241341	0.4423173	5.528657
2490	-3870.663	-4017.678	147.0153	1.027638	0.4773062	4.90416
2496	-3874.612	-4022.436	147.824	0.9794552	0.2948042	4.682674
2502	-3870.864	-4016.646	145.7817	0.9510969	0.3819859	5.724227
2508	-3879.351	-4025.203	145.8517	0.8608767	0.3926517	5.723827
2514	-3873.965	-4018.981	145.0158	0.8874478	0.5054191	6.055983
2520	-3870.912	-4017.278	146.366	0.8874478	0.5768932	5.253858
2526	-3869.504	-4014.853	145.3485	0.7891935	0.4823774	5.949067
2532	-3859.332	-4005.37	146.0383	0.8507105	0.4345513	5.583687
2538	-3856.607	-4001.798	145.1913	0.8325014	0.4345513	6.056967
2544	-3859.863	-4004.557	144.6938	0.8098736	0.4132414	6.361295
2550	-3856.111	-4000.628	144.5161	0.8098736	0.5150935	6.361295
2556	-3861.097	-4006.89	145.7929	0.8233996	0.5150935	5.657496
2562	-3873.415	-4019.744	146.3289	0.8633854	0.395495	5.45733
2568	-3871.723	-4018.474	146.7507	0.8533784	0.5470242	5.084969
2574	-3871.307	-4018.224	146.917	0.9395363	0.542417	4.948757
2580	-3865.988	-4010.984	144.9963	0.825209	0.3466705	6.260949
2586	-3864.349	-4010.742	146.3931	0.7750463	0.4994585	5.368145
2592	-3869.787	-4016.112	146.3255	0.9207224	0.3903347	5.433177
2598	-3881.83	-4028.177	146.3471	0.9730979	0.6029851	5.195747
2604	-3887.017	-4034.196	147.179	0.9730979	0.4467245	4.873129
2610	-3873.662	-4019.999	146.3365	0.9697263	0.5207688	5.272743
2616	-3862.351	-4007.827	145.4758	0.8537445	0.4132056	5.911777
2622	-3867.776	-4013.041	145.2649	0.9127627	0.4922753	5.918132
2628	-3867.243	-4013.583	146.3402	0.8605692	0.4868552	5.36175
2634	-3870.309	-4016.133	145.8243	0.6416997	0.4927688	5.759986
2640	-3879.192	-4024.421	145.2297	0.6371431	0.5894644	6.004639
2646	-3871.195	-4016.792	145.5963	0.6667007	0.4762979	5.886286
2652	-3864.466	-4009.519	145.0529	0.7135667	0.4002522	6.231999
2658	-3864.34	-4010.1	145.7601	0.8201634	0.4540224	5.733874
2664	-3876.99	-4022.61	145.6197	0.8346196	0.5292253	5.733874
2670	-3870.773	-4016.291	145.5185	0.8080626	0.4766167	5.851195
2676	-3869.335	-4014.823	145.4879	0.8032949	0.4766167	5.870567
2682	-3881.322	-4026.396	145.0748	0.8130733	0.502851	6.066636
2688	-3869.541	-4014.961	145.4203	0.8442571	0.502851	5.861037
2694	-3866.256	-4012.281	146.0251	0.7767022	0.4016582	5.665309
2700	-3879.839	-4025.794	145.9555	0.8835912	0.3933476	5.653721
2706	-3872.398	-4018.49	146.0921	0.8332051	0.4769233	5.522721
2712	-3865.563	-4010.18	144.6163	0.7514819	0.3793262	6.470681
2718	-3864.946	-4009.621	144.6751	0.7498294	0.344916	6.478121
2724	-3864.081	-4009.901	145.8199	0.7916574	0.530232	5.64678
2730	-3865.019	-4011.97	146.9508	0.9096362	0.4192245	5.063184
2736	-3874.979	-4021.129	146.1497	0.9004969	0.6606865	5.300268
2742	-3878.325	-4024.448	146.1226	0.9055715	0.5135968	5.432482
2748	-3870.189	-4017.14	146.9511	0.9168782	0.5086622	4.97234
2754	-3861.106	-4007.062	145.9555	0.9168782	0.4902642	5.539381
2760	-3860.408	-4007.799	147.3906	0.9176616	0.4108414	4.822823
2766	-3860.847	-4007.509	146.662	0.9176616	0.4947897	5.145055
2772	-3872.259	-4018.546	146.2867	0.7981655	0.489586	5.423081
2778	-3867.651	-4014.314	146.6623	0.9149679	0.4593235	5.179933
2784	-3866.485	-4013.797	147.3123	0.9962086	0.5131789	4.722646
2790	-3869.147	-4015.182	146.0344	0.9138747	0.4459872	5.539819
2796	-3873.871	-4020.348	146.4772	0.9180237	0.4825225	5.258445
2802	-3864.812	-4010.766	145.954	0.8282665	0.5290813	5.554101
2808	-3870.118	-4016.262	146.1444	0.8714284	0.4820284	5.468124
2814	-3882.154	-4027.904	145.7498	0.9148592	0.7223426	5.468124
2820	-3884.823	-4031.868	147.0442	0.9593482	0.4806115	4.922951
2826	-3891.557	-4036.846	145.2885	0.7955099	0.4619649	5.997523
2832	-3888.998	-4034.696	145.6982	0.8190611	0.5057556	5.720152
2838	-3884.689	-4030.042	145.353	0.7530898	0.5057556	5.945033
2844	-3884.313	-4030.828	146.5148	0.9956913	0.5968926	5.095255
2850	-3877.527	-4024.259	146.7316	0.9956913	0.6651028	4.921687
2856	-3865.935	-4011.702	145.7671	0.8194942	0.4579712	5.726609
2862	-3866.479	-4011.952	145.4734	0.7694125	0.4891942	5.885326
2868	-3864.452	-4009.916	145.4646	0.8476814	0.4891942	5.847399
2874	-3865.01	-4011.533	146.5232	0.8554202	0.4891942	5.261419
2880	-3867.806	-4013.339	145.5332	0.8736854	0.4873498	5.797323
2886	-3872.828	-4017.911	145.0823	0.7962364	0.4147877	6.155993
2892	-3882.979	-4026.339	143.3596	0.7013237	0.4283199	7.12536
2898	-3883.377	-4029.916	146.539	0.8522069	0.534168	5.213998
2904	-3862.413	-4008.757	146.344	0.8136248	0.4451829	5.425426
2910	-3859.515	-4005.808	146.2924	0.826848	0.451742	5.440089
2916	-3868.923	-4015.323	146.3997	0.9687264	0.5135009	5.244852
2922	-3865.461	-4013.37	147.9086	0.9687264	0.4892314	4.425504
2928	-3868.332	-4015.757	147.425	0.9826983	0.4892314	4.68929
2934	-3876.79	-4023.435	146.6454	0.734313	0.3793796	5.371573
2940	-3859.469	-4005.767	146.2978	0.8765059	0.4995072	5.364676
2946	-3860.517	-4005.985	145.4684	0.8212517	0.4445267	5.902103
2952	-3862.801	-4008.247	145.4461	0.8848707	0.4681824	5.856717
2958	-3868.393	-4013.105	144.7117	0.7294775	0.4932802	6.318241
2964	-3873.812	-4018.088	144.276	0.7533841	0.4932802	6.541506
2970	-3868.611	-4013.882	145.2712	0.8191805	0.4055404	6.050207
2976	-3878.971	-4025.272	146.3014	0.840499	0.4450894	5.434194
2982	-3876.267	-4020.824	144.5567	0.7092593	0.4505671	6.453204
2988	-3884.604	-4030.143	145.5388	0.7555596	0.3730422	5.97377
2994	-3884.797	-4029.016	144.2192	0.7919901	0.356315	6.689044
3000	-3864.586	-4010.162	145.576	0.9074458	0.5070614	5.737516
3006	-3862.568	-4009.266	146.6981	0.9236655	0.458584	5.155976
3012	-3871.648	-4019.256	147.6084	0.924876	0.458584	4.648406
3018	-3877.834	-4023.915	146.0815	0.8224076	0.3923709	5.619209
3024	-3886.275	-4033.297	147.0223	0.9086119	0.3712351	5.075832
3030	-3879.048	-4027.272	148.2239	0.9798013	0.5877379	4.153132
3036	-3871.021	-4018.307	147.2862	0.9785739	0.4700443	4.787439
3042	-3870.577	-4016.448	145.8713	0.8564389	0.4837331	5.624847
3048	-3862.204	-4006.906	144.7017	0.8588573	0.480923	6.26472
3054	-3867.283	-4012.579	145.2958	0.7899869	0.5649963	5.905064
3060	-3874.141	-4020.668	146.5277	0.8893318	0.3948134	5.334225
3066	-3860.124	-4007.072	146.9482	0.9401195	0.3763348	5.093794
3072	-3865.339	-4011.547	146.2078	0.9645343	0.4434581	5.41902
3078	-3867.035	-4013.304	146.2686	0.7518595	0.533697	5.41902
3084	-3864.171	-4010.666	146.4953	0.8839465	0.4141197	5.334681
3090	-3861.18	-4006.393	145.2127	0.8277506	0.3907083	6.092995
3096	-3866.409	-4011.495	145.0866	0.7774082	0.3799444	6.200656
3102	-3871.429	-4018.353	146.9236	0.9133543	0.3876138	5.109802
3108	-3872.463	-4017.768	145.3055	0.8929511	0.3876138	6.010203
3114	-3876.682	-4020.908	144.2254	0.7117957	0.5460371	6.545408
3120	-3878.446	-4022.697	144.2514	0.7677331	0.4201277	6.616791
3126	-3881.32	-4027.43	146.11	0.9981546	0.3699158	5.531537
3132	-3878.339	-4024.846	146.5068	0.9266968	0.374242	5.34761
3138	-3867.039	-4013.954	146.9157	0.9059599	0.5148432	4.992503
3144	-3861.865	-4007.046	145.1811	0.8397035	0.4771916	6.017657
3150	-3874.5	-4020.103	145.6026	0.7675033	0.4496185	5.853182
3156	-3879.929	-4025.027	145.0979	0.7083412	0.3737269	6.238821
3162	-3868.146	-4015.241	147.0941	0.9030156	0.4570913	4.949183
3168	-3868.402	-4014.176	145.7738	0.8919678	0.4539813	5.687037
3174	-3868.833	-4015.365	146.5321	0.9178974	0.5201303	5.193873
3180	-3881.627	-4027.325	145.6976	0.8514933	0.5312355	5.680176
3186	-3879.318	-4025.074	145.7551	0.9100533	0.4615026	5.680176
3192	-3890.28	-4036.399	146.1193	0.7517574	0.5151716	5.517558
3198	-3891.939	-4038.861	146.9226	0.8045653	0.5134912	5.046233
3204	-3877.368	-4024.115	146.7465	0.933147	0.6110891	4.989964
3210	-3883.152	-4028.46	145.308	0.843078	0.6021546	5.839279
3216	-3880.935	-4027.245	146.3098	0.906659	0.4704405	5.36851
3222	-3878.103	-4023.398	145.2955	0.8870306	0.4879536	5.919443
3228	-3873.983	-4019.534	145.551	0.8273122	0.4754513	5.82403
3234	-3872.239	-4018.108	145.8691	0.8536044	0.4364962	5.673027
3240	-3870.727	-4017.06	146.3338	1.004193	0.443902	5.32724
3246	-3868.929	-4015.467	146.5378	0.8898568	0.4183874	5.303547
3252	-3871.151	-4018.661	147.5103	0.9620583	0.4901388	4.652237
3258	-3877.401	-4023.272	145.8708	0.9588807	0.4516017	5.599467
3264	-3878.57	-4024.692	146.1224	0.9207	0.4643236	5.469846
3270	-3872.286	-4019.636	147.3498	0.9207	0.5074861	4.749089
3276	-3875.599	-4022.029	146.4302	0.915316	0.4451989	5.321818
3282	-3871.798	-4019.209	147.4112	0.9516544	0.4457099	4.756541
3288	-3866.919	-4012.03	145.1111	0.8125254	0.4457099	6.100592
3294	-3872.377	-4017.002	144.6253	0.736197	0.33556	6.523361
3300	-3860.319	-4005.405	145.0865	0.703928	0.4588692	6.160412
3306	-3868.589	-4013.708	145.119	0.7221083	0.5469857	6.053671
3312	-3867.442	-4013.192	145.7498	0.7947606	0.4908713	5.718706
3318	-3883.108	-4027.091	143.9823	0.7647961	0.4908713	6.696372
3324	-3883.752	-4028.725	144.9732	0.8723899	0.5695861	6.03239
3330	-3869.723	-4015.612	145.8896	0.7954876	0.6205551	5.532029
3336	-3871.634	-4016.847	145.2134	0.9147272	0.6134735	5.842917
3342	-3870.119	-4016.473	146.3541	0.931428	0.4927199	5.30956
3348	-3868.947	-4014.637	145.6899	0.8657446	0.4927199	5.710934
3354	-3860.703	-4006.952	146.249	0.7160991	0.5033691	5.476412
3360	-3866.682	-4013.878	147.1954	0.7890438	0.4459987	4.967169
3366	-3874.64	-4021.746	147.1058	0.8630846	0.4547328	4.967169
3372	-3876.681	-4022.178	145.4974	0.8630846	0.4279738	5.879825
3378	-3873.255	-4018.402	145.1475	0.7640315	0.4424775	6.110309
3384	-3869.561	-4016.457	146.8955	0.875547	0.419307	5.112661
3390	-3867.934	-4012.895	144.961	0.7874856	0.4734381	6.169448
3396	-3877.986	-4024.306	146.3195	0.7529956	0.4125667	5.50527
3402	-3875.959	-4021.931	145.972	0.7706944	0.6142852	5.50527
3408	-3868.574	-4014.676	146.1023	0.7822873	0.395089	5.626868
3414	-3881.054	-4027.915	146.8612	0.8235532	0.4649034	5.115004
3420	-3879.903	-4027.532	147.6289	0.830464	0.3788009	4.773267
3426	-3876.697	-4023.015	146.3176	0.9584038	0.4661583	5.339779
3432	-3881.892	-4027.374	145.4823	0.8889175	0.4963004	5.808673
3438	-3874.991	-4022.23	147.2396	0.958821	0.3240013	4.98288
3444	-3868.511	-4014.838	146.3265	0.8112589	0.4289259	5.452625
3450	-3867.385	-4013.029	145.6439	0.8777408	0.4177559	5.802063
3456	-3865.376	-4012.123	146.7472	0.871299	0.4367933	5.179308
3462	-3869.188	-4015.004	145.8168	0.8420434	0.5494602	5.604338
3468	-3867.859	-4014.906	147.0471	1.027089	0.5494602	4.821403
3474	-3868.595	-4015.154	146.5598	0.9154311	0.4033614	5.292969
3480	-3876.185	-4022.371	146.1863	0.8548467	0.4563116	5.47863
3486	-3878.044	-4024.821	146.7767	0.9062948	0.425074	5.155497
3492	-3867.648	-4014.262	146.6147	0.9315618	0.4113485	5.245353
3498	-3866.215	-4012.694	146.4789	0.9315618	0.4108412	5.320892
3504	-3867.795	-4014.805	147.01	0.9315618	0.5704453	4.877501
3510	-3871.153	-4019.06	147.9071	1.10827	0.4989301	4.338472
3516	-3870.318	-4018.619	148.3004	1.10827	0.4140661	4.200546
3522	-3864.116	-4010.511	146.3946	0.8391224	0.4282093	5.400474
3528	-3867.531	-4015.202	147.6718	0.8336812	0.446712	4.675764
3534	-3884.575	-4029.185	144.6096	0.7519747	0.4299003	6.421576
3540	-3880.216	-4024.694	144.4778	0.7117461	0.4284581	6.516219
3546	-3872.697	-4019.145	146.4476	0.8725536	0.3426257	5.446215
3552	-3870.735	-4017.638	146.9028	0.9319543	0.5276752	4.973785
3558	-3868.012	-4015.064	147.0516	0.9319543	0.4398425	4.973785
3564	-3870.674	-4017.857	147.1823	0.9393335	0.3678373	4.973785
3570	-3868.599	-4014.652	146.0532	0.9065988	0.3782331	5.603851
3576	-3874.4	-4019.637	145.2377	0.8401986	0.3807914	6.083314
3582	-3869.54	-4015.776	146.2364	0.9339257	0.4388046	5.424734
3588	-3869.125	-4016.541	147.4158	0.9448748	0.3784785	4.828721
3594	-3869.8	-4017.091	147.2918	1.046031	0.3900355	4.828721
3600	-3873.006	-4020.71	147.704	0.996132	0.3774111	4.640131
3606	-3863.796	-4009.95	146.1549	0.9398068	0.4499819	5.455328
3612	-3861.43	-4008.187	146.7574	0.8684136	0.4619076	5.150528
3618	-3871.357	-4017.864	146.507	0.8558708	0.3858855	5.373731
3624	-3878.209	-4024.728	146.5181	0.8336595	0.3915343	5.373731
3630	-3867.791	-4014.086	146.2947	0.9231147	0.4641944	5.373731
3636	-3873.423	-4019.911	146.488	0.8023567	0.4641944	5.333745
3642	-3870.86	-4017.875	147.0153	0.898579	0.4641944	4.988507
3648	-3864.601	-4011.017	146.4155	0.8738511	0.4450645	5.352935
3654	-3869.641	-4014.588	144.9473	0.7744901	0.4362772	6.219668
3660	-3865.063	-4011.394	146.3312	0.9097695	0.4726122	5.352935
3666	-3874.611	-4018.588	143.9775	0.8130134	0.4047256	6.756065
3672	-3875.927	-4023.148	147.2205	1.102563	0.3885496	4.838569
3678	-3869.925	-4018.447	148.522	1.049285	0.529242	3.994671
3684	-3874.013	-4021.315	147.3022	0.9195755	0.4624855	4.81874
3690	-3864.832	-4011.706	146.8735	0.9074699	0.4193882	5.107102
3696	-3867.902	-4014.779	146.8768	0.9041487	0.4193882	5.107102
3702	-3875.063	-4021.141	146.0773	0.9590129	0.4571569	5.480507
3708	-3871.919	-4016.678	144.7597	0.8216247	0.6162224	6.139087
3714	-3875.474	-4023.187	147.7132	0.984315	0.5152921	4.502554
3720	-3881.635	-4029.29	147.6549	1.016238	0.477883	4.552373
3726	-3876.637	-4024.798	148.1607	1.017756	0.4140464	4.33095
3732	-3877.989	-4024.982	146.9929	0.8450675	0.4544838	5.040128
3738	-3870.581	-4016.552	145.9712	0.9126815	0.4768821	5.545508
3744	-3878.212	-4023.966	145.7545	0.8642513	0.3903436	5.777657
3750	-3868.222	-4013.996	145.7745	0.8752308	0.4792496	5.67184
3756	-3879.26	-4025.093	145.8326	0.8804776	0.4942055	5.623266
3762	-3866.361	-4013.334	146.9731	0.9327036	0.3821637	5.077623
3768	-3869.395	-4016.101	146.7059	0.9697613	0.5688084	5.026747
3774	-3878.362	-4025.641	147.2791	0.996377	0.4266343	4.824691
3780	-3870.97	-4016.304	145.3342	0.8652834	0.4266343	5.969108
3786	-3876.509	-4023.049	146.5401	0.7907638	0.4705173	5.305335
3792	-3868.154	-4015.187	147.0329	0.9164159	0.439638	4.993031
3798	-3874.072	-4022.216	148.1441	0.9407335	0.4229264	4.374443
3804	-3869.637	-4016.242	146.6054	0.8415398	0.4698807	5.241824
3810	-3877.425	-4023.784	146.3589	0.7914363	0.4730835	5.402465
3816	-3873.465	-4018.845	145.3799	0.7914363	0.3993923	6.012487
3822	-3877.346	-4023.688	146.342	1.01947	0.4386521	5.319494
3828	-3869.779	-4017.927	148.1483	0.9422681	0.4698542	4.323764
3834	-3869.165	-4016.337	147.172	1.001883	0.3494783	4.965923
3840	-3879.958	-4027.459	147.5012	0.9706878	0.4896065	4.652999
3846	-3889.281	-4036.493	147.2116	0.9706878	0.4007709	4.903751
3852	-3880.115	-4024.892	144.777	0.7896319	0.4967803	6.246895
3858	-3884.31	-4027.533	143.2235	0.6957703	0.5168894	7.119509
3864	-3868.039	-4012.526	144.4868	0.7765924	0.5168894	6.393705
3870	-3867.718	-4012.896	145.1783	0.7648075	0.4104575	6.125308
3876	-3873.826	-4019.646	145.8203	1.028591	0.4331956	5.607086
3882	-3858.294	-4006.102	147.8077	1.059137	0.4041051	4.517211
3888	-3872.032	-4018.782	146.7495	0.8537322	0.3942179	5.232009
3894	-3869.933	-4016.638	146.7053	0.9848573	0.4851407	5.092784
3900	-3875.428	-4022.06	146.6318	1.043976	0.5678219	5.027503
3906	-3871.043	-4019.412	148.3692	1.043976	0.4058082	4.206866
3912	-3878.693	-4025.119	146.4262	1.049436	0.4058082	5.290208
3918	-3867.31	-4012.702	145.3913	0.766972	0.4528742	5.965683
3924	-3879.009	-4025.825	146.816	0.7994391	0.3423007	5.283789
3930	-3872.223	-4018.896	146.6727	0.8679	0.3784646	5.283789
3936	-3868.58	-4015.281	146.7012	0.8393979	0.3784646	5.283789
3942	-3863.386	-4009.344	145.9581	0.8117516	0.4511345	5.632719
3948	-3862.316	-4007.925	145.6094	0.7796287	0.4086408	5.883996
3954	-3867.971	-4013.904	145.9328	0.9783738	0.3533178	5.658502
3960	-3864.711	-4010.995	146.2839	0.9061803	0.5017929	5.353896
3966	-3865.101	-4011.152	146.0518	0.9427551	0.4688327	5.492246
3972	-3865.912	-4012.264	146.3525	0.8160233	0.4660369	5.399148
3978	-3871.218	-4016.527	145.3094	1.028855	0.4660369	5.854771
3984	-3866.282	-4014.182	147.9003	1.080086	0.3435253	4.522158
3990	-3860.11	-4007.844	147.7348	1.02607	0.4455643	4.533697
3996	-3859.938	-4007.597	147.6582	1.031944	0.4862348	4.533697
4002	-3865.108	-4012.975	147.8669	1.104462	0.3287561	4.545235
4008	-3871.798	-4019.268	147.4694	1.013725	0.4149613	4.720866
4014	-3874.621	-4022.753	148.1321	1.005883	0.4002572	4.368658
4020	-3866.51	-4012.332	145.8224	0.8166946	0.4059667	5.749991
4026	-3870.037	-4015.795	145.7571	0.8491867	0.5147793	5.663279
4032	-3877.17	-4023.01	145.8401	0.8587085	0.4598634	5.663279
4038	-3875.294	-4021.229	145.9346	0.8992144	0.4889877	5.56176
4044	-3870.179	-4016.09	145.9104	0.9265141	0.4872251	5.561664
4050	-3873.828	-4020.409	146.5803	0.8267616	0.3606331	5.377476
4056	-3873.684	-4020.519	146.8351	0.8523974	0.4798036	5.099246
4062	-3862.194	-4008.695	146.5009	0.8178001	0.4056244	5.376991
4068	-3861.194	-4007.103	145.9089	0.7907038	0.3873856	5.73659
4074	-3863.173	-4009.519	146.346	0.8389751	0.5059539	5.352972
4080	-3857.61	-4003.232	145.6221	0.8571121	0.4211969	5.821758
4086	-3862.801	-4007.929	145.1286	0.7646087	0.4554749	6.107704
4092	-3858.064	-4003.539	145.4755	0.8374865	0.4368186	5.896969
4098	-3866.494	-4012.801	146.3065	0.8374865	0.5527578	5.334532
4104	-3872.168	-4017.19	145.0218	0.7704404	0.5052875	6.116566
4110	-3865.893	-4012.316	146.4221	0.9201987	0.4164286	5.352662
4116	-3872.064	-4020.092	148.0272	1.030074	0.5621771	4.25795
4122	-3874.31	-4018.888	144.5775	0.7055525	0.4760784	6.419794
4128	-3877.621	-4023.764	146.1435	0.7790597	0.4256173	5.574299
4134	-3875.447	-4021.43	145.9834	0.8540589	0.4733849	5.574299
4140	-3864.045	-4010.308	146.2631	0.8442259	0.4024703	5.496701
4146	-3871.046	-4017.592	146.5457	0.9336108	0.4417043	5.251375
4152	-3870.486	-4015.85	145.3639	0.8413926	0.5916056	5.818071
4158	-3864.317	-4010.16	145.8432	0.7941194	0.4547462	5.701914
4164	-3857.461	-4002.383	144.9221	0.8407432	0.5493995	6.094282
4170	-3861.75	-4006.946	145.1957	0.9168055	0.3539642	6.094282
4176	-3863.391	-4008.136	144.7452	0.8054181	0.2955409	6.46988
4182	-3856.856	-4001.532	144.6762	0.7507477	0.3845409	6.432996
4188	-3860.054	-4005.547	145.4928	0.778431	0.5103256	5.850739
4194	-3866.257	-4012.739	146.4825	0.9131777	0.5684856	5.182217
4200	-3873.537	-4020.408	146.8712	0.9844573	0.5884289	4.910397
4206	-3872.112	-4019.463	147.3503	0.9999893	0.4267208	4.782809
4212	-3864.023	-4009.571	145.5487	0.8003016	0.4137093	5.900622
4218	-3858.661	-4005.299	146.638	0.8165103	0.4325259	5.274325
4224	-3865.043	-4011.206	146.1637	0.8736298	0.5190097	5.422645
4230	-3871.03	-4017.177	146.1471	0.7745224	0.533459	5.473637
4236	-3865.059	-4010.152	145.0923	0.7427414	0.4135242	6.180963
4242	-3867.305	-4013.545	146.2404	0.8148295	0.4343557	5.492526
4248	-3868.463	-4014.203	145.7402	0.8660673	0.4322994	5.74105
4254	-3874.935	-4021.254	146.3198	0.8686425	0.3857901	5.469902
4260	-3881.874	-4027.636	145.7616	0.8380995	0.3915024	5.78684
4266	-3873.678	-4019.199	145.5209	0.747125	0.3857706	5.974254
4272	-3875.043	-4021.108	146.065	0.7801862	0.4261377	5.616263
4278	-3875.022	-4020.356	145.3336	0.852027	0.4261377	5.977141
4284	-3868.316	-4014.895	146.5791	0.891029	0.4885447	5.211422
4290	-3863.802	-4010.349	146.5467	0.8611128	0.4004638	5.333265
4296	-3866.925	-4013.372	146.4468	0.9462166	0.4855606	5.256822
4302	-3868.107	-4014.263	146.1554	0.8982084	0.4998309	5.430898
4308	-3871.256	-4016.954	145.698	0.9304841	0.5526164	5.618304
4314	-3870.999	-4016.521	145.5218	0.9765159	0.3670345	5.869023
4320	-3865	-4010.008	145.008	0.8037334	0.6002663	6.026071
4326	-3860.646	-4005.054	144.4078	0.8037334	0.3994762	6.533893
4332	-3860.146	-4004.373	144.2271	0.8321126	0.4838577	6.533893
4338	-3855.843	-4001.674	145.8308	0.8266769	0.4061275	5.739747
4344	-3860.834	-4007.775	146.941	0.9020312	0.5039469	4.990542
4350	-3869.191	-4014.751	145.5602	0.8318139	0.4110843	5.879836
4356	-3871.551	-4016.719	145.1673	0.7178313	0.4487918	6.118532
4362	-3865.434	-4011.016	145.5819	0.8095507	0.3576929	5.937892
4368	-3864.224	-4009.486	145.2619	0.8332889	0.5205064	5.937892
4374	-3861.386	-4008.362	146.9756	0.9082452	0.6019613	4.883667
4380	-3869.158	-4016.528	147.3697	0.979516	0.3761487	4.837748
4386	-3864.626	-4011.836	147.2102	0.9833765	0.5088696	4.790777
4392	-3865.822	-4012.659	146.8376	0.8879173	0.4361185	5.12075
4398	-3866.965	-4013.71	146.7449	0.8879173	0.4235825	5.184804
4404	-3868.189	-4012.842	144.6526	0.8498396	0.4251525	6.349921
4410	-3880.561	-4025.907	145.3468	0.8846138	0.48884	5.891884
4416	-3877.762	-4023.679	145.9173	0.8463312	0.3545256	5.737996
4422	-3889.867	-4034.318	144.4508	0.7817187	0.4790848	6.444405
4428	-3877.947	-4024.269	146.322	0.8109182	0.4429987	5.441193
4434	-3876.009	-4020.639	144.6301	0.8134699	0.4702402	6.338161
4440	-3876.816	-4023.793	146.9767	0.9432548	0.4240186	5.02521
4446	-3876.306	-4021.576	145.2699	0.8669563	0.4000323	6.030615
4452	-3879.988	-4027.475	147.4873	0.8653594	0.4307445	4.777367
4458	-3881.313	-4024.637	143.3238	0.7353276	0.4307445	7.123903
4464	-3876.527	-4021.815	145.2888	0.7063206	0.4827375	6.026517
4470	-3875.79	-4022.098	146.3084	0.8281189	0.3992534	5.484032
4476	-3879.079	-4025.214	146.1351	0.808709	0.507909	5.484032
4482	-3876.3	-4021.976	145.6765	0.8460633	0.4416994	5.777506
4488	-3876.596	-4023.715	147.1189	0.8594508	0.4891547	4.928972
4494	-3875.707	-4024.292	148.5856	1.061352	0.4499158	4.027579
4500	-3872.32	-4020.186	147.8659	0.9033605	0.460106	4.51448
4506	-3869.612	-4016.082	146.47	0.9033605	0.3810883	5.37321
4512	-3863.244	-4008.96	145.7159	0.8625734	0.4017489	5.78759
4518	-3867.224	-4012.918	145.6938	0.9163909	0.3854761	5.78759
4524	-3866.084	-4012.63	146.5457	0.9341458	0.4815203	5.212634
4530	-3879.816	-4027.459	147.6422	0.9296592	0.461268	4.62419
4536	-3878.053	-4025.238	147.1849	0.9614595	0.4245457	4.898799
4542	-3866.528	-4013.646	147.1179	0.8235099	0.4092599	5.028664
4548	-3871.301	-4016.915	145.6142	0.8235099	0.5055666	5.763865
4554	-3866.769	-4012.978	146.2087	0.9725524	0.4743707	5.384202
4560	-3876.492	-4021.408	144.9159	0.8349976	0.3705541	6.272401
4566	-3882.597	-4028.355	145.7582	0.7961719	0.4263324	5.775449
4572	-3871.542	-4018.056	146.5143	0.8181787	0.4638011	5.310854
4578	-3866.439	-4012.87	146.4311	0.9247673	0.5157938	5.249792
4584	-3871.175	-4017.021	145.8459	0.8933965	0.5338644	5.573554
4590	-3867.837	-4012.487	144.6504	0.7304808	0.4781247	6.36487
4596	-3865.602	-4010.278	144.6756	0.9011961	0.3724036	6.36487
4602	-3863.603	-4009.885	146.2817	0.8569423	0.3724036	5.512014
4608	-3863.521	-4009.417	145.8966	0.9627693	0.4564647	5.578411
4614	-3861.684	-4007.69	146.0057	0.9042332	0.428391	5.578411
4620	-3864.488	-4010.111	145.6222	0.8343394	0.5406421	5.722803
4626	-3855.999	-4001.797	145.7982	0.8343394	0.4361186	5.722803
4632	-3857.589	-4003.659	146.0696	0.8474455	0.4542514	5.548911
4638	-3859.553	-4005.395	145.8415	0.8153895	0.4673765	5.679087
4644	-3860.822	-4007.309	146.4871	0.8393731	0.473573	5.304853
4650	-3861.47	-4007.509	146.0398	0.8339212	0.4826528	5.545698
4656	-3869.459	-4016.524	147.0649	0.8416678	0.4198072	5.036972
4662	-3867.664	-4013.539	145.875	0.7639457	0.5202118	5.640564
4668	-3872.354	-4016.078	143.724	0.7853346	0.4396514	6.872798
4674	-3872.926	-4019.995	147.0686	0.8683205	0.4217717	5.018112
4680	-3874.523	-4019.386	144.8633	0.8314969	0.4950155	6.178844
4686	-3887.127	-4032.015	144.8883	0.6862137	0.473461	6.264019
4692	-3886.1	-4031.59	145.4907	0.8223981	0.3546099	5.984189
4698	-3878.893	-4025.186	146.293	0.8905428	0.3623337	5.498665
4704	-3871.269	-4015.986	144.7168	0.8316665	0.4623182	6.288644
4710	-3869.026	-4013.828	144.802	0.6728536	0.3459863	6.449854
4716	-3871.48	-4017.487	146.007	0.8974486	0.5152768	5.499106
4722	-3869.042	-4016.386	147.3436	1.012414	0.551733	4.661929
4728	-3869.39	-4015.652	146.262	0.840346	0.4325658	5.468442
4734	-3881.232	-4026.375	145.1427	0.9010692	0.4467329	6.034144
4740	-3877.074	-4024.297	147.2235	0.918722	0.4828891	4.843565
4746	-3873.288	-4020.71	147.4225	0.9906049	0.3403119	4.843565
4752	-3870.605	-4017.751	147.146	0.9675253	0.4516074	4.889752
4758	-3871.97	-4017.809	145.8389	0.9191726	0.5525559	5.547214
4764	-3871.419	-4017.358	145.9386	0.9052748	0.4307668	5.612275
4770	-3875.889	-4021.608	145.7189	0.782249	0.4945018	5.739175
4776	-3867.391	-4013.246	145.8557	0.8121125	0.4634741	5.676786
4782	-3866.271	-4013.331	147.0593	1.072163	0.4932853	4.839791
4788	-3862.13	-4008.762	146.6314	0.9567451	0.4472021	5.185758
4794	-3874.26	-4020.666	146.4056	0.9396858	0.587086	5.194699
4800	-3870.22	-4016.538	146.3175	0.9066193	0.5565045	5.287133
4806	-3873.216	-4020.241	147.0249	0.8837892	0.464638	4.990954
4812	-3875.846	-4021.802	145.9558	0.9450297	0.4036299	5.608914
4818	-3868.77	-4016.373	147.603	0.8471068	0.4286992	4.725044
4824	-3870.892	-4017.303	146.4112	0.7939541	0.3831641	5.463567
4830	-3873.457	-4020.002	146.5452	0.9302421	0.4277326	5.267573
4836	-3876.394	-4023.096	146.7029	0.9030891	0.360754	5.267573
4842	-3876.46	-4023.648	147.1882	0.8225471	0.4808076	4.918785
4848	-3870.729	-4016.427	145.6978	0.8151785	0.4808076	5.7453
4854	-3875.09	-4021.278	146.1878	0.8578857	0.5942235	5.35442
4860	-3871.028	-4018.785	147.7566	0.9281138	0.4913108	4.531971
4866	-3866.24	-4014.018	147.778	0.9635121	0.4581915	4.531971
4872	-3866.432	-4014.538	148.1058	0.9857014	0.3894522	4.406714
4878	-3872.997	-4020.885	147.8877	1.023938	0.4589877	4.435426
4884	-3865.936	-4012.236	146.3002	0.8252076	0.4553949	5.433143
4890	-3867.81	-4013.73	145.9206	0.8170304	0.4857977	5.617496
4896	-3868.264	-4015.283	147.0194	0.8853139	0.4873458	4.971584
4902	-3867.964	-4015.937	147.9731	0.9422532	0.445813	4.446514
4908	-3867.714	-4012.899	145.1842	0.9238377	0.4873246	5.960695
4914	-3867.007	-4012.285	145.2785	0.8839629	0.4557264	5.960695
4920	-3876.17	-4022.295	146.1249	0.8467368	0.5346829	5.445029
4926	-3872.253	-4018.963	146.7103	0.8467368	0.554651	5.104519
4932	-3875.963	-4023.357	147.394	0.8774537	0.6185086	4.653895
4938	-3885.042	-4030.95	145.9084	0.9568466	0.4779187	5.554769
4944	-3881.705	-4026.364	144.6592	0.7699917	0.4914187	6.326451
4950	-3879.853	-4025.741	145.8886	0.9235813	0.4723848	5.589135
4956	-3878.578	-4024.877	146.2993	0.88842	0.5301299	5.329944
4962	-3869.016	-4016.401	147.3847	0.9627065	0.364443	4.851984
4968	-3862.469	-4010.005	147.5358	0.9761382	0.3933921	4.727829
4974	-3856.38	-4002.794	146.4136	0.8405248	0.404538	5.413677
4980	-3855.108	-4002.284	147.1761	0.9088572	0.3985374	4.960323
4986	-3855.823	-4002.669	146.8455	0.807086	0.4417709	5.155508
4992	-3856.755	-4001.895	145.1401	0.866347	0.4884013	6.015077
4998	-3863.754	-4008.611	144.8567	0.7628863	0.3100641	6.414227
5004	-3875.789	-4022.147	146.3581	0.7747455	0.5810503	5.317028
5010	-3875.605	-4021.601	145.9963	0.796219	0.5724472	5.511619
5016	-3860.841	-4006.612	145.7716	0.9274669	0.5094055	5.61719
5022	-3856.727	-4004.071	147.3441	1.055506	0.4515508	4.730185
5028	-3864.754	-4009.613	144.8588	0.8291709	0.4380822	6.236262
5034	-3870.37	-4015.798	145.428	0.8714824	0.4622423	5.879584
5040	-3859.969	-4007.226	147.2571	0.9464566	0.4284887	4.862876
5046	-3862.628	-4010.234	147.6065	1.036569	0.370948	4.679401
5052	-3863.18	-4009.908	146.7281	0.9455864	0.4652481	5.120801
5058	-3864.48	-4010.944	146.4634	0.9010642	0.569862	5.198328
5064	-3855.987	-4002.746	146.7587	0.9464253	0.4779183	5.091269
5070	-3865.947	-4010.759	144.812	0.900342	0.5038615	6.161304
5076	-3864.695	-4012.799	148.1039	1.015547	0.4601441	4.316957
5082	-3869.537	-4017.368	147.8317	1.015547	0.5031378	4.429437
5088	-3878.777	-4027.148	148.3712	1.168313	0.6082827	3.944467
5094	-3867.948	-4015.62	147.6724	0.985843	0.5209473	4.519552
5100	-3879.667	-4025.146	145.4794	0.9226502	0.6381992	5.673831
5106	-3880.922	-4027.913	146.9911	0.9817164	0.4944194	4.927152
5112	-3868.68	-4014.14	145.4598	0.8829379	0.3230311	6.00512
5118	-3867.458	-4012.825	145.3671	0.7563185	0.4321219	6.00512
5124	-3873.685	-4019.608	145.9233	0.8788088	0.4968482	5.571963
5130	-3877.447	-4023.387	145.9396	0.8859592	0.5189311	5.539212
5136	-3873.903	-4020.553	146.65	0.9592779	0.4155106	5.206156
5142	-3873.324	-4018.318	144.9937	0.7732494	0.4715669	6.161192
5148	-3867.41	-4013.264	145.8531	0.766091	0.4836977	5.684418
5154	-3872.965	-4018.289	145.3246	0.7865119	0.4590815	5.985488
5160	-3872.607	-4017.754	145.1465	0.8129498	0.4673392	6.060339
5166	-3876.82	-4021.881	145.061	0.8591353	0.3707625	6.180174
5172	-3869.461	-4014.267	144.8059	0.7742224	0.4928263	6.243139
5178	-3870.725	-4015.31	144.5845	0.7742224	0.4545824	6.399018
5184	-3862.354	-4009.092	146.7375	0.8576863	0.3881269	5.24305
5190	-3867.424	-4013.052	145.628	0.8652757	0.5339088	5.708469
5196	-3872.429	-4017.907	145.4782	0.8163312	0.4389551	5.904911
5202	-3876.451	-4020.052	143.6008	0.6694632	0.3960851	7.045514
5208	-3873.259	-4018.662	145.4032	0.7216074	0.46421	5.973114
5214	-3867.175	-4012.128	144.953	0.7808848	0.5858389	6.080015
5220	-3888.711	-4033.606	144.8951	0.9631414	0.6962386	5.928595
5226	-3886.603	-4033.028	146.4254	1.002827	0.4900333	5.233204
5232	-3878.116	-4024.688	146.5715	0.9844241	0.6495136	5.028707
5238	-3874.998	-4021.919	146.9209	0.902551	0.3669914	5.140202
5244	-3876.043	-4022.103	146.0602	0.9036579	0.4537422	5.523675
5250	-3872.285	-4018.382	146.0972	0.9904219	0.3873466	5.523675
5256	-3874.091	-4020.185	146.0935	0.9022494	0.4359183	5.523675
5262	-3869.364	-4015.211	145.8476	0.9533324	0.5371016	5.536841
5268	-3861.241	-4007.122	145.8805	0.8668752	0.5260671	5.575902
5274	-3861.275	-4008.953	147.6779	0.9312521	0.4689119	4.595768
5280	-3865.166	-4012.074	146.9086	0.8434152	0.4095155	5.133408
5286	-3861.351	-4007.152	145.8007	0.8936608	0.4148092	5.710535
5292	-3870.619	-4016.565	145.9457	0.8260079	0.4053346	5.677947
5298	-3871.795	-4017.08	145.2854	0.7972251	0.4559958	6.003956
5304	-3874.835	-4021.529	146.6938	0.8684749	0.4136986	5.234052
5310	-3870.563	-4017.606	147.0431	0.813799	0.4603717	5.023907
5316	-3870.479	-4018.273	147.7942	1.029558	0.4998811	4.445715
5322	-3868.072	-4015.011	146.9392	0.9885178	0.460777	4.984163
5328	-3860.229	-4007.096	146.8666	0.9682368	0.515992	4.984163
5334	-3868.728	-4015.83	147.1014	1.007305	0.5753459	4.780145
5340	-3869.983	-4016.857	146.8744	0.9620161	0.4786355	5.017757
5346	-3862.463	-4007.89	145.4276	0.7700334	0.509166	5.891958
5352	-3864.54	-4011.666	147.1261	0.8459588	0.4035084	5.017713
5358	-3878.089	-4022.281	144.1927	0.8750107	0.3685507	6.644835
5364	-3873.687	-4020.09	146.4029	0.9326108	0.4921405	5.282494
5370	-3866.997	-4012.49	145.4928	0.9423585	0.4296167	5.837356
5376	-3871.053	-4016.454	145.4007	0.8273257	0.5055738	5.878572
5382	-3876.213	-4022.396	146.1836	0.9161083	0.484054	5.420051
5388	-3873.668	-4019.544	145.8755	0.8927241	0.4741112	5.61162
5394	-3872.835	-4018.192	145.357	0.8743392	0.4016866	5.977332
5400	-3872.193	-4017.851	145.6586	0.8189826	0.5004792	5.74662
5406	-3873.57	-4019.883	146.3125	0.868104	0.4942723	5.366009
5412	-3876.238	-4023.219	146.9813	0.8948796	0.4647114	5.008941
5418	-3882.95	-4029.527	146.5773	0.8948796	0.3817272	5.317983
5424	-3879.519	-4025.758	146.2399	0.8588116	0.4520096	5.45116
5430	-3872.182	-4017.741	145.559	1.023048	0.5228701	5.669443
5436	-3870.621	-4018.54	147.9193	1.034488	0.4681851	4.40265
5442	-3864.835	-4013.139	148.3039	1.051705	0.4306527	4.213149
5448	-3872.169	-4020.349	148.18	1.066966	0.4418443	4.263227
5454	-3878.636	-4026.339	147.7027	1.062361	0.4068648	4.571444
5460	-3868.868	-4015.633	146.7646	0.8547818	0.412554	5.203693
5466	-3868.235	-4014.797	146.5619	0.9127202	0.3805255	5.317989
5472	-3868.085	-4013.702	145.6166	0.9542532	0.5344004	5.665531
5478	-3863.234	-4008.806	145.5717	0.8412221	0.5592885	5.730868
5484	-3862.468	-4009.738	147.2702	0.9593366	0.508232	4.771325
5490	-3860.577	-4008.447	147.8695	1.035262	0.38521	4.516569
5496	-3867.056	-4014.237	147.1816	1.035262	0.4018347	4.883377
5502	-3858.403	-4004.033	145.6301	0.9152649	0.5099522	5.700971
5508	-3864.6	-4010.294	145.6937	0.8264812	0.5571428	5.673885
5514	-3878.887	-4023.494	144.6073	0.8308083	0.4711925	6.340253
5520	-3876.751	-4024.105	147.3538	0.9337845	0.4501786	4.79411
5526	-3877.917	-4024.123	146.2063	0.9378515	0.4501786	5.427946
5532	-3875.313	-4023.402	148.0895	1.052046	0.5223176	4.245516
5538	-3869.677	-4018.367	148.6903	1.052046	0.4847162	3.938509
5544	-3875.033	-4024.014	148.9809	1.052046	0.4378893	3.818712
5550	-3871.129	-4019.817	148.688	1.005762	0.3736106	4.083248
5556	-3878.033	-4025.3	147.267	0.9489258	0.5227973	4.765722
5562	-3876.524	-4024.844	148.32	1.120125	0.4424624	4.152989
5568	-3878.522	-4026.769	148.2464	1.010993	0.5228122	4.179353
5574	-3874.109	-4020.709	146.5996	0.9566616	0.3005666	5.367805
5580	-3872.068	-4019.533	147.4648	0.8920288	0.5065118	4.701693
5586	-3866.703	-4014.613	147.9103	0.9566904	0.4731762	4.446721
5592	-3873.112	-4019.74	146.6281	0.9834694	0.4062226	5.21461
5598	-3871.905	-4017.74	145.8345	0.8212916	0.3744034	5.774704
5604	-3887.218	-4034.415	147.1966	1.004816	0.3043949	5.005854
5610	-3868.053	-4013.157	145.1039	0.7672843	0.4543267	6.120799
5616	-3877.413	-4020.834	143.4207	0.8196282	0.4627187	6.995678
5622	-3879.583	-4025.807	146.2241	0.9531696	0.3916971	5.469698
5628	-3892.527	-4038.527	146.0004	0.799737	0.4584536	5.609048
5634	-3884.29	-4028.574	144.2844	0.754596	0.4627187	6.564541
5640	-3888.55	-4034.822	146.2725	1.049667	0.4205793	5.359522
5646	-3877.256	-4024.997	147.7416	1.022652	0.4765887	4.501264
5652	-3885.045	-4029.85	144.8053	0.9608477	0.5626397	6.081423
5658	-3880.756	-4026.552	145.7967	0.7708837	0.5626397	5.643292
5664	-3886.675	-4032.293	145.617	0.906248	0.3981489	5.821572
5670	-3872.802	-4018.807	146.0045	0.7583903	0.3987096	5.689792
5676	-3863.108	-4009.539	146.4304	0.7118668	0.4627342	5.416787
5682	-3868.418	-4014.118	145.7003	0.7146105	0.4627342	5.816044
5688	-3873.065	-4018.489	145.4241	0.7146105	0.4200705	6.008918
5694	-3876.491	-4022.913	146.4221	0.8607185	0.4833876	5.319721
5700	-3866.844	-4013.452	146.6077	0.9012835	0.4175061	5.259563
5706	-3861.594	-4006.77	145.1763	0.8472324	0.4194404	6.072299
5712	-3870.001	-4016.24	146.2385	0.9237989	0.4542347	5.413975
5718	-3868.578	-4015.469	146.8919	0.8861164	0.6004328	4.943828
5724	-3876.216	-4022.081	145.8649	0.8523605	0.5825302	5.544719
5730	-3873.07	-4020.126	147.056	0.8059514	0.5577411	4.932545
5736	-3865.164	-4011.565	146.4012	0.9376883	0.38524	5.387674
5742	-3863.065	-4010.811	147.7463	0.9376883	0.38524	4.640493
5748	-3870.046	-4017.488	147.4413	0.9285807	0.5677226	4.640493
5754	-3869.21	-4014.572	145.3624	0.8443263	0.5093344	5.886875
5760	-3864.972	-4010.816	145.8439	0.8911311	0.4345802	5.668199
5766	-3865.548	-4010.911	145.3636	0.9322368	0.4680842	5.876062
5772	-3868.903	-4014.906	146.0024	0.9728839	0.3698735	5.604583
5778	-3874.887	-4022.737	147.85	1.045194	0.4330055	4.470912
5784	-3866.96	-4014.111	147.151	1.004166	0.4776827	4.841269
5790	-3878.532	-4023.369	144.8371	0.7407774	0.5735576	6.174937
5796	-3866.871	-4011.837	144.9663	0.7512259	0.5246216	6.140172
5802	-3862.235	-4008.294	146.0581	0.8840127	0.4620509	5.527574
5808	-3868.77	-4013.742	144.9724	0.7021511	0.4620509	6.22039
5814	-3872.633	-4019.091	146.4586	0.7054478	0.4620509	5.405464
5820	-3867.756	-4014.057	146.3008	0.7582358	0.5249065	5.405464
5826	-3867.262	-4014.198	146.936	0.8667378	0.5091853	5.008114
5832	-3880.002	-4025.172	145.1699	0.9129454	0.5091853	5.954631
5838	-3877.338	-4024.661	147.3229	0.9462589	0.3753262	4.883248
5844	-3866.76	-4014.012	147.2519	0.9175811	0.5314569	4.783948
5850	-3880.1	-4026.129	146.0293	0.7610565	0.6143072	5.479061
5856	-3869.792	-4014.654	144.8613	0.7909012	0.535436	6.166395
5862	-3871.714	-4017.367	145.6533	0.7089027	0.535436	5.778914
5868	-3873.125	-4018.866	145.7402	0.8546216	0.3782699	5.803853
5874	-3871.933	-4017.601	145.6681	0.8421202	0.5516174	5.684054
5880	-3876.276	-4022.011	145.7346	0.9188215	0.5092109	5.642382
5886	-3873.833	-4020.051	146.2178	0.8792594	0.6894269	5.253148
5892	-3864.258	-4011.573	147.315	0.9651533	0.5937889	4.669
5898	-3873.878	-4021.777	147.8993	1.103505	0.3610937	4.488823
5904	-3864.949	-4013.435	148.4855	1.0744	0.4469673	4.080187
5910	-3862.446	-4010.885	148.4393	1.198982	0.4045826	4.080187
5916	-3860.362	-4008.821	148.4585	1.094738	0.5083397	4.024236
5922	-3863.297	-4011.459	148.162	1.068949	0.5050921	4.210677
5928	-3864.853	-4013.023	148.1701	1.079983	0.4934999	4.210677
5934	-3860.144	-4008.053	147.9088	1.110771	0.4610429	4.372513
5940	-3865.205	-4012.65	147.4444	1.052004	0.5746702	4.563624
5946	-3868.658	-4016.221	147.5631	1.125798	0.47056	4.549413
5952	-3868.523	-4016.006	147.4825	0.9444538	0.3898504	4.779163
5958	-3870.705	-4015.754	145.049	0.8461546	0.4369868	6.124663
5964	-3863.749	-4009.953	146.2041	0.7870031	0.3802602	5.584454
5970	-3871.973	-4017.991	146.0176	0.887314	0.3191028	5.702577
5976	-3883.468	-4028.636	145.168	1.017997	0.3078173	6.109224
5982	-3871.396	-4017.932	146.5359	0.948069	0.3822502	5.310923
5988	-3862.286	-4008.649	146.3628	1.071963	0.4075481	5.310923
5994	-3860.796	-4008.721	147.9251	1.103095	0.3461147	4.492189
6000	-3860.853	-4008.735	147.8828	1.022026	0.3878812	4.513592
6006	-3863.297	-4009.718	146.4214	0.7812923	0.4735402	5.373174
6012	-3865.474	-4011.496	146.0222	0.779607	0.492175	5.576384
6018	-3867.299	-4012.324	145.0242	0.7904498	0.4820839	6.12543
6024	-3872.278	-4019.084	146.8063	0.8679896	0.4307972	5.154499
6030	-3879.233	-4026.371	147.1382	0.8504387	0.4307972	4.980139
6036	-3877.785	-4024.732	146.9473	1.041313	0.4307972	4.980139
6042	-3876.646	-4021.323	144.677	0.8469275	0.6570455	6.139347
6048	-3872.055	-4018.105	146.0497	0.831037	0.486706	5.538051
6054	-3886.568	-4031.77	145.2022	0.8772385	0.4159707	6.045415
6060	-3868.905	-4015.731	146.8253	0.8976223	0.5130278	5.048977
6066	-3868.543	-4015.689	147.1456	0.9579415	0.5279212	4.823878
6072	-3875.263	-4022.779	147.5157	0.8825638	0.5084741	4.67675
6078	-3866.778	-4013.557	146.7792	0.8977235	0.5127259	5.074769
6084	-3873.577	-4020.351	146.7735	1.021481	0.4729849	5.046114
6090	-3878.507	-4024.278	145.7711	0.88502	0.4351308	5.710878
6096	-3875.685	-4021.851	146.1667	0.8911309	0.5001711	5.428294
6102	-3886.367	-4034.376	148.0086	0.8803271	0.4915932	4.416777
6108	-3882.432	-4029.926	147.4938	1.014134	0.4228007	4.698775
6114	-3879.194	-4026.864	147.6708	0.997516	0.5844621	4.458768
6120	-3893.18	-4040.418	147.238	0.9509639	0.2933838	5.02708
6126	-3891.189	-4037.716	146.5274	0.9707377	0.4885869	5.195896
6132	-3883.783	-4031.693	147.9106	0.9514898	0.4713155	4.45129
6138	-3884.544	-4032.429	147.8848	0.9514898	0.5100762	4.429233
6144	-3871.45	-4018.171	146.7208	0.9764631	0.3920411	5.182398
6150	-3872.769	-4017.966	145.1973	0.8306588	0.4309958	6.058268
6156	-3874.004	-4019.302	145.2975	0.9161132	0.4738785	5.91551
6162	-3875.545	-4022.344	146.7992	0.9252682	0.4626921	5.095093
6168	-3878.564	-4024.82	146.2556	0.8297947	0.3216437	5.600442
6174	-3880.185	-4025.284	145.0993	0.7724313	0.4716648	6.104039
6180	-3872.992	-4017.275	144.2823	0.6907274	0.4448122	6.617365
6186	-3876.615	-4023.094	146.4789	0.8045297	0.4448122	5.356422
6192	-3870.482	-4017.885	147.4032	1.02075	0.4989183	4.671156
6198	-3877.188	-4025.027	147.839	1.064755	0.425215	4.474145
6204	-3884.299	-4030.987	146.6874	0.7580476	0.5103111	5.205155
6210	-3877.744	-4024.987	147.2425	0.9086299	0.4735442	4.847463
6216	-3882.865	-4029.989	147.1243	0.8866922	0.5031971	4.897803
6222	-3894.52	-4042.629	148.1084	0.9514602	0.417963	4.393785
6228	-3884.551	-4029.664	145.1133	0.888832	0.4747394	6.030115
6234	-3874.154	-4020.98	146.8267	0.9047772	0.545843	5.015292
6240	-3887.821	-4034.913	147.0917	0.9399822	0.4138906	4.973669
6246	-3887.52	-4034.101	146.5802	1.059409	0.660783	4.973669
6252	-3878.768	-4023.494	144.7256	0.8888499	0.4853345	6.23137
6258	-3873.971	-4019.97	145.9996	0.8979885	0.4756388	5.539116
6264	-3880.609	-4026.906	146.298	0.9091349	0.5061743	5.340555
6270	-3884.732	-4031.206	146.4738	0.8485257	0.4392242	5.340555
6276	-3876.708	-4022.961	146.2537	0.8485257	0.4392242	5.461837
6282	-3869.01	-4014.913	145.9033	0.9454834	0.543722	5.504871
6288	-3868.263	-4013.705	145.4427	0.978643	0.3795084	5.897304
6294	-3865.303	-4012.915	147.6113	0.995129	0.3795084	4.69028
6300	-3866.795	-4013.95	147.1555	0.9146236	0.4606345	4.905088
6306	-3861.712	-4008.279	146.5667	0.8683829	0.3976077	5.321257
6312	-3866.176	-4013.079	146.9028	0.8612744	0.4915718	5.045768
6318	-3863.129	-4008.385	145.2559	0.7910343	0.4915718	5.990112
6324	-3863.573	-4010.655	147.0826	0.8652528	0.4215254	5.012271
6330	-3878.894	-4025.578	146.6839	0.9485379	0.5242075	5.089157
6336	-3875.956	-4021.45	145.4941	0.8451574	0.4137983	5.90586
6342	-3862.322	-4008.23	145.9073	0.8822039	0.4780568	5.596246
6348	-3875.98	-4021.625	145.6452	0.7365551	0.5816232	5.729544
6354	-3867.893	-4014.244	146.3508	0.8335475	0.5816232	5.288128
6360	-3880.275	-4025.729	145.4547	0.8162568	0.5305613	5.833058
6366	-3880.476	-4026.061	145.5857	0.883612	0.415448	5.833058
6372	-3870.62	-4015.051	144.4307	0.6710093	0.5358281	6.464957
6378	-3877.99	-4023.435	145.4447	0.727621	0.4051124	6.005959
6384	-3882.555	-4029.587	147.0312	0.9085886	0.4051124	5.033966
6390	-3870.997	-4017.006	146.0094	0.8967487	0.3705978	5.64171
6396	-3870.616	-4017.989	147.3727	0.9295312	0.4395744	4.796584
6402	-3885.905	-4030.386	144.4804	0.7386938	0.4591162	6.470386
6408	-3883.076	-4028.592	145.5162	0.7848284	0.4103467	5.930273
6414	-3884.529	-4029.85	145.3209	0.7660858	0.4520026	6.005434
6420	-3875.063	-4019.91	144.8469	0.7660858	0.4451386	6.270118
6426	-3869.528	-4015.423	145.8951	0.7879717	0.4727475	5.659617
6432	-3873.731	-4019.192	145.4605	0.7503348	0.4521072	5.937774
6438	-3866.793	-4012.917	146.1241	0.869583	0.3704088	5.59392
6444	-3873.203	-4019.414	146.2109	0.9654438	0.3998655	5.46149
6450	-3871.504	-4018.369	146.8653	1.01383	0.4215642	5.050399
6456	-3865.361	-4011.288	145.927	0.9554502	0.4581696	5.564087
6462	-3868.002	-4013.066	145.0641	0.8452953	0.4581696	6.096318
6468	-3870.417	-4017.236	146.8185	0.8591816	0.5887948	5.009083
6474	-3879.948	-4023.918	143.9698	0.7605781	0.4652792	6.728963
6480	-3873.21	-4018.949	145.7391	0.8239075	0.4059656	5.791642
6486	-3874.954	-4021.575	146.621	0.8239075	0.4376072	5.274491
6492	-3866.589	-4013.624	147.0351	0.9862204	0.3956167	4.998846
6498	-3859.489	-4006.739	147.25	0.9706985	0.4580322	4.823728
6504	-3863.061	-4009.155	146.0948	0.8469153	0.504892	5.487929
6510	-3861.177	-4007.137	145.9601	0.8687654	0.4853824	5.567773
6516	-3863.197	-4008.979	145.7816	0.9282003	0.3611187	5.759968
6522	-3876.139	-4023.944	147.8046	1.173827	0.5734055	4.292986
6528	-3882.808	-4030.544	147.7363	1.098907	0.4415909	4.495864
6534	-3873.391	-4021.062	147.6712	0.9949894	0.4768427	4.556144
6540	-3864.193	-4010.945	146.7526	0.8555689	0.4641625	5.158116
6546	-3862.404	-4009.598	147.1942	0.9479936	0.43774	4.887665
6552	-3865.642	-4011.76	146.118	0.8789432	0.6062305	5.371675
6558	-3866.544	-4012.694	146.1497	0.8271865	0.4719785	5.498987
6564	-3869.776	-4016.172	146.3954	0.8271865	0.4719785	5.36368
6570	-3873.748	-4021.085	147.3369	0.8271865	0.5019811	4.813545
6576	-3864.507	-4011.755	147.2477	0.8271865	0.4906117	4.873856
6582	-3866.443	-4014.137	147.6931	0.9872592	0.4906117	4.535087
6588	-3865.62	-4012.63	147.0105	0.9141455	0.4630286	4.983693
6594	-3888.126	-4035.62	147.494	0.9712717	0.5155659	4.63275
6600	-3887.127	-4033.723	146.5961	0.9712717	0.5155659	5.132948
6606	-3885.297	-4032.087	146.7896	0.9488278	0.4171683	5.132948
6612	-3883.514	-4029.282	145.7679	0.845619	0.3853095	5.785964
6618	-3889.463	-4035.002	145.5383	0.8968555	0.4723427	5.795823
6624	-3860.188	-4007.068	146.8795	0.931082	0.3714661	5.142285
6630	-3890.355	-4036.063	145.7082	1.010734	0.4791276	5.633988
6636	-3882.312	-4029.391	147.0793	1.057127	0.4799484	4.849559
6642	-3869.283	-4016.004	146.721	0.965236	0.4529445	5.125767
6648	-3867.826	-4015.253	147.4266	0.8404304	0.4290177	4.826927
6654	-3867.633	-4012.401	144.7689	0.7461092	0.561449	6.219053
6660	-3874.868	-4021.824	146.9558	0.7635649	0.5085153	5.055012
6666	-3880.6	-4025.607	145.0075	0.855302	0.4452769	6.134106
6672	-3879.725	-4026.298	146.573	0.8122626	0.4321242	5.312919
6678	-3882.019	-4027.811	145.7914	0.8707625	0.4925356	5.652716
6684	-3875.127	-4021.527	146.3999	0.8448393	0.438755	5.38377
6690	-3883.29	-4030.05	146.7595	0.7935437	0.4000447	5.253553
6696	-3882.196	-4028.239	146.0435	0.87046	0.4554396	5.549422
6702	-3876.262	-4021.115	144.8532	0.7026696	0.4526152	6.293934
6708	-3885.562	-4031.23	145.6676	0.717608	0.4416374	5.852689
6714	-3874.906	-4020.917	146.0111	0.9283048	0.484726	5.507653
6720	-3871.741	-4018.234	146.493	0.9450869	0.4120386	5.304411
6726	-3868.652	-4016.834	148.1818	1.045967	0.3867576	4.332798
6732	-3870.583	-4017.769	147.1852	0.9080517	0.4881886	4.865854
6738	-3867.783	-4014.776	146.9936	0.9750404	0.5663635	4.865854
6744	-3867.657	-4015.016	147.359	0.9203851	0.3858857	4.865854
6750	-3866.267	-4012.49	146.223	0.9310075	0.4489329	5.423729
6756	-3861.861	-4006.562	144.7011	0.8142104	0.4489329	6.319505
6762	-3893.034	-4039.476	146.4421	0.9156985	0.3852548	5.377243
6768	-3897.673	-4042.489	144.8163	0.817168	0.3858179	6.319582
6774	-3875.319	-4021.291	145.9722	0.8638384	0.5013875	5.549196
6780	-3878.304	-4023.89	145.5866	0.7574428	0.4504737	5.866554
6786	-3876.445	-4020.984	144.539	0.8337745	0.5143826	6.336516
6792	-3860.772	-4006.745	145.9733	0.8616047	0.4496279	5.598526
6798	-3867.128	-4011.5	144.3724	0.8930773	0.5522232	6.362278
6804	-3867.88	-4015.76	147.8797	1.036978	0.4684669	4.42329
6810	-3876.021	-4020.327	144.3054	0.7976241	0.3967327	6.595463
6816	-3875.307	-4020.418	145.1114	0.8466413	0.3604844	6.170998
6822	-3872.745	-4019.121	146.3763	0.8212695	0.4819133	5.368115
6828	-3866.867	-4014.498	147.631	0.9286708	0.3913943	4.703275
6834	-3877.372	-4023.571	146.1995	0.8591959	0.449948	5.475169
6840	-3867.648	-4013.721	146.0733	0.8339252	0.4492375	5.559152
6846	-3877.66	-4021.696	144.036	0.7658384	0.4261556	6.72822
6852	-3864.183	-4011.599	147.4159	1.009424	0.4880764	4.68051
6858	-3871.527	-4017.325	145.7983	0.9720539	0.6407781	5.469571
6864	-3871.854	-4018.619	146.7647	0.8810162	0.3821043	5.221697
6870	-3875.032	-4020.207	145.1746	0.8611938	0.3857989	6.100832
6876	-3872.378	-4020.574	148.1968	0.9346634	0.3633446	4.413753
6882	-3864.891	-4010.017	145.1254	0.8979285	0.4902091	6.004237
6888	-3863.273	-4008.405	145.1322	0.8153006	0.411671	6.121695
6894	-3875.247	-4021.651	146.4043	0.8341238	0.5145413	5.315764
6900	-3867.461	-4014.235	146.7739	0.9179253	0.4680817	5.108014
6906	-3869.659	-4015.004	145.3452	0.9648897	0.4833312	5.854001
6912	-3883.244	-4029.336	146.0923	0.9235767	0.4975894	5.453739
6918	-3884.012	-4029.837	145.825	0.7718054	0.4592103	5.719799
6924	-3876.599	-4023.909	147.3097	0.9180028	0.4668231	4.811223
6930	-3868.348	-4016.175	147.8269	0.9860123	0.475309	4.475097
6936	-3869.009	-4015.5	146.4909	0.9941054	0.5539788	5.145027
6942	-3872.298	-4019.798	147.4998	0.9898957	0.4065633	4.726069
6948	-3875.204	-4022.313	147.1092	1.121319	0.5455067	4.737547
6954	-3873.024	-4020.624	147.6003	0.9679582	0.5404538	4.552742
6960	-3878.559	-4024.26	145.701	0.9150998	0.4307609	5.737186
6966	-3878.228	-4024.274	146.0456	0.8087584	0.5016267	5.538872
6972	-3866.98	-4013.29	146.3097	0.8758922	0.5025355	5.355709
6978	-3862.05	-4006.404	144.3543	0.8007621	0.5718403	6.405989
6984	-3863.147	-4008.896	145.7495	0.8346587	0.4901194	5.697682
6990	-3869.053	-4015.13	146.0762	0.752028	0.47586	5.577027
6996	-3872.429	-4019.514	147.0845	1.039069	0.4539653	4.88185
7002	-3880.749	-4027.866	147.1168	0.9384957	0.5280048	4.850707
7008	-3875.936	-4024.065	148.1296	1.054851	0.5414579	4.204019
7014	-3869.351	-4017.971	148.62	1.074215	0.4930524	3.958064
7020	-3876.693	-4024.934	148.2411	0.9211689	0.454766	4.298125
7026	-3871.725	-4017.95	146.2249	0.9462068	0.6400001	5.249127
7032	-3870.926	-4018.857	147.9308	0.9166699	0.4011765	4.531304
7038	-3869.85	-4017.46	147.6101	0.913972	0.4069237	4.706464
7044	-3866.699	-4014.306	147.6068	0.9573588	0.5400464	4.555352
7050	-3889.166	-4038.29	149.1242	1.080781	0.3991626	3.761349
7056	-3883.847	-4032.097	148.2502	0.9732224	0.4115051	4.308238
7062	-3873.136	-4019.226	146.0904	0.8811065	0.4569063	5.516363
7068	-3861.961	-4008.2	146.2388	0.8811065	0.4561641	5.435463
7074	-3872.14	-4018.953	146.8128	0.9962908	0.5749848	4.947438
7080	-3870.122	-4018.26	148.1376	0.9730678	0.4120129	4.371398
7086	-3866.735	-4013.861	147.1262	0.9568575	0.4120129	4.947032
7092	-3869.101	-4014.85	145.7485	0.8991095	0.5794308	5.585501
7098	-3865.462	-4010.682	145.2201	0.8013623	0.518097	5.980256
7104	-3881.948	-4026.298	144.3494	0.6740551	0.5257765	6.515991
7110	-3872.52	-4018.37	145.8508	0.8685661	0.358163	5.758102
7116	-3881.274	-4028.035	146.7609	0.9863589	0.3284761	5.22751
7122	-3874.75	-4022.076	147.3268	0.9339297	0.4192215	4.840587
7128	-3877.88	-4024.551	146.6714	0.9339297	0.4042994	5.220098
7134	-3874.474	-4021.472	146.9984	0.8540871	0.4774258	5.009948
7140	-3870.194	-4017.398	147.2044	0.9952469	0.3688408	4.929255
7146	-3867.501	-4015.8	148.2993	0.9795748	0.4266358	4.260811
7152	-3878.91	-4024.557	145.6473	0.8848908	0.4004983	5.814244
7158	-3876.515	-4022.243	145.7274	0.8797644	0.4006589	5.773013
7164	-3882.653	-4029.458	146.8049	0.9405368	0.5179457	5.032061
7170	-3877.731	-4022.091	144.36	0.8707694	0.4019284	6.520896
7176	-3870.54	-4015.851	145.311	0.8707694	0.4498188	5.955824
7182	-3868.8	-4012.801	144.0014	0.8804092	0.4033258	6.708205
7188	-3868.099	-4012.287	144.1881	0.7592006	0.6460377	6.460694
7194	-3859.911	-4005.686	145.7744	0.8641313	0.4747739	5.682142
7200	-3868.101	-4015.049	146.948	0.7948168	0.4481987	5.099104
7206	-3875.94	-4021.459	145.5191	0.7948168	0.3784994	5.957105
7212	-3874.231	-4020.935	146.7034	0.7948168	0.4248193	5.258
7218	-3878.589	-4023.496	144.9074	0.935304	0.4272627	6.162883
7224	-3873.394	-4019.43	146.0364	0.8451071	0.3699541	5.655955
7230	-3874.653	-4022.343	147.6894	1.032324	0.4844025	4.517712
7236	-3873.174	-4021.102	147.9279	1.039417	0.3992333	4.465977
7242	-3869.502	-4016.461	146.959	0.8422832	0.4488106	5.066057
7248	-3874.761	-4020.537	145.7756	0.9788678	0.5925774	5.516112
7254	-3873.447	-4017.513	144.0652	0.7170624	0.4089654	6.756149
7260	-3862.166	-4008.967	146.801	0.7987766	0.5016719	5.127557
7266	-3862.563	-4009.399	146.8358	0.8554632	0.5232408	5.05742
7272	-3870.418	-4017.181	146.7633	0.8830767	0.5518001	5.05742
7278	-3864.805	-4011.31	146.5051	0.8805789	0.4333955	5.311423
7284	-3869.096	-4013.805	144.7093	0.8219362	0.5167495	6.248405
7290	-3875.506	-4019.96	144.4539	0.7741619	0.5242923	6.40641
7296	-3866.799	-4011.872	145.0729	0.8320784	0.5242923	6.038362
7302	-3862.635	-4008.402	145.7675	0.8038738	0.5608918	5.642672
7308	-3862.959	-4008.392	145.4331	0.8715344	0.4407681	5.897603
7314	-3867.797	-4014.771	146.9742	0.9054262	0.3685799	5.107278
7320	-3873.953	-4021.332	147.379	0.9516251	0.4546006	4.765693
7326	-3865.763	-4012.352	146.5891	0.9498314	0.5761527	5.096462
7332	-3862.602	-4008.27	145.6676	0.8485892	0.5035796	5.722706
7338	-3857.22	-4003.607	146.3871	0.9312061	0.4452851	5.336757
7344	-3855.697	-4003	147.3028	0.9471898	0.4864325	4.780097
7350	-3861.069	-4008.57	147.5012	0.9564348	0.4106532	4.739659
7356	-3862.396	-4008.691	146.2945	0.9879421	0.4660676	5.336321
7362	-3863.786	-4011.849	148.0639	1.01211	0.4203688	4.382083
7368	-3860.238	-4006.898	146.66	0.847123	0.4690159	5.20936
7374	-3865.853	-4012.289	146.4356	0.8957297	0.4690159	5.306499
7380	-3874.669	-4021.104	146.4351	0.8962551	0.4690159	5.306499
7386	-3874.607	-4020.764	146.1563	0.8323817	0.5229675	5.445911
7392	-3869.515	-4016.082	146.5667	0.902939	0.5277738	5.176187
7398	-3870.148	-4014.954	144.8062	0.8881265	0.4774145	6.195208
7404	-3876.467	-4022.145	145.6783	0.8962336	0.5351297	5.662857
7410	-3880.116	-4026.301	146.1851	0.9636865	0.5452574	5.338324
7416	-3876.526	-4023.342	146.8165	0.8428537	0.4362319	5.15726
7422	-3872.307	-4019.733	147.4264	0.941836	0.4928717	4.707968
7428	-3866.103	-4010.453	144.3499	0.7744849	0.4094345	6.570774
7434	-3878.523	-4023.324	144.801	0.7866128	0.426984	6.301855
7440	-3870.642	-4017.384	146.7417	0.8441023	0.5409399	5.100356
7446	-3869.395	-4015.83	146.4353	0.8644009	0.4389707	5.353277
7452	-3866.671	-4013.284	146.6126	0.9385585	0.4352918	5.218077
7458	-3869.714	-4015.486	145.7716	0.8496034	0.432649	5.732467
7464	-3872.442	-4019.969	147.5263	0.9506499	0.5192677	4.622817
7470	-3877.13	-4021.758	144.6283	0.7579571	0.4118263	6.42647
7476	-3869.071	-4014.593	145.5218	0.9460153	0.4545056	5.794993
7482	-3868.114	-4014.987	146.8727	0.9532648	0.5675405	4.94429
7488	-3868.09	-4014.659	146.5697	0.9017732	0.5218489	5.180461
7494	-3867.39	-4014.739	147.3491	0.8502351	0.4390848	4.854456
7500	-3872.788	-4021.781	148.9927	1.217582	0.5891008	3.573722
7506	-3869.553	-4018.059	148.5059	1.038422	0.5307785	4.008682
7512	-3875.75	-4021.562	145.8115	0.8698078	0.3908944	5.742789
7518	-3871.188	-4016.646	145.4583	0.711649	0.4367212	5.975128
7524	-3873.907	-4019.223	145.3162	0.7532323	0.4945253	5.975128
7530	-3874.334	-4020.705	146.3716	0.8703606	0.4613456	5.363194
7536	-3874.273	-4021.295	147.0219	0.8618171	0.5079227	4.96428
7542	-3873.4	-4021.186	147.7859	1.009779	0.5185579	4.44437
7548	-3875.369	-4023.418	148.049	1.092206	0.5077529	4.259087
7554	-3873.514	-4021.801	148.2876	0.9188148	0.4792463	4.249052
7560	-3875.757	-4023.501	147.744	1.009145	0.5573021	4.43403
7566	-3884.878	-4030.983	146.1048	0.8658123	0.37514	5.601325
7572	-3875.223	-4022.584	147.3611	0.9269201	0.5825116	4.673931
7578	-3879.545	-4024.905	145.3596	0.8444247	0.5482843	5.85449
7584	-3877.32	-4022.734	145.414	0.7861408	0.4845342	5.912941
7590	-3867.955	-4013.169	145.2139	0.8239275	0.422124	6.061825
7596	-3869.125	-4013.758	144.6329	0.7105852	0.422124	6.43915
7602	-3869.929	-4014.268	144.3394	0.7766034	0.3975413	6.587635
7608	-3878.287	-4022.538	144.2509	0.706532	0.453286	6.617625
7614	-3878.067	-4023.674	145.607	0.7393555	0.5791559	5.750917
7620	-3883.536	-4028.106	144.5702	0.8530908	0.4052217	6.413145
7626	-3882.52	-4029.381	146.8611	0.9006338	0.4973966	5.041674
7632	-3880.475	-4027.752	147.2774	1.027683	0.453352	4.78124
7638	-3877.502	-4024.553	147.0504	0.992524	0.3919942	4.990772
7644	-3867.584	-4013.661	146.0771	0.9345013	0.4648001	5.486744
7650	-3872.445	-4020.348	147.9028	0.9188873	0.3780152	4.571299
7656	-3878.549	-4025.761	147.2126	0.8448082	0.4990503	4.875734
7662	-3871.544	-4017.721	146.1766	0.8944501	0.4790853	5.440453
7668	-3869.21	-4016.501	147.2916	0.969043	0.3416253	4.926914
7674	-3874.103	-4021.598	147.4956	0.9794265	0.4706059	4.669328
7680	-3867.42	-4014.779	147.3592	0.9269947	0.5893128	4.669328
7686	-3870.727	-4018.335	147.6083	0.9804738	0.4292919	4.646817
7692	-3867.483	-4014.925	147.4421	1.049824	0.414821	4.716083
7698	-3867.355	-4013.993	146.6381	0.9226719	0.4501349	5.198031
7704	-3870.901	-4016.332	145.4311	0.722205	0.3721772	6.0516
7710	-3862.041	-4008.445	146.4041	0.9132026	0.3721772	5.413931
7716	-3861.957	-4008.446	146.4891	0.8938293	0.3406791	5.413931
7722	-3874.026	-4021.622	147.5964	0.9691964	0.4890992	4.600956
7728	-3870.089	-4018.205	148.1158	1.072897	0.4953088	4.243815
7734	-3871.952	-4020.194	148.2421	0.9163307	0.4560627	4.299016
7740	-3883.232	-4029.431	146.1992	1.062105	0.6176748	5.216661
7746	-3879.105	-4025.759	146.6545	0.904911	0.4321682	5.216661
7752	-3870.382	-4017.11	146.7279	0.8751296	0.5238524	5.105782
7758	-3881.841	-4029.509	147.6682	1.050202	0.434948	4.568315
7764	-3874.777	-4021.418	146.6413	0.9562392	0.4022331	5.226633
7770	-3876.574	-4025.08	148.5058	0.9327707	0.4361675	4.160325
7776	-3875.714	-4023.25	147.5362	0.9004958	0.4361675	4.72491
7782	-3868.923	-4016.173	147.2499	0.9368308	0.4341269	4.866494
7788	-3870.812	-4017.719	146.9077	0.9577634	0.4341269	5.045139
7794	-3874.388	-4020.989	146.6009	0.9454444	0.4586286	5.197703
7800	-3865.93	-4011.364	145.434	0.9454444	0.5354721	5.769491
7806	-3866.804	-4013.02	146.216	0.9230549	0.5878627	5.30807
7812	-3856.997	-4003.082	146.0853	0.9435048	0.5878627	5.368864
7818	-3868.447	-4013.982	145.5357	0.8267015	0.5338988	5.780142
7824	-3868.982	-4014.065	145.0823	0.8311234	0.3660977	6.188968
7830	-3865.722	-4010.691	144.9696	0.6781534	0.3834955	6.314335
7836	-3861.626	-4007.217	145.591	0.8276537	0.4252276	5.850782
7842	-3867.533	-4013.614	146.081	0.8720146	0.4851876	5.499714
7848	-3868.093	-4014.4	146.3075	0.7915092	0.4484492	5.454465
7854	-3869.915	-4015.941	146.0256	0.8843638	0.4599269	5.547282
7860	-3870.698	-4017.125	146.4263	0.7520409	0.3772211	5.484868
7866	-3867.647	-4011.374	143.7277	0.7291511	0.5000286	6.844795
7872	-3863.373	-4009.977	146.604	0.8126164	0.5235631	5.209273
7878	-3866.406	-4011.181	144.775	0.7871267	0.5005005	6.246017
7884	-3865.758	-4010.913	145.1557	0.7902107	0.5665543	5.98014
7890	-3870.912	-4016.764	145.8519	0.8214354	0.4118997	5.72504
7896	-3871.301	-4017.152	145.8507	0.9071226	0.3347191	5.764287
7902	-3871.917	-4016.815	144.8974	0.7848831	0.5016915	6.179586
7908	-3868.994	-4015.705	146.7115	0.7914252	0.3944768	5.287156
7914	-3871.311	-4016.86	145.5492	0.9416518	0.4557913	5.78111
7920	-3874.102	-4019.43	145.3281	0.9565027	0.4958152	5.856476
7926	-3875.153	-4021.451	146.2981	0.936268	0.4922204	5.338251
7932	-3865.064	-4011.859	146.7955	0.9466608	0.4250823	5.122728
7938	-3873.626	-4019.945	146.3191	0.9003877	0.4250823	5.411486
7944	-3884.067	-4029.925	145.8579	0.8377831	0.4188979	5.705621
7950	-3874.883	-4021.673	146.7898	0.8997922	0.504901	5.074833
7956	-3869.881	-4014.183	144.3025	0.8966833	0.4953677	6.447645
7962	-3879.225	-4022.224	142.9986	0.7798343	0.435628	7.269945
7968	-3865.923	-4011.345	145.4216	0.9541783	0.4303837	5.869072
7974	-3865.298	-4012.353	147.0552	0.9052404	0.3939107	5.03449
7980	-3872.297	-4019.512	147.2149	1.038704	0.574433	4.6999
7986	-3866.44	-4014.551	148.1108	1.101383	0.5669223	4.16599
7992	-3878.282	-4025.938	147.6556	1.125318	0.4397853	4.528254
7998	-3877.378	-4025.668	148.2894	1.125318	0.5054145	4.105906
8004	-3871.705	-4018.573	146.8684	0.8878613	0.4929738	5.04878
8010	-3878.444	-4026.393	147.9492	1.018688	0.5069524	4.357835
8016	-3865.217	-4010.552	145.3342	0.8822691	0.5207206	5.871459
8022	-3870.663	-4017.068	146.4051	0.899262	0.4989172	5.293449
8028	-3877.434	-4022.814	145.3801	0.8049047	0.4156931	5.988091
8034	-3887.5	-4032.96	145.4603	0.7693644	0.4594411	5.920435
8040	-3888.995	-4034.848	145.8532	0.7947634	0.4582638	5.692677
8046	-3877.111	-4022.805	145.694	0.8174027	0.3698755	5.858728
8052	-3863.878	-4008.967	145.089	0.8154353	0.4132655	6.143479
8058	-3863.262	-4009.432	146.1696	0.882936	0.4201251	5.508438
8064	-3868.613	-4014.72	146.1073	0.953945	0.4154819	5.508438
8070	-3877.902	-4022.943	145.0405	0.784354	0.36397	6.239501
8076	-3862.095	-4007.492	145.3972	0.7339902	0.3830801	6.051755
8082	-3867.051	-4013.237	146.1867	0.8827967	0.3834734	5.537852
8088	-3861.755	-4007.398	145.6432	0.8324451	0.4212866	5.823614
8094	-3860.314	-4007.839	147.5245	0.9570944	0.4631343	4.672927
8100	-3862.977	-4008.368	145.3911	0.8206452	0.3223038	6.077387
8106	-3866.946	-4014.108	147.1622	0.9305095	0.3696227	4.98783
8112	-3862.887	-4008.595	145.7086	0.8580537	0.3621327	5.83718
8118	-3867.454	-4012.317	144.8632	0.8374224	0.4726876	6.196221
8124	-3868.803	-4015.548	146.7441	0.8610455	0.453903	5.169747
8130	-3883.561	-4028.705	145.1441	0.9089913	0.5247117	5.957198
8136	-3874.198	-4018.957	144.7586	0.829313	0.4404524	6.288317
8142	-3882.366	-4027.148	144.7822	0.8056864	0.4404524	6.288317
8148	-3875.398	-4021.494	146.096	0.9097961	0.3569489	5.602445
8154	-3877.043	-4024.262	147.2194	0.9117552	0.4829047	4.849727
8160	-3867.874	-4015.687	147.8132	0.9988002	0.4338137	4.516862
8166	-3873.509	-4020.675	147.1661	1.016866	0.4679235	4.835128
8172	-3874.4	-4019.596	145.1962	0.8130217	0.5212956	5.984126
8178	-3871.903	-4017.988	146.0849	0.8130217	0.4076293	5.606338
8184	-3879.869	-4027.637	147.7679	0.9324781	0.5536369	4.466902
8190	-3876.511	-4024.47	147.9588	1.060124	0.4373782	4.396699
8196	-3878.369	-4026.439	148.0703	0.9984257	0.4373782	4.368573
8202	-3887.671	-4035.339	147.6676	1.133013	0.6283058	4.348447
8208	-3875.278	-4023.389	148.1111	1.147869	0.5248699	4.176549
8214	-3868.707	-4015.743	147.0361	0.9723645	0.5263013	4.878348
8220	-3879.03	-4026.446	147.4153	1.073806	0.3818279	4.753289
8226	-3876.148	-4022.952	146.8032	0.936843	0.4709319	5.078548
8232	-3878.026	-4023.676	145.6499	0.8229533	0.5543838	5.702195
8238	-3873.178	-4018.643	145.4652	0.7064229	0.4623582	5.949333
8244	-3891.465	-4038.875	147.4105	0.9973405	0.3304011	4.858513
8250	-3881.561	-4028.818	147.257	0.9048549	0.5324271	4.78738
8256	-3876.712	-4023.374	146.6625	0.8752098	0.520039	5.145365
8262	-3877.619	-4025.064	147.4453	0.9955879	0.4464982	4.712117
8268	-3882.001	-4028.139	146.1371	0.8370266	0.4570261	5.514804
8274	-3882.062	-4029.458	147.3961	1.014994	0.4062447	4.770313
8280	-3871.154	-4016.978	145.8237	0.9216385	0.4665284	5.631349
8286	-3880.128	-4027.164	147.0357	0.9797345	0.422739	4.973469
8292	-3873.382	-4021.012	147.6293	1.098038	0.4429809	4.555109
8298	-3869.809	-4016.134	146.3256	0.8031406	0.4800461	5.407815
8304	-3875.109	-4021.1	145.9907	0.867272	0.6585914	5.407815
8310	-3869.674	-4015.031	145.3568	0.9614683	0.6075339	5.743555
8316	-3863.134	-4010.013	146.8792	0.9500831	0.5878187	4.925593
8322	-3885.249	-4031.711	146.4626	0.913076	0.5377018	5.219523
8328	-3883.248	-4029.321	146.0726	0.9483811	0.5475111	5.406804
8334	-3869.251	-4015.509	146.2576	0.8945621	0.4642661	5.409861
8340	-3874.073	-4021.23	147.157	0.909003	0.5277524	4.844988
8346	-3875.441	-4022.713	147.2725	0.7934653	0.5277524	4.844988
8352	-3874.723	-4021.995	147.2725	0.7934653	0.5277524	4.844988
8358	-3873.06	-4020.333	147.2725	0.7934653	0.5277524	4.844988
8364	-3875.53	-4022.803	147.2725	0.7934653	0.5277524	4.844988
8370	-3878.224	-4026.609	148.3855	0.9362046	0.5105624	4.154048
8376	-3867.011	-4013.215	146.2039	0.9377126	0.4595072	5.420276
8382	-3877.94	-4023.248	145.3083	0.8008464	0.4350565	6.009977
8388	-3880.424	-4026.379	145.9549	0.7993484	0.4433556	5.648941
8394	-3881.568	-4025.288	143.7194	0.8106397	0.3716845	6.931627
8400	-3882.521	-4027.719	145.1973	0.8106397	0.3117545	6.201229
8406	-3875.838	-4020.754	144.9156	0.8106397	0.5147144	6.144086
8412	-3867.346	-4013.086	145.7401	0.8934009	0.4253761	5.733088
8418	-3870.088	-4017.341	147.2529	0.9836304	0.4502427	4.822576
8424	-3874.046	-4021.553	147.5071	0.9547448	0.6088961	4.554806
8430	-3867.858	-4014.15	146.2914	0.8530411	0.383419	5.496693
8436	-3870.082	-4015.247	145.1649	0.8026176	0.4750673	6.048688
8442	-3871.306	-4016.602	145.2963	0.7719028	0.4187247	6.048688
8448	-3872.354	-4017.745	145.3918	0.8143327	0.5089891	5.887464
8454	-3865.862	-4011.504	145.6418	0.8410668	0.380589	5.862521
8460	-3869.767	-4014.639	144.8725	0.6996503	0.380589	6.358468
8466	-3873.086	-4019.104	146.0178	0.7806471	0.4384248	5.629577
8472	-3871.294	-4017.818	146.5247	0.9542647	0.4384248	5.254885
8478	-3862.408	-4008.541	146.1331	0.8865499	0.4384248	5.508064
8484	-3868.023	-4014.21	146.1868	0.8865499	0.3941546	5.524229
8490	-3865.47	-4011.072	145.6014	0.7726752	0.4101663	5.890567
8496	-3868.159	-4012.406	144.2467	0.7975549	0.5025359	6.525116
8502	-3883.856	-4028.977	145.1204	0.7707902	0.5927616	5.988701
8508	-3881.844	-4027.075	145.2307	0.9464534	0.4325717	5.975321
8514	-3879.884	-4024.606	144.7222	0.6902204	0.6021152	6.242002
8520	-3876.166	-4021.478	145.3122	0.8287556	0.4857331	5.944174
8526	-3876.11	-4023.23	147.1203	0.8151275	0.4637703	4.976959
8532	-3875.989	-4023.228	147.2393	0.9097944	0.4166453	4.90548
8538	-3870.196	-4015.977	145.7809	0.9097944	0.4365681	5.690525
8544	-3888.037	-4032.818	144.7803	0.902177	0.4228222	6.254502
8550	-3891.889	-4036.793	144.9039	1.011848	0.3548919	6.200313
8556	-3889.812	-4034.386	144.5743	0.8571493	0.3480033	6.471033
8562	-3886.97	-4032.489	145.5188	0.8349654	0.5583231	5.764092
8568	-3896.693	-4041.254	144.5606	0.77664	0.4204461	6.444262
8574	-3886.154	-4029.989	143.8347	0.7067332	0.48954	6.808635
8580	-3884.02	-4027.497	143.4768	0.7029694	0.3805794	7.110581
8586	-3869.364	-4015.576	146.2122	0.8518439	0.4915557	5.432759
8592	-3868.537	-4012.76	144.2231	0.736736	0.4405088	6.628643
8598	-3866.779	-4012.248	145.469	0.7917159	0.4060322	5.956776
8604	-3868.524	-4013.883	145.3586	0.8843081	0.4154514	5.956776
8610	-3868.868	-4015.841	146.9724	0.8845154	0.4762458	5.008635
8616	-3869.383	-4016.44	147.0576	0.9242154	0.4594285	4.955377
8622	-3859.486	-4006.578	147.0924	0.9186075	0.4430166	4.955377
8628	-3865.441	-4010.42	144.9789	0.8808352	0.4081522	6.173096
8634	-3863.394	-4008.696	145.3022	0.7661609	0.4076997	6.059964
8640	-3856.911	-4003.264	146.3528	0.7943972	0.401676	5.475601
8646	-3862.136	-4008.13	145.9937	0.9124133	0.3851335	5.625795
8652	-3862.374	-4010.209	147.8349	0.9785765	0.477368	4.472795
8658	-3858.476	-4004.756	146.2796	0.8281429	0.530512	5.373716
8664	-3862.798	-4009.113	146.3151	0.8797411	0.4775594	5.373716
8670	-3856.761	-4003.523	146.7621	0.9685383	0.3314474	5.233086
8676	-3861.542	-4007.424	145.8817	0.9281124	0.3156762	5.758862
8682	-3866.638	-4012.538	145.9006	0.9281124	0.5598769	5.502205
8688	-3863.411	-4008.656	145.2456	0.8869631	0.4791676	5.954838
8694	-3870.088	-4015.828	145.7396	0.8869631	0.4683258	5.694793
8700	-3891.659	-4037.117	145.4581	0.9555803	0.5893577	5.705761
